#
# There is insufficient memory for the Java Runtime Environment to continue.
# Native memory allocation (malloc) failed to allocate 32744 bytes for ChunkPool::allocate
# Possible reasons:
#   The system is out of physical RAM or swap space
#   The process is running with CompressedOops enabled, and the Java Heap may be blocking the growth of the native heap
# Possible solutions:
#   Reduce memory load on the system
#   Increase physical memory or swap space
#   Check if swap backing store is full
#   Decrease Java heap size (-Xmx/-Xms)
#   Decrease number of Java threads
#   Decrease Java thread stack sizes (-Xss)
#   Set larger code cache with -XX:ReservedCodeCacheSize=
#   JVM is running with Unscaled Compressed Oops mode in which the Java heap is
#     placed in the first 4GB address space. The Java Heap base address is the
#     maximum limit for the native heap growth. Please use -XX:HeapBaseMinAddress
#     to set the Java Heap base and to place the Java Heap above 4GB virtual address.
# This output file may be truncated or incomplete.
#
#  Out of Memory Error (t:/workspace/open/src/hotspot/share/memory/arena.cpp:79), pid=11852, tid=11732
#
# JRE version: Java(TM) SE Runtime Environment (14.0+36) (build 14+36-1461)
# Java VM: Java HotSpot(TM) 64-Bit Server VM (14+36-1461, mixed mode, sharing, tiered, compressed oops, g1 gc, windows-amd64)
# No core dump will be written. Minidumps are not enabled by default on client versions of Windows
#

---------------  S U M M A R Y ------------

Command Line: -Dclassworlds.conf=C:\Program Files\NetBeans-11.3\netbeans\java\maven\bin\m2.conf -Dmaven.home=C:\Program Files\NetBeans-11.3\netbeans\java\maven -Dmaven.multiModuleProjectDirectory=D:\Java\n32m\Springboot-microservices\currency-converter-service org.codehaus.plexus.classworlds.launcher.Launcher -Dspring-boot.run.jvmArguments=-noverify -XX:TieredStopAtLevel=1 -Dspring-boot.run.mainClass=com.microservices.currency.conversion.service.Currency-conversion-serviceApplication -Dmaven.ext.class.path=C:\Program Files\NetBeans-11.3\netbeans\java\maven-nblib\netbeans-eventspy.jar -Dfile.encoding=UTF-8 spring-boot:run

Host: Intel(R) Pentium(R) CPU  N3540  @ 2.16GHz, 4 cores, 7G,  Windows 8.1 , 64 bit Build 9600 (6.3.9600.17415)
Time: Mon Apr  4 12:14:38 2022 FLE Daylight Time elapsed time: 6 seconds (0d 0h 0m 6s)

---------------  T H R E A D  ---------------

Current thread (0x0000005bbe03f000):  JavaThread "C2 CompilerThread1" daemon [_thread_in_native, id=11732, stack(0x0000005bbf3c0000,0x0000005bbf4c0000)]


Current CompileTask:
C2:   6796 2032       4       java.util.HashMap::putVal (300 bytes)

Stack: [0x0000005bbf3c0000,0x0000005bbf4c0000]
Native frames: (J=compiled Java code, j=interpreted, Vv=VM code, C=native code)
V  [jvm.dll+0x5f83ea]
V  [jvm.dll+0x741e2a]
V  [jvm.dll+0x7435df]
V  [jvm.dll+0x743c23]
V  [jvm.dll+0x20d268]
V  [jvm.dll+0xabea6]
V  [jvm.dll+0xac1fc]
V  [jvm.dll+0x10642c]
V  [jvm.dll+0x105412]
V  [jvm.dll+0x5fd509]
V  [jvm.dll+0x1e612a]
V  [jvm.dll+0x1e5098]
V  [jvm.dll+0x1779cc]
V  [jvm.dll+0x1f40e5]
V  [jvm.dll+0x1f22cb]
V  [jvm.dll+0x706a7d]
V  [jvm.dll+0x6ff89a]
V  [jvm.dll+0x5f72a6]
C  [ucrtbase.DLL+0x203ba]
C  [KERNEL32.DLL+0x13d2]
C  [ntdll.dll+0x154e4]


---------------  P R O C E S S  ---------------

Threads class SMR info:
_java_thread_list=0x0000005bbdb5a060, length=12, elements={
0x0000005b9d018800, 0x0000005bbbade800, 0x0000005bbbadf800, 0x0000005bbbafa800,
0x0000005bbbafb800, 0x0000005bbbafc800, 0x0000005bbbafd800, 0x0000005bbbafe800,
0x0000005bbce00800, 0x0000005bbcf3b800, 0x0000005bbcf39000, 0x0000005bbe03f000
}

Java Threads: ( => current thread )
  0x0000005b9d018800 JavaThread "main" [_thread_in_Java, id=10056, stack(0x0000005b9c6c0000,0x0000005b9c7c0000)]
  0x0000005bbbade800 JavaThread "Reference Handler" daemon [_thread_blocked, id=2444, stack(0x0000005bbc610000,0x0000005bbc710000)]
  0x0000005bbbadf800 JavaThread "Finalizer" daemon [_thread_blocked, id=2272, stack(0x0000005bbc710000,0x0000005bbc810000)]
  0x0000005bbbafa800 JavaThread "Signal Dispatcher" daemon [_thread_blocked, id=8956, stack(0x0000005bbc8f0000,0x0000005bbc9f0000)]
  0x0000005bbbafb800 JavaThread "Attach Listener" daemon [_thread_blocked, id=5520, stack(0x0000005bbc9f0000,0x0000005bbcaf0000)]
  0x0000005bbbafc800 JavaThread "Service Thread" daemon [_thread_blocked, id=10256, stack(0x0000005bbcaf0000,0x0000005bbcbf0000)]
  0x0000005bbbafd800 JavaThread "C2 CompilerThread0" daemon [_thread_blocked, id=10952, stack(0x0000005bbcbf0000,0x0000005bbccf0000)]
  0x0000005bbbafe800 JavaThread "C1 CompilerThread0" daemon [_thread_blocked, id=10332, stack(0x0000005bbccf0000,0x0000005bbcdf0000)]
  0x0000005bbce00800 JavaThread "Sweeper thread" daemon [_thread_blocked, id=3276, stack(0x0000005bbd1f0000,0x0000005bbd2f0000)]
  0x0000005bbcf3b800 JavaThread "Notification Thread" daemon [_thread_blocked, id=3864, stack(0x0000005bbd2f0000,0x0000005bbd3f0000)]
  0x0000005bbcf39000 JavaThread "Common-Cleaner" daemon [_thread_blocked, id=1156, stack(0x0000005bbd4f0000,0x0000005bbd5f0000)]
=>0x0000005bbe03f000 JavaThread "C2 CompilerThread1" daemon [_thread_in_native, id=11732, stack(0x0000005bbf3c0000,0x0000005bbf4c0000)]

Other Threads:
  0x0000005bbbade000 VMThread "VM Thread" [stack: 0x0000005bbc510000,0x0000005bbc610000] [id=13192]
  0x0000005bbcf49000 WatcherThread [stack: 0x0000005bbd3f0000,0x0000005bbd4f0000] [id=7084]
  0x0000005b9d055000 GCTaskThread "GC Thread#0" [stack: 0x0000005b9ce30000,0x0000005b9cf30000] [id=1124]
  0x0000005bbda39800 GCTaskThread "GC Thread#1" [stack: 0x0000005bbedc0000,0x0000005bbeec0000] [id=10996]
  0x0000005bbd8a3800 GCTaskThread "GC Thread#2" [stack: 0x0000005bbeec0000,0x0000005bbefc0000] [id=9404]
  0x0000005b9d066800 ConcurrentGCThread "G1 Main Marker" [stack: 0x0000005bb92d0000,0x0000005bb93d0000] [id=5844]
  0x0000005b9d068800 ConcurrentGCThread "G1 Conc#0" [stack: 0x0000005bb93d0000,0x0000005bb94d0000] [id=4580]
  0x0000005b9d0be800 ConcurrentGCThread "G1 Refine#0" [stack: 0x0000005bbbb10000,0x0000005bbbc10000] [id=12076]
  0x0000005bbb952000 ConcurrentGCThread "G1 Young RemSet Sampling" [stack: 0x0000005bbbc10000,0x0000005bbbd10000] [id=13100]

Threads with active compile tasks:
C2 CompilerThread1     6875 2032       4       java.util.HashMap::putVal (300 bytes)

VM state:not at safepoint (normal execution)

VM Mutex/Monitor currently owned by a thread: None

Heap address: 0x0000000081a00000, size: 2022 MB, Compressed Oops mode: 32-bit
Narrow klass base: 0x0000000800000000, Narrow klass shift: 3
Compressed class space size: 1073741824 Address: 0x0000000800b30000

Heap:
 garbage-first heap   total 131072K, used 42593K [0x0000000081a00000, 0x0000000100000000)
  region size 1024K, 40 young (40960K), 1 survivors (1024K)
 Metaspace       used 11864K, capacity 13746K, committed 14080K, reserved 1060864K
  class space    used 1453K, capacity 1693K, committed 1792K, reserved 1048576K
Heap Regions: E=young(eden), S=young(survivor), O=old, HS=humongous(starts), HC=humongous(continues), CS=collection set, F=free, OA=open archive, CA=closed archive, TAMS=top-at-mark-start (previous, next)
|   0|0x0000000081a00000, 0x0000000081b00000, 0x0000000081b00000|100%| O|  |TAMS 0x0000000081a00000, 0x0000000081a00000| Untracked 
|   1|0x0000000081b00000, 0x0000000081c00000, 0x0000000081c00000|100%| O|  |TAMS 0x0000000081b00000, 0x0000000081b00000| Untracked 
|   2|0x0000000081c00000, 0x0000000081cfee00, 0x0000000081d00000| 99%| O|  |TAMS 0x0000000081c00000, 0x0000000081c00000| Untracked 
|   3|0x0000000081d00000, 0x0000000081d00000, 0x0000000081e00000|  0%| F|  |TAMS 0x0000000081d00000, 0x0000000081d00000| Untracked 
|   4|0x0000000081e00000, 0x0000000081e00000, 0x0000000081f00000|  0%| F|  |TAMS 0x0000000081e00000, 0x0000000081e00000| Untracked 
|   5|0x0000000081f00000, 0x0000000081f00000, 0x0000000082000000|  0%| F|  |TAMS 0x0000000081f00000, 0x0000000081f00000| Untracked 
|   6|0x0000000082000000, 0x0000000082000000, 0x0000000082100000|  0%| F|  |TAMS 0x0000000082000000, 0x0000000082000000| Untracked 
|   7|0x0000000082100000, 0x0000000082100000, 0x0000000082200000|  0%| F|  |TAMS 0x0000000082100000, 0x0000000082100000| Untracked 
|   8|0x0000000082200000, 0x0000000082200000, 0x0000000082300000|  0%| F|  |TAMS 0x0000000082200000, 0x0000000082200000| Untracked 
|   9|0x0000000082300000, 0x0000000082300000, 0x0000000082400000|  0%| F|  |TAMS 0x0000000082300000, 0x0000000082300000| Untracked 
|  10|0x0000000082400000, 0x0000000082400000, 0x0000000082500000|  0%| F|  |TAMS 0x0000000082400000, 0x0000000082400000| Untracked 
|  11|0x0000000082500000, 0x0000000082500000, 0x0000000082600000|  0%| F|  |TAMS 0x0000000082500000, 0x0000000082500000| Untracked 
|  12|0x0000000082600000, 0x0000000082600000, 0x0000000082700000|  0%| F|  |TAMS 0x0000000082600000, 0x0000000082600000| Untracked 
|  13|0x0000000082700000, 0x0000000082700000, 0x0000000082800000|  0%| F|  |TAMS 0x0000000082700000, 0x0000000082700000| Untracked 
|  14|0x0000000082800000, 0x0000000082800000, 0x0000000082900000|  0%| F|  |TAMS 0x0000000082800000, 0x0000000082800000| Untracked 
|  15|0x0000000082900000, 0x0000000082900000, 0x0000000082a00000|  0%| F|  |TAMS 0x0000000082900000, 0x0000000082900000| Untracked 
|  16|0x0000000082a00000, 0x0000000082a00000, 0x0000000082b00000|  0%| F|  |TAMS 0x0000000082a00000, 0x0000000082a00000| Untracked 
|  17|0x0000000082b00000, 0x0000000082b00000, 0x0000000082c00000|  0%| F|  |TAMS 0x0000000082b00000, 0x0000000082b00000| Untracked 
|  18|0x0000000082c00000, 0x0000000082c00000, 0x0000000082d00000|  0%| F|  |TAMS 0x0000000082c00000, 0x0000000082c00000| Untracked 
|  19|0x0000000082d00000, 0x0000000082d00000, 0x0000000082e00000|  0%| F|  |TAMS 0x0000000082d00000, 0x0000000082d00000| Untracked 
|  20|0x0000000082e00000, 0x0000000082e00000, 0x0000000082f00000|  0%| F|  |TAMS 0x0000000082e00000, 0x0000000082e00000| Untracked 
|  21|0x0000000082f00000, 0x0000000082f00000, 0x0000000083000000|  0%| F|  |TAMS 0x0000000082f00000, 0x0000000082f00000| Untracked 
|  22|0x0000000083000000, 0x0000000083000000, 0x0000000083100000|  0%| F|  |TAMS 0x0000000083000000, 0x0000000083000000| Untracked 
|  23|0x0000000083100000, 0x0000000083100000, 0x0000000083200000|  0%| F|  |TAMS 0x0000000083100000, 0x0000000083100000| Untracked 
|  24|0x0000000083200000, 0x0000000083200000, 0x0000000083300000|  0%| F|  |TAMS 0x0000000083200000, 0x0000000083200000| Untracked 
|  25|0x0000000083300000, 0x0000000083300000, 0x0000000083400000|  0%| F|  |TAMS 0x0000000083300000, 0x0000000083300000| Untracked 
|  26|0x0000000083400000, 0x0000000083400000, 0x0000000083500000|  0%| F|  |TAMS 0x0000000083400000, 0x0000000083400000| Untracked 
|  27|0x0000000083500000, 0x0000000083500000, 0x0000000083600000|  0%| F|  |TAMS 0x0000000083500000, 0x0000000083500000| Untracked 
|  28|0x0000000083600000, 0x0000000083600000, 0x0000000083700000|  0%| F|  |TAMS 0x0000000083600000, 0x0000000083600000| Untracked 
|  29|0x0000000083700000, 0x0000000083700000, 0x0000000083800000|  0%| F|  |TAMS 0x0000000083700000, 0x0000000083700000| Untracked 
|  30|0x0000000083800000, 0x0000000083800000, 0x0000000083900000|  0%| F|  |TAMS 0x0000000083800000, 0x0000000083800000| Untracked 
|  31|0x0000000083900000, 0x0000000083900000, 0x0000000083a00000|  0%| F|  |TAMS 0x0000000083900000, 0x0000000083900000| Untracked 
|  32|0x0000000083a00000, 0x0000000083a00000, 0x0000000083b00000|  0%| F|  |TAMS 0x0000000083a00000, 0x0000000083a00000| Untracked 
|  33|0x0000000083b00000, 0x0000000083b00000, 0x0000000083c00000|  0%| F|  |TAMS 0x0000000083b00000, 0x0000000083b00000| Untracked 
|  34|0x0000000083c00000, 0x0000000083c00000, 0x0000000083d00000|  0%| F|  |TAMS 0x0000000083c00000, 0x0000000083c00000| Untracked 
|  35|0x0000000083d00000, 0x0000000083d00000, 0x0000000083e00000|  0%| F|  |TAMS 0x0000000083d00000, 0x0000000083d00000| Untracked 
|  36|0x0000000083e00000, 0x0000000083e00000, 0x0000000083f00000|  0%| F|  |TAMS 0x0000000083e00000, 0x0000000083e00000| Untracked 
|  37|0x0000000083f00000, 0x0000000083f00000, 0x0000000084000000|  0%| F|  |TAMS 0x0000000083f00000, 0x0000000083f00000| Untracked 
|  38|0x0000000084000000, 0x0000000084000000, 0x0000000084100000|  0%| F|  |TAMS 0x0000000084000000, 0x0000000084000000| Untracked 
|  39|0x0000000084100000, 0x0000000084100000, 0x0000000084200000|  0%| F|  |TAMS 0x0000000084100000, 0x0000000084100000| Untracked 
|  40|0x0000000084200000, 0x0000000084200000, 0x0000000084300000|  0%| F|  |TAMS 0x0000000084200000, 0x0000000084200000| Untracked 
|  41|0x0000000084300000, 0x0000000084300000, 0x0000000084400000|  0%| F|  |TAMS 0x0000000084300000, 0x0000000084300000| Untracked 
|  42|0x0000000084400000, 0x0000000084400000, 0x0000000084500000|  0%| F|  |TAMS 0x0000000084400000, 0x0000000084400000| Untracked 
|  43|0x0000000084500000, 0x0000000084500000, 0x0000000084600000|  0%| F|  |TAMS 0x0000000084500000, 0x0000000084500000| Untracked 
|  44|0x0000000084600000, 0x0000000084600000, 0x0000000084700000|  0%| F|  |TAMS 0x0000000084600000, 0x0000000084600000| Untracked 
|  45|0x0000000084700000, 0x0000000084700000, 0x0000000084800000|  0%| F|  |TAMS 0x0000000084700000, 0x0000000084700000| Untracked 
|  46|0x0000000084800000, 0x0000000084800000, 0x0000000084900000|  0%| F|  |TAMS 0x0000000084800000, 0x0000000084800000| Untracked 
|  47|0x0000000084900000, 0x0000000084900000, 0x0000000084a00000|  0%| F|  |TAMS 0x0000000084900000, 0x0000000084900000| Untracked 
|  48|0x0000000084a00000, 0x0000000084a00000, 0x0000000084b00000|  0%| F|  |TAMS 0x0000000084a00000, 0x0000000084a00000| Untracked 
|  49|0x0000000084b00000, 0x0000000084b00000, 0x0000000084c00000|  0%| F|  |TAMS 0x0000000084b00000, 0x0000000084b00000| Untracked 
|  50|0x0000000084c00000, 0x0000000084c00000, 0x0000000084d00000|  0%| F|  |TAMS 0x0000000084c00000, 0x0000000084c00000| Untracked 
|  51|0x0000000084d00000, 0x0000000084d00000, 0x0000000084e00000|  0%| F|  |TAMS 0x0000000084d00000, 0x0000000084d00000| Untracked 
|  52|0x0000000084e00000, 0x0000000084e00000, 0x0000000084f00000|  0%| F|  |TAMS 0x0000000084e00000, 0x0000000084e00000| Untracked 
|  53|0x0000000084f00000, 0x0000000084f00000, 0x0000000085000000|  0%| F|  |TAMS 0x0000000084f00000, 0x0000000084f00000| Untracked 
|  54|0x0000000085000000, 0x0000000085000000, 0x0000000085100000|  0%| F|  |TAMS 0x0000000085000000, 0x0000000085000000| Untracked 
|  55|0x0000000085100000, 0x0000000085100000, 0x0000000085200000|  0%| F|  |TAMS 0x0000000085100000, 0x0000000085100000| Untracked 
|  56|0x0000000085200000, 0x0000000085200000, 0x0000000085300000|  0%| F|  |TAMS 0x0000000085200000, 0x0000000085200000| Untracked 
|  57|0x0000000085300000, 0x0000000085300000, 0x0000000085400000|  0%| F|  |TAMS 0x0000000085300000, 0x0000000085300000| Untracked 
|  58|0x0000000085400000, 0x0000000085400000, 0x0000000085500000|  0%| F|  |TAMS 0x0000000085400000, 0x0000000085400000| Untracked 
|  59|0x0000000085500000, 0x0000000085500000, 0x0000000085600000|  0%| F|  |TAMS 0x0000000085500000, 0x0000000085500000| Untracked 
|  60|0x0000000085600000, 0x0000000085600000, 0x0000000085700000|  0%| F|  |TAMS 0x0000000085600000, 0x0000000085600000| Untracked 
|  61|0x0000000085700000, 0x0000000085700000, 0x0000000085800000|  0%| F|  |TAMS 0x0000000085700000, 0x0000000085700000| Untracked 
|  62|0x0000000085800000, 0x0000000085800000, 0x0000000085900000|  0%| F|  |TAMS 0x0000000085800000, 0x0000000085800000| Untracked 
|  63|0x0000000085900000, 0x0000000085900000, 0x0000000085a00000|  0%| F|  |TAMS 0x0000000085900000, 0x0000000085900000| Untracked 
|  64|0x0000000085a00000, 0x0000000085a00000, 0x0000000085b00000|  0%| F|  |TAMS 0x0000000085a00000, 0x0000000085a00000| Untracked 
|  65|0x0000000085b00000, 0x0000000085b00000, 0x0000000085c00000|  0%| F|  |TAMS 0x0000000085b00000, 0x0000000085b00000| Untracked 
|  66|0x0000000085c00000, 0x0000000085c00000, 0x0000000085d00000|  0%| F|  |TAMS 0x0000000085c00000, 0x0000000085c00000| Untracked 
|  67|0x0000000085d00000, 0x0000000085d00000, 0x0000000085e00000|  0%| F|  |TAMS 0x0000000085d00000, 0x0000000085d00000| Untracked 
|  68|0x0000000085e00000, 0x0000000085e00000, 0x0000000085f00000|  0%| F|  |TAMS 0x0000000085e00000, 0x0000000085e00000| Untracked 
|  69|0x0000000085f00000, 0x0000000085f00000, 0x0000000086000000|  0%| F|  |TAMS 0x0000000085f00000, 0x0000000085f00000| Untracked 
|  70|0x0000000086000000, 0x0000000086000000, 0x0000000086100000|  0%| F|  |TAMS 0x0000000086000000, 0x0000000086000000| Untracked 
|  71|0x0000000086100000, 0x0000000086100000, 0x0000000086200000|  0%| F|  |TAMS 0x0000000086100000, 0x0000000086100000| Untracked 
|  72|0x0000000086200000, 0x0000000086200000, 0x0000000086300000|  0%| F|  |TAMS 0x0000000086200000, 0x0000000086200000| Untracked 
|  73|0x0000000086300000, 0x0000000086300000, 0x0000000086400000|  0%| F|  |TAMS 0x0000000086300000, 0x0000000086300000| Untracked 
|  74|0x0000000086400000, 0x0000000086400000, 0x0000000086500000|  0%| F|  |TAMS 0x0000000086400000, 0x0000000086400000| Untracked 
|  75|0x0000000086500000, 0x0000000086500000, 0x0000000086600000|  0%| F|  |TAMS 0x0000000086500000, 0x0000000086500000| Untracked 
|  76|0x0000000086600000, 0x0000000086600000, 0x0000000086700000|  0%| F|  |TAMS 0x0000000086600000, 0x0000000086600000| Untracked 
|  77|0x0000000086700000, 0x0000000086700000, 0x0000000086800000|  0%| F|  |TAMS 0x0000000086700000, 0x0000000086700000| Untracked 
|  78|0x0000000086800000, 0x0000000086800000, 0x0000000086900000|  0%| F|  |TAMS 0x0000000086800000, 0x0000000086800000| Untracked 
|  79|0x0000000086900000, 0x0000000086900000, 0x0000000086a00000|  0%| F|  |TAMS 0x0000000086900000, 0x0000000086900000| Untracked 
|  80|0x0000000086a00000, 0x0000000086a00000, 0x0000000086b00000|  0%| F|  |TAMS 0x0000000086a00000, 0x0000000086a00000| Untracked 
|  81|0x0000000086b00000, 0x0000000086b00000, 0x0000000086c00000|  0%| F|  |TAMS 0x0000000086b00000, 0x0000000086b00000| Untracked 
|  82|0x0000000086c00000, 0x0000000086c00000, 0x0000000086d00000|  0%| F|  |TAMS 0x0000000086c00000, 0x0000000086c00000| Untracked 
|  83|0x0000000086d00000, 0x0000000086d00000, 0x0000000086e00000|  0%| F|  |TAMS 0x0000000086d00000, 0x0000000086d00000| Untracked 
|  84|0x0000000086e00000, 0x0000000086e00000, 0x0000000086f00000|  0%| F|  |TAMS 0x0000000086e00000, 0x0000000086e00000| Untracked 
|  85|0x0000000086f00000, 0x0000000086f00000, 0x0000000087000000|  0%| F|  |TAMS 0x0000000086f00000, 0x0000000086f00000| Untracked 
|  86|0x0000000087000000, 0x0000000087000000, 0x0000000087100000|  0%| F|  |TAMS 0x0000000087000000, 0x0000000087000000| Untracked 
|  87|0x0000000087100000, 0x0000000087100000, 0x0000000087200000|  0%| F|  |TAMS 0x0000000087100000, 0x0000000087100000| Untracked 
|  88|0x0000000087200000, 0x0000000087300000, 0x0000000087300000|100%| E|  |TAMS 0x0000000087200000, 0x0000000087200000| Complete 
|  89|0x0000000087300000, 0x0000000087400000, 0x0000000087400000|100%| E|CS|TAMS 0x0000000087300000, 0x0000000087300000| Complete 
|  90|0x0000000087400000, 0x0000000087500000, 0x0000000087500000|100%| E|CS|TAMS 0x0000000087400000, 0x0000000087400000| Complete 
|  91|0x0000000087500000, 0x0000000087600000, 0x0000000087600000|100%| E|CS|TAMS 0x0000000087500000, 0x0000000087500000| Complete 
|  92|0x0000000087600000, 0x0000000087700000, 0x0000000087700000|100%| E|CS|TAMS 0x0000000087600000, 0x0000000087600000| Complete 
|  93|0x0000000087700000, 0x0000000087800000, 0x0000000087800000|100%| E|CS|TAMS 0x0000000087700000, 0x0000000087700000| Complete 
|  94|0x0000000087800000, 0x0000000087900000, 0x0000000087900000|100%| E|CS|TAMS 0x0000000087800000, 0x0000000087800000| Complete 
|  95|0x0000000087900000, 0x0000000087a00000, 0x0000000087a00000|100%| E|CS|TAMS 0x0000000087900000, 0x0000000087900000| Complete 
|  96|0x0000000087a00000, 0x0000000087b00000, 0x0000000087b00000|100%| E|CS|TAMS 0x0000000087a00000, 0x0000000087a00000| Complete 
|  97|0x0000000087b00000, 0x0000000087c00000, 0x0000000087c00000|100%| E|CS|TAMS 0x0000000087b00000, 0x0000000087b00000| Complete 
|  98|0x0000000087c00000, 0x0000000087d00000, 0x0000000087d00000|100%| E|CS|TAMS 0x0000000087c00000, 0x0000000087c00000| Complete 
|  99|0x0000000087d00000, 0x0000000087e00000, 0x0000000087e00000|100%| E|CS|TAMS 0x0000000087d00000, 0x0000000087d00000| Complete 
| 100|0x0000000087e00000, 0x0000000087f00000, 0x0000000087f00000|100%| E|CS|TAMS 0x0000000087e00000, 0x0000000087e00000| Complete 
| 101|0x0000000087f00000, 0x0000000088000000, 0x0000000088000000|100%| E|CS|TAMS 0x0000000087f00000, 0x0000000087f00000| Complete 
| 102|0x0000000088000000, 0x0000000088100000, 0x0000000088100000|100%| E|CS|TAMS 0x0000000088000000, 0x0000000088000000| Complete 
| 103|0x0000000088100000, 0x0000000088200000, 0x0000000088200000|100%| E|CS|TAMS 0x0000000088100000, 0x0000000088100000| Complete 
| 104|0x0000000088200000, 0x0000000088300000, 0x0000000088300000|100%| E|CS|TAMS 0x0000000088200000, 0x0000000088200000| Complete 
| 105|0x0000000088300000, 0x0000000088400000, 0x0000000088400000|100%| E|CS|TAMS 0x0000000088300000, 0x0000000088300000| Complete 
| 106|0x0000000088400000, 0x0000000088500000, 0x0000000088500000|100%| E|CS|TAMS 0x0000000088400000, 0x0000000088400000| Complete 
| 107|0x0000000088500000, 0x0000000088600000, 0x0000000088600000|100%| E|CS|TAMS 0x0000000088500000, 0x0000000088500000| Complete 
| 108|0x0000000088600000, 0x0000000088700000, 0x0000000088700000|100%| E|CS|TAMS 0x0000000088600000, 0x0000000088600000| Complete 
| 109|0x0000000088700000, 0x0000000088800000, 0x0000000088800000|100%| E|CS|TAMS 0x0000000088700000, 0x0000000088700000| Complete 
| 110|0x0000000088800000, 0x0000000088900000, 0x0000000088900000|100%| E|CS|TAMS 0x0000000088800000, 0x0000000088800000| Complete 
| 111|0x0000000088900000, 0x0000000088999860, 0x0000000088a00000| 59%| S|CS|TAMS 0x0000000088900000, 0x0000000088900000| Complete 
| 112|0x0000000088a00000, 0x0000000088b00000, 0x0000000088b00000|100%| E|CS|TAMS 0x0000000088a00000, 0x0000000088a00000| Complete 
| 113|0x0000000088b00000, 0x0000000088c00000, 0x0000000088c00000|100%| E|CS|TAMS 0x0000000088b00000, 0x0000000088b00000| Complete 
| 114|0x0000000088c00000, 0x0000000088d00000, 0x0000000088d00000|100%| E|CS|TAMS 0x0000000088c00000, 0x0000000088c00000| Complete 
| 115|0x0000000088d00000, 0x0000000088e00000, 0x0000000088e00000|100%| E|CS|TAMS 0x0000000088d00000, 0x0000000088d00000| Complete 
| 116|0x0000000088e00000, 0x0000000088f00000, 0x0000000088f00000|100%| E|CS|TAMS 0x0000000088e00000, 0x0000000088e00000| Complete 
| 117|0x0000000088f00000, 0x0000000089000000, 0x0000000089000000|100%| E|CS|TAMS 0x0000000088f00000, 0x0000000088f00000| Complete 
| 118|0x0000000089000000, 0x0000000089100000, 0x0000000089100000|100%| E|CS|TAMS 0x0000000089000000, 0x0000000089000000| Complete 
| 119|0x0000000089100000, 0x0000000089200000, 0x0000000089200000|100%| E|CS|TAMS 0x0000000089100000, 0x0000000089100000| Complete 
| 120|0x0000000089200000, 0x0000000089300000, 0x0000000089300000|100%| E|CS|TAMS 0x0000000089200000, 0x0000000089200000| Complete 
| 121|0x0000000089300000, 0x0000000089400000, 0x0000000089400000|100%| E|CS|TAMS 0x0000000089300000, 0x0000000089300000| Complete 
| 122|0x0000000089400000, 0x0000000089500000, 0x0000000089500000|100%| E|CS|TAMS 0x0000000089400000, 0x0000000089400000| Complete 
| 123|0x0000000089500000, 0x0000000089600000, 0x0000000089600000|100%| E|CS|TAMS 0x0000000089500000, 0x0000000089500000| Complete 
| 124|0x0000000089600000, 0x0000000089700000, 0x0000000089700000|100%| E|CS|TAMS 0x0000000089600000, 0x0000000089600000| Complete 
| 125|0x0000000089700000, 0x0000000089800000, 0x0000000089800000|100%| E|CS|TAMS 0x0000000089700000, 0x0000000089700000| Complete 
| 126|0x0000000089800000, 0x0000000089900000, 0x0000000089900000|100%| E|CS|TAMS 0x0000000089800000, 0x0000000089800000| Complete 
| 127|0x0000000089900000, 0x0000000089a00000, 0x0000000089a00000|100%| E|CS|TAMS 0x0000000089900000, 0x0000000089900000| Complete 

Card table byte_map: [0x0000005bb4b90000,0x0000005bb4f90000] _byte_map_base: 0x0000005bb4783000

Marking Bits (Prev, Next): (CMBitMap*) 0x0000005b9d055e48, (CMBitMap*) 0x0000005b9d055e88
 Prev Bits: [0x0000005bb5390000, 0x0000005bb7328000)
 Next Bits: [0x0000005bb7330000, 0x0000005bb92c8000)

Polling page: 0x0000005b9af20000

Metaspace:

Usage:
  Non-class:     11.77 MB capacity,    10.17 MB ( 86%) used,     1.59 MB ( 13%) free+waste,    15.50 KB ( <1%) overhead. 
      Class:      1.65 MB capacity,     1.42 MB ( 86%) used,   232.45 KB ( 14%) free+waste,     7.31 KB ( <1%) overhead. 
       Both:     13.42 MB capacity,    11.59 MB ( 86%) used,     1.81 MB ( 14%) free+waste,    22.81 KB ( <1%) overhead. 

Virtual space:
  Non-class space:       12.00 MB reserved,      12.00 MB (100%) committed 
      Class space:        1.00 GB reserved,       1.75 MB ( <1%) committed 
             Both:        1.01 GB reserved,      13.75 MB (  1%) committed 

Chunk freelists:
   Non-Class:  43.00 KB
       Class:  3.00 KB
        Both:  46.00 KB

MaxMetaspaceSize: 17179869184.00 GB
CompressedClassSpaceSize: 1.00 GB

CodeHeap 'non-profiled nmethods': size=120000Kb used=761Kb max_used=761Kb free=119238Kb
 bounds [0x0000005bad260000, 0x0000005bad4d0000, 0x0000005bb4790000]
CodeHeap 'profiled nmethods': size=120000Kb used=4625Kb max_used=4625Kb free=115374Kb
 bounds [0x0000005ba5d30000, 0x0000005ba61c0000, 0x0000005bad260000]
CodeHeap 'non-nmethods': size=5760Kb used=1193Kb max_used=1221Kb free=4566Kb
 bounds [0x0000005ba5790000, 0x0000005ba5a00000, 0x0000005ba5d30000]
 total_blobs=3242 nmethods=2103 adapters=341
 compilation: enabled
              stopped_count=0, restarted_count=0
 full_count=0

Compilation events (20 events):
Event: 6.778 Thread 0x0000005bbbafe800 nmethod 2081 0x0000005ba61a3090 code [0x0000005ba61a3240, 0x0000005ba61a3428]
Event: 6.778 Thread 0x0000005bbbafe800 2082       3       org.codehaus.plexus.interpolation.AbstractValueSource::clearFeedback (17 bytes)
Event: 6.778 Thread 0x0000005bbbafe800 nmethod 2082 0x0000005ba61a3510 code [0x0000005ba61a36c0, 0x0000005ba61a38e8]
Event: 6.779 Thread 0x0000005bbbafe800 2083       3       org.codehaus.plexus.interpolation.StringSearchInterpolator::removeValuesSource (12 bytes)
Event: 6.779 Thread 0x0000005bbbafe800 nmethod 2083 0x0000005ba61a3990 code [0x0000005ba61a3b40, 0x0000005ba61a3d28]
Event: 6.780 Thread 0x0000005bbbafe800 2084       3       org.codehaus.plexus.interpolation.util.ValueSourceUtils::trimPrefix (88 bytes)
Event: 6.782 Thread 0x0000005bbbafe800 nmethod 2084 0x0000005ba61a3e10 code [0x0000005ba61a4060, 0x0000005ba61a4958]
Event: 6.782 Thread 0x0000005bbbafe800 2085       3       java.lang.String::indexOf (18 bytes)
Event: 6.782 Thread 0x0000005bbbafe800 nmethod 2085 0x0000005ba61a4d90 code [0x0000005ba61a4f60, 0x0000005ba61a5248]
Event: 6.783 Thread 0x0000005bbbafe800 2086       3       org.codehaus.plexus.interpolation.PrefixedValueSourceWrapper::clearFeedback (10 bytes)
Event: 6.783 Thread 0x0000005bbbafe800 nmethod 2086 0x0000005ba61a5390 code [0x0000005ba61a5540, 0x0000005ba61a5728]
Event: 6.783 Thread 0x0000005bbbafe800 2087       3       org.apache.maven.model.interpolation.StringSearchModelInterpolator::access$100 (4 bytes)
Event: 6.783 Thread 0x0000005bbbafe800 nmethod 2087 0x0000005ba61a5810 code [0x0000005ba61a59a0, 0x0000005ba61a5a98]
Event: 6.784 Thread 0x0000005bbbafe800 2088       3       java.util.ArrayList::clear (43 bytes)
Event: 6.785 Thread 0x0000005bbbafe800 nmethod 2088 0x0000005ba61a5b10 code [0x0000005ba61a5cc0, 0x0000005ba61a6078]
Event: 6.785 Thread 0x0000005bbbafe800 2089       3       org.apache.maven.model.interpolation.StringSearchModelInterpolator$InterpolateObjectAction::traverseObjectWithParents (49 bytes)
Event: 6.786 Thread 0x0000005bbbafe800 nmethod 2089 0x0000005ba61a6190 code [0x0000005ba61a6380, 0x0000005ba61a6728]
Event: 6.786 Thread 0x0000005bbbafe800 2090       3       org.apache.maven.model.interpolation.StringSearchModelInterpolator$InterpolateObjectAction::getCacheEntry (39 bytes)
Event: 6.787 Thread 0x0000005bbbafe800 nmethod 2090 0x0000005ba61a6890 code [0x0000005ba61a6a80, 0x0000005ba61a6f48]
Event: 6.787 Thread 0x0000005bbbafe800 2092   !   3       org.codehaus.plexus.interpolation.StringSearchInterpolator::interpolate (655 bytes)

GC Heap History (4 events):
Event: 1.782 GC heap before
{Heap before GC invocations=0 (full 0):
 garbage-first heap   total 131072K, used 13312K [0x0000000081a00000, 0x0000000100000000)
  region size 1024K, 13 young (13312K), 0 survivors (0K)
 Metaspace       used 3587K, capacity 6800K, committed 6912K, reserved 1056768K
  class space    used 420K, capacity 759K, committed 768K, reserved 1048576K
}
Event: 1.811 GC heap after
{Heap after GC invocations=1 (full 0):
 garbage-first heap   total 131072K, used 3083K [0x0000000081a00000, 0x0000000100000000)
  region size 1024K, 2 young (2048K), 2 survivors (2048K)
 Metaspace       used 3587K, capacity 6800K, committed 6912K, reserved 1056768K
  class space    used 420K, capacity 759K, committed 768K, reserved 1048576K
}
Event: 2.822 GC heap before
{Heap before GC invocations=1 (full 0):
 garbage-first heap   total 131072K, used 17419K [0x0000000081a00000, 0x0000000100000000)
  region size 1024K, 16 young (16384K), 2 survivors (2048K)
 Metaspace       used 4923K, capacity 7679K, committed 7936K, reserved 1056768K
  class space    used 633K, capacity 924K, committed 1024K, reserved 1048576K
}
Event: 2.831 GC heap after
{Heap after GC invocations=2 (full 0):
 garbage-first heap   total 131072K, used 3681K [0x0000000081a00000, 0x0000000100000000)
  region size 1024K, 1 young (1024K), 1 survivors (1024K)
 Metaspace       used 4923K, capacity 7679K, committed 7936K, reserved 1056768K
  class space    used 633K, capacity 924K, committed 1024K, reserved 1048576K
}

Deoptimization events (20 events):
Event: 5.440 Thread 0x0000005b9d018800 Uncommon trap: trap_request=0xffffff45 fr.pc=0x0000005bad2a7ad0 relative=0x00000000000001f0
Event: 5.440 Thread 0x0000005b9d018800 Uncommon trap: reason=unstable_if action=reinterpret pc=0x0000005bad2a7ad0 method=java.lang.String.startsWith(Ljava/lang/String;I)Z @ 1 c2
Event: 5.440 Thread 0x0000005b9d018800 DEOPT PACKING pc=0x0000005bad2a7ad0 sp=0x0000005b9c7b36d0
Event: 5.440 Thread 0x0000005b9d018800 DEOPT UNPACKING pc=0x0000005ba57d942a sp=0x0000005b9c7b3638 mode 2
Event: 5.911 Thread 0x0000005b9d018800 Uncommon trap: trap_request=0xffffff45 fr.pc=0x0000005bad2c9bb8 relative=0x0000000000002918
Event: 5.911 Thread 0x0000005b9d018800 Uncommon trap: reason=unstable_if action=reinterpret pc=0x0000005bad2c9bb8 method=org.codehaus.plexus.util.xml.pull.MXParser.parseStartTag()I @ 443 c2
Event: 5.911 Thread 0x0000005b9d018800 DEOPT PACKING pc=0x0000005bad2c9bb8 sp=0x0000005b9c7bdde0
Event: 5.911 Thread 0x0000005b9d018800 DEOPT UNPACKING pc=0x0000005ba57d942a sp=0x0000005b9c7bdd80 mode 2
Event: 6.106 Thread 0x0000005b9d018800 Uncommon trap: trap_request=0xffffff45 fr.pc=0x0000005bad30a514 relative=0x00000000000001b4
Event: 6.106 Thread 0x0000005b9d018800 Uncommon trap: reason=unstable_if action=reinterpret pc=0x0000005bad30a514 method=java.lang.ThreadLocal.get()Ljava/lang/Object; @ 11 c2
Event: 6.106 Thread 0x0000005b9d018800 DEOPT PACKING pc=0x0000005bad30a514 sp=0x0000005b9c7be2d0
Event: 6.106 Thread 0x0000005b9d018800 DEOPT UNPACKING pc=0x0000005ba57d942a sp=0x0000005b9c7be290 mode 2
Event: 6.316 Thread 0x0000005b9d018800 Uncommon trap: trap_request=0xffffff45 fr.pc=0x0000005bad2bffe8 relative=0x0000000000000328
Event: 6.316 Thread 0x0000005b9d018800 Uncommon trap: reason=unstable_if action=reinterpret pc=0x0000005bad2bffe8 method=java.lang.String.<init>([CIILjava/lang/Void;)V @ 5 c2
Event: 6.316 Thread 0x0000005b9d018800 DEOPT PACKING pc=0x0000005bad2bffe8 sp=0x0000005b9c7bd380
Event: 6.316 Thread 0x0000005b9d018800 DEOPT UNPACKING pc=0x0000005ba57d942a sp=0x0000005b9c7bd340 mode 2
Event: 6.370 Thread 0x0000005b9d018800 Uncommon trap: trap_request=0xffffff45 fr.pc=0x0000005bad2e3ff0 relative=0x0000000000000650
Event: 6.370 Thread 0x0000005b9d018800 Uncommon trap: reason=unstable_if action=reinterpret pc=0x0000005bad2e3ff0 method=java.lang.String.replace(CC)Ljava/lang/String; @ 2 c2
Event: 6.370 Thread 0x0000005b9d018800 DEOPT PACKING pc=0x0000005bad2e3ff0 sp=0x0000005b9c7bda70
Event: 6.370 Thread 0x0000005b9d018800 DEOPT UNPACKING pc=0x0000005ba57d942a sp=0x0000005b9c7bda20 mode 2

Classes unloaded (0 events):
No events

Classes redefined (0 events):
No events

Internal exceptions (5 events):
Event: 0.824 Thread 0x0000005b9d018800 Exception <a 'java/lang/NoSuchMethodError'{0x00000000894c9570}: 'int java.lang.invoke.DirectMethodHandle$Holder.invokeSpecialIFC(java.lang.Object, java.lang.Object, int)'> (0x00000000894c9570) 
thrown [t:/workspace/open/src/hotspot/share/interpreter/linkResolver.cpp, line 766]
Event: 4.736 Thread 0x0000005b9d018800 Exception <a 'java/lang/NoClassDefFoundError'{0x0000000087e9b088}: com/google/inject/servlet/ServletModuleTargetVisitor> (0x0000000087e9b088) 
thrown [t:/workspace/open/src/hotspot/share/classfile/systemDictionary.cpp, line 215]
Event: 4.737 Thread 0x0000005b9d018800 Exception <a 'java/lang/NoClassDefFoundError'{0x0000000087e9db30}: javax/annotation/Priority> (0x0000000087e9db30) 
thrown [t:/workspace/open/src/hotspot/share/classfile/systemDictionary.cpp, line 215]
Event: 5.455 Thread 0x0000005b9d018800 Exception <a 'java/lang/NoSuchMethodError'{0x0000000087a906d8}: 'java.lang.Object java.lang.invoke.DirectMethodHandle$Holder.invokeStaticInit(java.lang.Object, int, int, int, int)'> (0x0000000087a906d8) 
thrown [t:/workspace/open/src/hotspot/share/interpreter/linkResolver.cpp, line 766]
Event: 6.106 Thread 0x0000005b9d018800 Implicit null exception at 0x0000005bad30a3bd to 0x0000005bad30a504

Events (20 events):
Event: 6.312 loading class sun/nio/ch/NativeDispatcher done
Event: 6.312 loading class sun/nio/ch/FileDispatcher done
Event: 6.312 loading class sun/nio/ch/FileDispatcherImpl done
Event: 6.313 loading class sun/nio/ch/FileLockImpl
Event: 6.313 loading class java/nio/channels/FileLock
Event: 6.314 loading class java/nio/channels/FileLock done
Event: 6.314 loading class sun/nio/ch/FileLockImpl done
Event: 6.314 loading class sun/nio/ch/NativeThread
Event: 6.314 loading class sun/nio/ch/NativeThread done
Event: 6.314 loading class sun/nio/ch/FileLockTable
Event: 6.314 loading class sun/nio/ch/FileLockTable done
Event: 6.314 loading class sun/nio/ch/FileKey
Event: 6.314 loading class sun/nio/ch/FileKey done
Event: 6.315 loading class sun/nio/ch/FileLockTable$FileLockReference
Event: 6.315 loading class sun/nio/ch/FileLockTable$FileLockReference done
Event: 6.315 loading class java/nio/channels/spi/AbstractInterruptibleChannel$1
Event: 6.315 loading class sun/nio/ch/Interruptible
Event: 6.315 loading class sun/nio/ch/Interruptible done
Event: 6.315 loading class java/nio/channels/spi/AbstractInterruptibleChannel$1 done
Event: 6.767 Thread 0x0000005bbe03f000 Thread added: 0x0000005bbe03f000


Dynamic libraries:
0x00007ff7790d0000 - 0x00007ff7790df000 	C:\Program Files\Java\jdk-14\bin\java.exe
0x00007ff8dd220000 - 0x00007ff8dd3cd000 	C:\Windows\SYSTEM32\ntdll.dll
0x00007ff8da970000 - 0x00007ff8daaae000 	C:\Windows\system32\KERNEL32.DLL
0x00007ff8da4d0000 - 0x00007ff8da5e5000 	C:\Windows\system32\KERNELBASE.dll
0x00007ff8cb9a0000 - 0x00007ff8cb9b8000 	C:\Program Files\Java\jdk-14\bin\jli.dll
0x00007ff8d4690000 - 0x00007ff8d46a5000 	C:\Program Files\Java\jdk-14\bin\VCRUNTIME140.dll
0x00007ff8d8c00000 - 0x00007ff8d8c04000 	C:\Program Files\Java\jdk-14\bin\api-ms-win-crt-stdio-l1-1-0.dll
0x00007ff8d8670000 - 0x00007ff8d8674000 	C:\Program Files\Java\jdk-14\bin\api-ms-win-crt-runtime-l1-1-0.dll
0x00007ff8d6950000 - 0x00007ff8d6953000 	C:\Program Files\Java\jdk-14\bin\api-ms-win-crt-environment-l1-1-0.dll
0x00007ff8cd880000 - 0x00007ff8cd885000 	C:\Program Files\Java\jdk-14\bin\api-ms-win-crt-math-l1-1-0.dll
0x00007ff8cc3a0000 - 0x00007ff8cc3a3000 	C:\Program Files\Java\jdk-14\bin\api-ms-win-crt-locale-l1-1-0.dll
0x00007ff8ccf70000 - 0x00007ff8ccf73000 	C:\Program Files\Java\jdk-14\bin\api-ms-win-crt-heap-l1-1-0.dll
0x00007ff8da8b0000 - 0x00007ff8da95a000 	C:\Windows\system32\ADVAPI32.dll
0x00007ff8d7e20000 - 0x00007ff8d809b000 	C:\Windows\WinSxS\amd64_microsoft.windows.common-controls_6595b64144ccf1df_6.0.9600.18006_none_623f33d3ecbe86e8\COMCTL32.dll
0x00007ff8dc9f0000 - 0x00007ff8dcb67000 	C:\Windows\system32\USER32.dll
0x00007ff8d4560000 - 0x00007ff8d456a000 	C:\Windows\SYSTEM32\VERSION.dll
0x00007ff8ccfa0000 - 0x00007ff8ccfa3000 	C:\Program Files\Java\jdk-14\bin\api-ms-win-crt-filesystem-l1-1-0.dll
0x00007ff8d8bb0000 - 0x00007ff8d8bb4000 	C:\Program Files\Java\jdk-14\bin\api-ms-win-crt-string-l1-1-0.dll
0x00007ff8d85d0000 - 0x00007ff8d85d4000 	C:\Program Files\Java\jdk-14\bin\api-ms-win-crt-convert-l1-1-0.dll
0x00007ff8dc450000 - 0x00007ff8dc4fa000 	C:\Windows\system32\msvcrt.dll
0x00007ff8dc390000 - 0x00007ff8dc3e9000 	C:\Windows\SYSTEM32\sechost.dll
0x00007ff8dc700000 - 0x00007ff8dc840000 	C:\Windows\system32\RPCRT4.dll
0x00007ff8dcb70000 - 0x00007ff8dccbf000 	C:\Windows\system32\GDI32.dll
0x00007ff8bd020000 - 0x00007ff8bd11c000 	C:\Program Files\Java\jdk-14\bin\ucrtbase.DLL
0x00007ff8da830000 - 0x00007ff8da85e000 	C:\Windows\system32\SspiCli.dll
0x00007ff8dd1e0000 - 0x00007ff8dd216000 	C:\Windows\system32\IMM32.DLL
0x00007ff8daab0000 - 0x00007ff8dac02000 	C:\Windows\system32\MSCTF.dll
0x00007ff8cb900000 - 0x00007ff8cb99b000 	C:\Program Files\Java\jdk-14\bin\msvcp140.dll
0x00007ff8ccf90000 - 0x00007ff8ccf93000 	C:\Program Files\Java\jdk-14\bin\api-ms-win-crt-time-l1-1-0.dll
0x00007ff8d4650000 - 0x00007ff8d4653000 	C:\Program Files\Java\jdk-14\bin\api-ms-win-crt-utility-l1-1-0.dll
0x00007ff89ffc0000 - 0x00007ff8a0adf000 	C:\Program Files\Java\jdk-14\bin\server\jvm.dll
0x00007ff8d6280000 - 0x00007ff8d6289000 	C:\Windows\SYSTEM32\WSOCK32.dll
0x00007ff8d54d0000 - 0x00007ff8d54f2000 	C:\Windows\SYSTEM32\WINMM.dll
0x00007ff8da960000 - 0x00007ff8da967000 	C:\Windows\system32\PSAPI.DLL
0x00007ff8dc330000 - 0x00007ff8dc38a000 	C:\Windows\system32\WS2_32.dll
0x00007ff8d5480000 - 0x00007ff8d54aa000 	C:\Windows\SYSTEM32\WINMMBASE.dll
0x00007ff8dcfb0000 - 0x00007ff8dcfb9000 	C:\Windows\system32\NSI.dll
0x00007ff8da860000 - 0x00007ff8da8af000 	C:\Windows\SYSTEM32\cfgmgr32.dll
0x00007ff8d9170000 - 0x00007ff8d9198000 	C:\Windows\SYSTEM32\DEVOBJ.dll
0x00007ff8ccea0000 - 0x00007ff8cceaa000 	C:\Program Files\Java\jdk-14\bin\jimage.dll
0x00007ff8d2f90000 - 0x00007ff8d3119000 	C:\Windows\SYSTEM32\DBGHELP.DLL
0x00007ff8cc6a0000 - 0x00007ff8cc6c5000 	C:\Program Files\Java\jdk-14\bin\java.dll
0x00007ff8cc3d0000 - 0x00007ff8cc3e7000 	C:\Program Files\Java\jdk-14\bin\zip.dll
0x00007ff8dac70000 - 0x00007ff8dc199000 	C:\Windows\system32\SHELL32.dll
0x00007ff8dcd80000 - 0x00007ff8dcf91000 	C:\Windows\SYSTEM32\combase.dll
0x00007ff8dc3f0000 - 0x00007ff8dc444000 	C:\Windows\system32\SHLWAPI.dll
0x00007ff8d88f0000 - 0x00007ff8d89a2000 	C:\Windows\SYSTEM32\SHCORE.dll
0x00007ff8da350000 - 0x00007ff8da365000 	C:\Windows\SYSTEM32\profapi.dll
0x00007ff8cc3b0000 - 0x00007ff8cc3c9000 	C:\Program Files\Java\jdk-14\bin\net.dll
0x00007ff8ccd90000 - 0x00007ff8cce57000 	C:\Windows\SYSTEM32\WINHTTP.dll
0x00007ff8d9bb0000 - 0x00007ff8d9c09000 	C:\Windows\system32\mswsock.dll
0x00007ff8cc160000 - 0x00007ff8cc172000 	C:\Program Files\Java\jdk-14\bin\nio.dll
0x00007ff8cc9e0000 - 0x00007ff8cc9f0000 	C:\Program Files\Java\jdk-14\bin\verify.dll

dbghelp: loaded successfully - version: 4.0.5 - missing functions: none
symbol engine: initialized successfully - sym options: 0x614 - pdb path: .;C:\Program Files\Java\jdk-14\bin;C:\Windows\SYSTEM32;C:\Windows\WinSxS\amd64_microsoft.windows.common-controls_6595b64144ccf1df_6.0.9600.18006_none_623f33d3ecbe86e8;C:\Program Files\Java\jdk-14\bin\server

VM Arguments:
jvm_args: -Dclassworlds.conf=C:\Program Files\NetBeans-11.3\netbeans\java\maven\bin\m2.conf -Dmaven.home=C:\Program Files\NetBeans-11.3\netbeans\java\maven -Dmaven.multiModuleProjectDirectory=D:\Java\n32m\Springboot-microservices\currency-converter-service 
java_command: org.codehaus.plexus.classworlds.launcher.Launcher -Dspring-boot.run.jvmArguments=-noverify -XX:TieredStopAtLevel=1 -Dspring-boot.run.mainClass=com.microservices.currency.conversion.service.Currency-conversion-serviceApplication -Dmaven.ext.class.path=C:\Program Files\NetBeans-11.3\netbeans\java\maven-nblib\netbeans-eventspy.jar -Dfile.encoding=UTF-8 spring-boot:run
java_class_path (initial): C:\Program Files\NetBeans-11.3\netbeans\java\maven\boot\plexus-classworlds-2.5.2.jar
Launcher Type: SUN_STANDARD

[Global flags]
     intx CICompilerCount                          = 3                                         {product} {ergonomic}
     uint ConcGCThreads                            = 1                                         {product} {ergonomic}
     uint G1ConcRefinementThreads                  = 4                                         {product} {ergonomic}
   size_t G1HeapRegionSize                         = 1048576                                   {product} {ergonomic}
    uintx GCDrainStackTargetSize                   = 64                                        {product} {ergonomic}
   size_t InitialHeapSize                          = 134217728                                 {product} {ergonomic}
   size_t MarkStackSize                            = 4194304                                   {product} {ergonomic}
   size_t MaxHeapSize                              = 2120220672                                {product} {ergonomic}
   size_t MaxNewSize                               = 1271922688                                {product} {ergonomic}
   size_t MinHeapDeltaBytes                        = 1048576                                   {product} {ergonomic}
   size_t MinHeapSize                              = 8388608                                   {product} {ergonomic}
    uintx NonNMethodCodeHeapSize                   = 5832780                                {pd product} {ergonomic}
    uintx NonProfiledCodeHeapSize                  = 122912730                              {pd product} {ergonomic}
    uintx ProfiledCodeHeapSize                     = 122912730                              {pd product} {ergonomic}
    uintx ReservedCodeCacheSize                    = 251658240                              {pd product} {ergonomic}
     bool SegmentedCodeCache                       = true                                      {product} {ergonomic}
   size_t SoftMaxHeapSize                          = 2120220672                             {manageable} {ergonomic}
     bool UseCompressedClassPointers               = true                                 {lp64_product} {ergonomic}
     bool UseCompressedOops                        = true                                 {lp64_product} {ergonomic}
     bool UseG1GC                                  = true                                      {product} {ergonomic}
     bool UseLargePagesIndividualAllocation        = false                                  {pd product} {ergonomic}

Logging:
Log output configuration:
 #0: stdout all=warning uptime,level,tags
 #1: stderr all=off uptime,level,tags

Environment Variables:
JAVA_HOME=C:\Program Files\Java\jdk-14
PATH=C:\Program Files\Java\jdk-14\bin;C:\Users\PC\introcs\java\bin;C:\Program Files (x86)\Intel\TXE Components\TCS\;C:\Program Files\Intel\TXE Components\TCS\;C:\ProgramData\Oracle\Java\javapath;C:\Windows\system32;C:\Windows;C:\Windows\System32\Wbem;C:\Windows\System32\WindowsPowerShell\v1.0\;C:\Program Files (x86)\QuickTime\QTSystem\;C:\Program Files (x86)\Skype\Phone\;C:\Program Files (x86)\Windows Kits\8.1\Windows Performance Toolkit\;C:\Program Files\Microsoft SQL Server\110\Tools\Binn\;c:\Program Files (x86)\Microsoft SQL Server\110\Tools\Binn\;c:\Program Files\Microsoft SQL Server\110\DTS\Binn\;C:\Program Files\Java\jdk-13.0.2\bin;C:\Program Files\Git\cmd;C:\Users\PC\AppData\Local\Programs\Python\Python38-32\Scripts\;C:\Users\PC\AppData\Local\Programs\Python\Python38-32\;C:\Program Files\Java\jdk-14\bin;C:\Users\PC\introcs\j3d\bin;C:\Users\PC\introcs\bin;C:\Users\PC\introcs\java\bin;C:\Python27
USERNAME=PC
OS=Windows_NT
PROCESSOR_IDENTIFIER=Intel64 Family 6 Model 55 Stepping 8, GenuineIntel



---------------  S Y S T E M  ---------------

OS: Windows 8.1 , 64 bit Build 9600 (6.3.9600.17415)
OS uptime: 3 days 22:52 hours

CPU:total 4 (initial active 4) (4 cores per cpu, 1 threads per core) family 6 model 55 stepping 8, cmov, cx8, fxsr, mmx, sse, sse2, sse3, ssse3, sse4.1, sse4.2, popcnt, clmul, erms, 3dnowpref, tsc, tscinvbit

Memory: 4k page, system-wide physical 8083M (1253M free)
TotalPageFile size 8083M (AvailPageFile size 7M)
current process WorkingSet (physical memory assigned to process): 106M, peak: 106M
current process commit charge ("private bytes"): 232M, peak: 232M

vm_info: Java HotSpot(TM) 64-Bit Server VM (14+36-1461) for windows-amd64 JRE (14+36-1461), built on Feb  6 2020 19:08:04 by "mach5one" with MS VC++ 15.9 (VS2017)

END.
