#
# There is insufficient memory for the Java Runtime Environment to continue.
# Native memory allocation (mmap) failed to map 34603008 bytes for Failed to commit area from 0x0000000089a00000 to 0x000000008bb00000 of length 34603008.
# Possible reasons:
#   The system is out of physical RAM or swap space
#   The process is running with CompressedOops enabled, and the Java Heap may be blocking the growth of the native heap
# Possible solutions:
#   Reduce memory load on the system
#   Increase physical memory or swap space
#   Check if swap backing store is full
#   Decrease Java heap size (-Xmx/-Xms)
#   Decrease number of Java threads
#   Decrease Java thread stack sizes (-Xss)
#   Set larger code cache with -XX:ReservedCodeCacheSize=
#   JVM is running with Unscaled Compressed Oops mode in which the Java heap is
#     placed in the first 4GB address space. The Java Heap base address is the
#     maximum limit for the native heap growth. Please use -XX:HeapBaseMinAddress
#     to set the Java Heap base and to place the Java Heap above 4GB virtual address.
# This output file may be truncated or incomplete.
#
#  Out of Memory Error (t:/workspace/open/src/hotspot/os/windows/os_windows.cpp:3315), pid=5008, tid=8076
#
# JRE version: Java(TM) SE Runtime Environment (14.0+36) (build 14+36-1461)
# Java VM: Java HotSpot(TM) 64-Bit Server VM (14+36-1461, mixed mode, sharing, tiered, compressed oops, g1 gc, windows-amd64)
# No core dump will be written. Minidumps are not enabled by default on client versions of Windows
#

---------------  S U M M A R Y ------------

Command Line: -XX:TieredStopAtLevel=1 -Xverify:none -XX:TieredStopAtLevel=1 com.microservices.currency.conversion.service.CurrencyConversionServiceApplication

Host: Intel(R) Pentium(R) CPU  N3540  @ 2.16GHz, 4 cores, 7G,  Windows 8.1 , 64 bit Build 9600 (6.3.9600.17415)
Time: Thu Apr  7 14:18:30 2022 FLE Daylight Time elapsed time: 6 seconds (0d 0h 0m 6s)

---------------  T H R E A D  ---------------

Current thread (0x00000098c2ac5000):  VMThread "VM Thread" [stack: 0x00000098c34f0000,0x00000098c35f0000] [id=8076]

Stack: [0x00000098c34f0000,0x00000098c35f0000]
[error occurred during error reporting (printing stack bounds), id 0xc0000005, EXCEPTION_ACCESS_VIOLATION (0xc0000005) at pc=0x00000098ac7710be]

Native frames: (J=compiled Java code, j=interpreted, Vv=VM code, C=native code)
V  [jvm.dll+0x5f83ea]
V  [jvm.dll+0x741e2a]
V  [jvm.dll+0x7435df]
V  [jvm.dll+0x743b85]
V  [jvm.dll+0x743b3b]
V  [jvm.dll+0x5f791f]
V  [jvm.dll+0x5f8088]
C  [ntdll.dll+0x933fd]
C  [ntdll.dll+0x54847]
C  [ntdll.dll+0x9258a]
C  0x00000098ac7710be

VM_Operation (0x00000098c53ebbe0): G1CollectForAllocation, mode: safepoint, requested by thread 0x00000098c4ae5800


---------------  P R O C E S S  ---------------

Threads class SMR info:
_java_thread_list=0x00000098c585f9d0, length=12, elements={
0x00000098a4006000, 0x00000098c2ac6800, 0x00000098c2ac9800, 0x00000098c2ae1800,
0x00000098c2ae2800, 0x00000098c2ae5800, 0x00000098c2ae8000, 0x00000098c3bf8800,
0x00000098c3d13000, 0x00000098c3d14800, 0x00000098c4a61000, 0x00000098c4ae5800
}

Java Threads: ( => current thread )
  0x00000098a4006000 JavaThread "main" [_thread_blocked, id=6252, stack(0x00000098a36a0000,0x00000098a37a0000)]
  0x00000098c2ac6800 JavaThread "Reference Handler" daemon [_thread_blocked, id=8920, stack(0x00000098c35f0000,0x00000098c36f0000)]
  0x00000098c2ac9800 JavaThread "Finalizer" daemon [_thread_blocked, id=2820, stack(0x00000098c36f0000,0x00000098c37f0000)]
  0x00000098c2ae1800 JavaThread "Signal Dispatcher" daemon [_thread_blocked, id=8496, stack(0x00000098c37f0000,0x00000098c38f0000)]
  0x00000098c2ae2800 JavaThread "Attach Listener" daemon [_thread_blocked, id=5568, stack(0x00000098c38f0000,0x00000098c39f0000)]
  0x00000098c2ae5800 JavaThread "Service Thread" daemon [_thread_blocked, id=1320, stack(0x00000098c39f0000,0x00000098c3af0000)]
  0x00000098c2ae8000 JavaThread "C1 CompilerThread0" daemon [_thread_blocked, id=7312, stack(0x00000098c3af0000,0x00000098c3bf0000)]
  0x00000098c3bf8800 JavaThread "Sweeper thread" daemon [_thread_blocked, id=10236, stack(0x00000098c3ff0000,0x00000098c40f0000)]
  0x00000098c3d13000 JavaThread "Notification Thread" daemon [_thread_blocked, id=848, stack(0x00000098c40f0000,0x00000098c41f0000)]
  0x00000098c3d14800 JavaThread "Common-Cleaner" daemon [_thread_blocked, id=8936, stack(0x00000098c42f0000,0x00000098c43f0000)]
  0x00000098c4a61000 JavaThread "Thread-0" [_thread_blocked, id=1808, stack(0x00000098c51f0000,0x00000098c52f0000)]
  0x00000098c4ae5800 JavaThread "restartedMain" [_thread_blocked, id=9588, stack(0x00000098c52f0000,0x00000098c53f0000)]

Other Threads:
=>0x00000098c2ac5000 VMThread "VM Thread" [stack: 0x00000098c34f0000,0x00000098c35f0000] [id=8076]
  0x00000098c3d14000 WatcherThread [stack: 0x00000098c41f0000,0x00000098c42f0000] [id=4592]
  0x00000098a4048000 GCTaskThread "GC Thread#0" [stack: 0x00000098a3dc0000,0x00000098a3ec0000] [id=7948]
  0x00000098c4628800 GCTaskThread "GC Thread#1" [stack: 0x00000098c4bf0000,0x00000098c4cf0000] [id=7292]
  0x00000098c4629800 GCTaskThread "GC Thread#2" [stack: 0x00000098c4cf0000,0x00000098c4df0000] [id=8932]
  0x00000098c5571800 GCTaskThread "GC Thread#3" [stack: 0x00000098c6ba0000,0x00000098c6ca0000] [id=8424]
  0x00000098a4059800 ConcurrentGCThread "G1 Main Marker" [stack: 0x00000098c02b0000,0x00000098c03b0000] [id=6604]
  0x00000098a405a800 ConcurrentGCThread "G1 Conc#0" [stack: 0x00000098c03b0000,0x00000098c04b0000] [id=6612]
  0x00000098c293d800 ConcurrentGCThread "G1 Refine#0" [stack: 0x00000098c2af0000,0x00000098c2bf0000] [id=5724]
  0x00000098c293e800 ConcurrentGCThread "G1 Young RemSet Sampling" [stack: 0x00000098c2bf0000,0x00000098c2cf0000] [id=7204]

Threads with active compile tasks:

VM state:at safepoint (normal execution)

VM Mutex/Monitor currently owned by a thread:  ([mutex/lock_event])
[0x00000098a4001530] Threads_lock - owner thread: 0x00000098c2ac5000
[0x00000098a4001260] Heap_lock - owner thread: 0x00000098c4ae5800

Heap address: 0x0000000081a00000, size: 2022 MB, Compressed Oops mode: 32-bit
Narrow klass base: 0x0000000800000000, Narrow klass shift: 3
Compressed class space size: 1073741824 Address: 0x0000000800b30000

Heap:
 garbage-first heap   total 164864K, used 11916K [0x0000000081a00000, 0x0000000100000000)
  region size 1024K, 7 young (7168K), 7 survivors (7168K)
 Metaspace       used 16766K, capacity 18039K, committed 18176K, reserved 1064960K
  class space    used 2220K, capacity 2450K, committed 2560K, reserved 1048576K
Heap Regions: E=young(eden), S=young(survivor), O=old, HS=humongous(starts), HC=humongous(continues), CS=collection set, F=free, OA=open archive, CA=closed archive, TAMS=top-at-mark-start (previous, next)
|   0|0x0000000081a00000, 0x0000000081b00000, 0x0000000081b00000|100%| O|  |TAMS 0x0000000081a00000, 0x0000000081a00000| Untracked 
|   1|0x0000000081b00000, 0x0000000081c00000, 0x0000000081c00000|100%| O|  |TAMS 0x0000000081b00000, 0x0000000081b00000| Untracked 
|   2|0x0000000081c00000, 0x0000000081d00000, 0x0000000081d00000|100%| O|  |TAMS 0x0000000081c00000, 0x0000000081c00000| Untracked 
|   3|0x0000000081d00000, 0x0000000081e00000, 0x0000000081e00000|100%| O|  |TAMS 0x0000000081d00000, 0x0000000081d00000| Untracked 
|   4|0x0000000081e00000, 0x0000000081f00000, 0x0000000081f00000|100%| O|  |TAMS 0x0000000081e00000, 0x0000000081e00000| Untracked 
|   5|0x0000000081f00000, 0x0000000081f2e000, 0x0000000082000000| 17%| O|  |TAMS 0x0000000081f00000, 0x0000000081f00000| Untracked 
|   6|0x0000000082000000, 0x0000000082000000, 0x0000000082100000|  0%| F|  |TAMS 0x0000000082000000, 0x0000000082000000| Untracked 
|   7|0x0000000082100000, 0x0000000082100000, 0x0000000082200000|  0%| F|  |TAMS 0x0000000082100000, 0x0000000082100000| Untracked 
|   8|0x0000000082200000, 0x0000000082200000, 0x0000000082300000|  0%| F|  |TAMS 0x0000000082200000, 0x0000000082200000| Untracked 
|   9|0x0000000082300000, 0x0000000082300000, 0x0000000082400000|  0%| F|  |TAMS 0x0000000082300000, 0x0000000082300000| Untracked 
|  10|0x0000000082400000, 0x0000000082400000, 0x0000000082500000|  0%| F|  |TAMS 0x0000000082400000, 0x0000000082400000| Untracked 
|  11|0x0000000082500000, 0x0000000082500000, 0x0000000082600000|  0%| F|  |TAMS 0x0000000082500000, 0x0000000082500000| Untracked 
|  12|0x0000000082600000, 0x0000000082600000, 0x0000000082700000|  0%| F|  |TAMS 0x0000000082600000, 0x0000000082600000| Untracked 
|  13|0x0000000082700000, 0x0000000082700000, 0x0000000082800000|  0%| F|  |TAMS 0x0000000082700000, 0x0000000082700000| Untracked 
|  14|0x0000000082800000, 0x0000000082800000, 0x0000000082900000|  0%| F|  |TAMS 0x0000000082800000, 0x0000000082800000| Untracked 
|  15|0x0000000082900000, 0x0000000082900000, 0x0000000082a00000|  0%| F|  |TAMS 0x0000000082900000, 0x0000000082900000| Untracked 
|  16|0x0000000082a00000, 0x0000000082a00000, 0x0000000082b00000|  0%| F|  |TAMS 0x0000000082a00000, 0x0000000082a00000| Untracked 
|  17|0x0000000082b00000, 0x0000000082b00000, 0x0000000082c00000|  0%| F|  |TAMS 0x0000000082b00000, 0x0000000082b00000| Untracked 
|  18|0x0000000082c00000, 0x0000000082c00000, 0x0000000082d00000|  0%| F|  |TAMS 0x0000000082c00000, 0x0000000082c00000| Untracked 
|  19|0x0000000082d00000, 0x0000000082d00000, 0x0000000082e00000|  0%| F|  |TAMS 0x0000000082d00000, 0x0000000082d00000| Untracked 
|  20|0x0000000082e00000, 0x0000000082e00000, 0x0000000082f00000|  0%| F|  |TAMS 0x0000000082e00000, 0x0000000082e00000| Untracked 
|  21|0x0000000082f00000, 0x0000000082f00000, 0x0000000083000000|  0%| F|  |TAMS 0x0000000082f00000, 0x0000000082f00000| Untracked 
|  22|0x0000000083000000, 0x0000000083000000, 0x0000000083100000|  0%| F|  |TAMS 0x0000000083000000, 0x0000000083000000| Untracked 
|  23|0x0000000083100000, 0x0000000083100000, 0x0000000083200000|  0%| F|  |TAMS 0x0000000083100000, 0x0000000083100000| Untracked 
|  24|0x0000000083200000, 0x0000000083200000, 0x0000000083300000|  0%| F|  |TAMS 0x0000000083200000, 0x0000000083200000| Untracked 
|  25|0x0000000083300000, 0x0000000083300000, 0x0000000083400000|  0%| F|  |TAMS 0x0000000083300000, 0x0000000083300000| Untracked 
|  26|0x0000000083400000, 0x0000000083400000, 0x0000000083500000|  0%| F|  |TAMS 0x0000000083400000, 0x0000000083400000| Untracked 
|  27|0x0000000083500000, 0x0000000083500000, 0x0000000083600000|  0%| F|  |TAMS 0x0000000083500000, 0x0000000083500000| Untracked 
|  28|0x0000000083600000, 0x0000000083600000, 0x0000000083700000|  0%| F|  |TAMS 0x0000000083600000, 0x0000000083600000| Untracked 
|  29|0x0000000083700000, 0x0000000083700000, 0x0000000083800000|  0%| F|  |TAMS 0x0000000083700000, 0x0000000083700000| Untracked 
|  30|0x0000000083800000, 0x0000000083800000, 0x0000000083900000|  0%| F|  |TAMS 0x0000000083800000, 0x0000000083800000| Untracked 
|  31|0x0000000083900000, 0x0000000083900000, 0x0000000083a00000|  0%| F|  |TAMS 0x0000000083900000, 0x0000000083900000| Untracked 
|  32|0x0000000083a00000, 0x0000000083a00000, 0x0000000083b00000|  0%| F|  |TAMS 0x0000000083a00000, 0x0000000083a00000| Untracked 
|  33|0x0000000083b00000, 0x0000000083b00000, 0x0000000083c00000|  0%| F|  |TAMS 0x0000000083b00000, 0x0000000083b00000| Untracked 
|  34|0x0000000083c00000, 0x0000000083c00000, 0x0000000083d00000|  0%| F|  |TAMS 0x0000000083c00000, 0x0000000083c00000| Untracked 
|  35|0x0000000083d00000, 0x0000000083d00000, 0x0000000083e00000|  0%| F|  |TAMS 0x0000000083d00000, 0x0000000083d00000| Untracked 
|  36|0x0000000083e00000, 0x0000000083e00000, 0x0000000083f00000|  0%| F|  |TAMS 0x0000000083e00000, 0x0000000083e00000| Untracked 
|  37|0x0000000083f00000, 0x0000000083f00000, 0x0000000084000000|  0%| F|  |TAMS 0x0000000083f00000, 0x0000000083f00000| Untracked 
|  38|0x0000000084000000, 0x0000000084000000, 0x0000000084100000|  0%| F|  |TAMS 0x0000000084000000, 0x0000000084000000| Untracked 
|  39|0x0000000084100000, 0x0000000084100000, 0x0000000084200000|  0%| F|  |TAMS 0x0000000084100000, 0x0000000084100000| Untracked 
|  40|0x0000000084200000, 0x0000000084200000, 0x0000000084300000|  0%| F|  |TAMS 0x0000000084200000, 0x0000000084200000| Untracked 
|  41|0x0000000084300000, 0x0000000084300000, 0x0000000084400000|  0%| F|  |TAMS 0x0000000084300000, 0x0000000084300000| Untracked 
|  42|0x0000000084400000, 0x0000000084400000, 0x0000000084500000|  0%| F|  |TAMS 0x0000000084400000, 0x0000000084400000| Untracked 
|  43|0x0000000084500000, 0x0000000084500000, 0x0000000084600000|  0%| F|  |TAMS 0x0000000084500000, 0x0000000084500000| Untracked 
|  44|0x0000000084600000, 0x0000000084600000, 0x0000000084700000|  0%| F|  |TAMS 0x0000000084600000, 0x0000000084600000| Untracked 
|  45|0x0000000084700000, 0x0000000084775168, 0x0000000084800000| 45%| S|CS|TAMS 0x0000000084700000, 0x0000000084700000| Complete 
|  46|0x0000000084800000, 0x0000000084900000, 0x0000000084900000|100%| S|CS|TAMS 0x0000000084800000, 0x0000000084800000| Complete 
|  47|0x0000000084900000, 0x0000000084a00000, 0x0000000084a00000|100%| S|CS|TAMS 0x0000000084900000, 0x0000000084900000| Complete 
|  48|0x0000000084a00000, 0x0000000084a00000, 0x0000000084b00000|  0%| F|  |TAMS 0x0000000084a00000, 0x0000000084a00000| Untracked 
|  49|0x0000000084b00000, 0x0000000084b00000, 0x0000000084c00000|  0%| F|  |TAMS 0x0000000084b00000, 0x0000000084b00000| Untracked 
|  50|0x0000000084c00000, 0x0000000084c00000, 0x0000000084d00000|  0%| F|  |TAMS 0x0000000084c00000, 0x0000000084c00000| Untracked 
|  51|0x0000000084d00000, 0x0000000084d00000, 0x0000000084e00000|  0%| F|  |TAMS 0x0000000084d00000, 0x0000000084d00000| Untracked 
|  52|0x0000000084e00000, 0x0000000084f00000, 0x0000000084f00000|100%| S|CS|TAMS 0x0000000084e00000, 0x0000000084e00000| Complete 
|  53|0x0000000084f00000, 0x0000000085000000, 0x0000000085000000|100%| S|CS|TAMS 0x0000000084f00000, 0x0000000084f00000| Complete 
|  54|0x0000000085000000, 0x0000000085100000, 0x0000000085100000|100%| S|CS|TAMS 0x0000000085000000, 0x0000000085000000| Complete 
|  55|0x0000000085100000, 0x0000000085200000, 0x0000000085200000|100%| S|CS|TAMS 0x0000000085100000, 0x0000000085100000| Complete 
|  56|0x0000000085200000, 0x0000000085200000, 0x0000000085300000|  0%| F|  |TAMS 0x0000000085200000, 0x0000000085200000| Untracked 
|  57|0x0000000085300000, 0x0000000085300000, 0x0000000085400000|  0%| F|  |TAMS 0x0000000085300000, 0x0000000085300000| Untracked 
|  58|0x0000000085400000, 0x0000000085400000, 0x0000000085500000|  0%| F|  |TAMS 0x0000000085400000, 0x0000000085400000| Untracked 
|  59|0x0000000085500000, 0x0000000085500000, 0x0000000085600000|  0%| F|  |TAMS 0x0000000085500000, 0x0000000085500000| Untracked 
|  60|0x0000000085600000, 0x0000000085600000, 0x0000000085700000|  0%| F|  |TAMS 0x0000000085600000, 0x0000000085600000| Untracked 
|  61|0x0000000085700000, 0x0000000085700000, 0x0000000085800000|  0%| F|  |TAMS 0x0000000085700000, 0x0000000085700000| Untracked 
|  62|0x0000000085800000, 0x0000000085800000, 0x0000000085900000|  0%| F|  |TAMS 0x0000000085800000, 0x0000000085800000| Untracked 
|  63|0x0000000085900000, 0x0000000085900000, 0x0000000085a00000|  0%| F|  |TAMS 0x0000000085900000, 0x0000000085900000| Untracked 
|  64|0x0000000085a00000, 0x0000000085a00000, 0x0000000085b00000|  0%| F|  |TAMS 0x0000000085a00000, 0x0000000085a00000| Untracked 
|  65|0x0000000085b00000, 0x0000000085b00000, 0x0000000085c00000|  0%| F|  |TAMS 0x0000000085b00000, 0x0000000085b00000| Untracked 
|  66|0x0000000085c00000, 0x0000000085c00000, 0x0000000085d00000|  0%| F|  |TAMS 0x0000000085c00000, 0x0000000085c00000| Untracked 
|  67|0x0000000085d00000, 0x0000000085d00000, 0x0000000085e00000|  0%| F|  |TAMS 0x0000000085d00000, 0x0000000085d00000| Untracked 
|  68|0x0000000085e00000, 0x0000000085e00000, 0x0000000085f00000|  0%| F|  |TAMS 0x0000000085e00000, 0x0000000085e00000| Untracked 
|  69|0x0000000085f00000, 0x0000000085f00000, 0x0000000086000000|  0%| F|  |TAMS 0x0000000085f00000, 0x0000000085f00000| Untracked 
|  70|0x0000000086000000, 0x0000000086000000, 0x0000000086100000|  0%| F|  |TAMS 0x0000000086000000, 0x0000000086000000| Untracked 
|  71|0x0000000086100000, 0x0000000086100000, 0x0000000086200000|  0%| F|  |TAMS 0x0000000086100000, 0x0000000086100000| Untracked 
|  72|0x0000000086200000, 0x0000000086200000, 0x0000000086300000|  0%| F|  |TAMS 0x0000000086200000, 0x0000000086200000| Untracked 
|  73|0x0000000086300000, 0x0000000086300000, 0x0000000086400000|  0%| F|  |TAMS 0x0000000086300000, 0x0000000086300000| Untracked 
|  74|0x0000000086400000, 0x0000000086400000, 0x0000000086500000|  0%| F|  |TAMS 0x0000000086400000, 0x0000000086400000| Untracked 
|  75|0x0000000086500000, 0x0000000086500000, 0x0000000086600000|  0%| F|  |TAMS 0x0000000086500000, 0x0000000086500000| Untracked 
|  76|0x0000000086600000, 0x0000000086600000, 0x0000000086700000|  0%| F|  |TAMS 0x0000000086600000, 0x0000000086600000| Untracked 
|  77|0x0000000086700000, 0x0000000086700000, 0x0000000086800000|  0%| F|  |TAMS 0x0000000086700000, 0x0000000086700000| Untracked 
|  78|0x0000000086800000, 0x0000000086800000, 0x0000000086900000|  0%| F|  |TAMS 0x0000000086800000, 0x0000000086800000| Untracked 
|  79|0x0000000086900000, 0x0000000086900000, 0x0000000086a00000|  0%| F|  |TAMS 0x0000000086900000, 0x0000000086900000| Untracked 
|  80|0x0000000086a00000, 0x0000000086a00000, 0x0000000086b00000|  0%| F|  |TAMS 0x0000000086a00000, 0x0000000086a00000| Untracked 
|  81|0x0000000086b00000, 0x0000000086b00000, 0x0000000086c00000|  0%| F|  |TAMS 0x0000000086b00000, 0x0000000086b00000| Untracked 
|  82|0x0000000086c00000, 0x0000000086c00000, 0x0000000086d00000|  0%| F|  |TAMS 0x0000000086c00000, 0x0000000086c00000| Untracked 
|  83|0x0000000086d00000, 0x0000000086d00000, 0x0000000086e00000|  0%| F|  |TAMS 0x0000000086d00000, 0x0000000086d00000| Untracked 
|  84|0x0000000086e00000, 0x0000000086e00000, 0x0000000086f00000|  0%| F|  |TAMS 0x0000000086e00000, 0x0000000086e00000| Untracked 
|  85|0x0000000086f00000, 0x0000000086f00000, 0x0000000087000000|  0%| F|  |TAMS 0x0000000086f00000, 0x0000000086f00000| Untracked 
|  86|0x0000000087000000, 0x0000000087000000, 0x0000000087100000|  0%| F|  |TAMS 0x0000000087000000, 0x0000000087000000| Untracked 
|  87|0x0000000087100000, 0x0000000087100000, 0x0000000087200000|  0%| F|  |TAMS 0x0000000087100000, 0x0000000087100000| Untracked 
|  88|0x0000000087200000, 0x0000000087200000, 0x0000000087300000|  0%| F|  |TAMS 0x0000000087200000, 0x0000000087200000| Untracked 
|  89|0x0000000087300000, 0x0000000087300000, 0x0000000087400000|  0%| F|  |TAMS 0x0000000087300000, 0x0000000087300000| Untracked 
|  90|0x0000000087400000, 0x0000000087400000, 0x0000000087500000|  0%| F|  |TAMS 0x0000000087400000, 0x0000000087400000| Untracked 
|  91|0x0000000087500000, 0x0000000087500000, 0x0000000087600000|  0%| F|  |TAMS 0x0000000087500000, 0x0000000087500000| Untracked 
|  92|0x0000000087600000, 0x0000000087600000, 0x0000000087700000|  0%| F|  |TAMS 0x0000000087600000, 0x0000000087600000| Untracked 
|  93|0x0000000087700000, 0x0000000087700000, 0x0000000087800000|  0%| F|  |TAMS 0x0000000087700000, 0x0000000087700000| Untracked 
|  94|0x0000000087800000, 0x0000000087800000, 0x0000000087900000|  0%| F|  |TAMS 0x0000000087800000, 0x0000000087800000| Untracked 
|  95|0x0000000087900000, 0x0000000087900000, 0x0000000087a00000|  0%| F|  |TAMS 0x0000000087900000, 0x0000000087900000| Untracked 
|  96|0x0000000087a00000, 0x0000000087a00000, 0x0000000087b00000|  0%| F|  |TAMS 0x0000000087a00000, 0x0000000087a00000| Untracked 
|  97|0x0000000087b00000, 0x0000000087b00000, 0x0000000087c00000|  0%| F|  |TAMS 0x0000000087b00000, 0x0000000087b00000| Untracked 
|  98|0x0000000087c00000, 0x0000000087c00000, 0x0000000087d00000|  0%| F|  |TAMS 0x0000000087c00000, 0x0000000087c00000| Untracked 
|  99|0x0000000087d00000, 0x0000000087d00000, 0x0000000087e00000|  0%| F|  |TAMS 0x0000000087d00000, 0x0000000087d00000| Untracked 
| 100|0x0000000087e00000, 0x0000000087e00000, 0x0000000087f00000|  0%| F|  |TAMS 0x0000000087e00000, 0x0000000087e00000| Untracked 
| 101|0x0000000087f00000, 0x0000000087f00000, 0x0000000088000000|  0%| F|  |TAMS 0x0000000087f00000, 0x0000000087f00000| Untracked 
| 102|0x0000000088000000, 0x0000000088000000, 0x0000000088100000|  0%| F|  |TAMS 0x0000000088000000, 0x0000000088000000| Untracked 
| 103|0x0000000088100000, 0x0000000088100000, 0x0000000088200000|  0%| F|  |TAMS 0x0000000088100000, 0x0000000088100000| Untracked 
| 104|0x0000000088200000, 0x0000000088200000, 0x0000000088300000|  0%| F|  |TAMS 0x0000000088200000, 0x0000000088200000| Untracked 
| 105|0x0000000088300000, 0x0000000088300000, 0x0000000088400000|  0%| F|  |TAMS 0x0000000088300000, 0x0000000088300000| Untracked 
| 106|0x0000000088400000, 0x0000000088400000, 0x0000000088500000|  0%| F|  |TAMS 0x0000000088400000, 0x0000000088400000| Untracked 
| 107|0x0000000088500000, 0x0000000088500000, 0x0000000088600000|  0%| F|  |TAMS 0x0000000088500000, 0x0000000088500000| Untracked 
| 108|0x0000000088600000, 0x0000000088600000, 0x0000000088700000|  0%| F|  |TAMS 0x0000000088600000, 0x0000000088600000| Untracked 
| 109|0x0000000088700000, 0x0000000088700000, 0x0000000088800000|  0%| F|  |TAMS 0x0000000088700000, 0x0000000088700000| Untracked 
| 110|0x0000000088800000, 0x0000000088800000, 0x0000000088900000|  0%| F|  |TAMS 0x0000000088800000, 0x0000000088800000| Untracked 
| 111|0x0000000088900000, 0x0000000088900000, 0x0000000088a00000|  0%| F|  |TAMS 0x0000000088900000, 0x0000000088900000| Untracked 
| 112|0x0000000088a00000, 0x0000000088a00000, 0x0000000088b00000|  0%| F|  |TAMS 0x0000000088a00000, 0x0000000088a00000| Untracked 
| 113|0x0000000088b00000, 0x0000000088b00000, 0x0000000088c00000|  0%| F|  |TAMS 0x0000000088b00000, 0x0000000088b00000| Untracked 
| 114|0x0000000088c00000, 0x0000000088c00000, 0x0000000088d00000|  0%| F|  |TAMS 0x0000000088c00000, 0x0000000088c00000| Untracked 
| 115|0x0000000088d00000, 0x0000000088d00000, 0x0000000088e00000|  0%| F|  |TAMS 0x0000000088d00000, 0x0000000088d00000| Untracked 
| 116|0x0000000088e00000, 0x0000000088e00000, 0x0000000088f00000|  0%| F|  |TAMS 0x0000000088e00000, 0x0000000088e00000| Untracked 
| 117|0x0000000088f00000, 0x0000000088f00000, 0x0000000089000000|  0%| F|  |TAMS 0x0000000088f00000, 0x0000000088f00000| Untracked 
| 118|0x0000000089000000, 0x0000000089000000, 0x0000000089100000|  0%| F|  |TAMS 0x0000000089000000, 0x0000000089000000| Untracked 
| 119|0x0000000089100000, 0x0000000089100000, 0x0000000089200000|  0%| F|  |TAMS 0x0000000089100000, 0x0000000089100000| Untracked 
| 120|0x0000000089200000, 0x0000000089200000, 0x0000000089300000|  0%| F|  |TAMS 0x0000000089200000, 0x0000000089200000| Untracked 
| 121|0x0000000089300000, 0x0000000089300000, 0x0000000089400000|  0%| F|  |TAMS 0x0000000089300000, 0x0000000089300000| Untracked 
| 122|0x0000000089400000, 0x0000000089400000, 0x0000000089500000|  0%| F|  |TAMS 0x0000000089400000, 0x0000000089400000| Untracked 
| 123|0x0000000089500000, 0x0000000089500000, 0x0000000089600000|  0%| F|  |TAMS 0x0000000089500000, 0x0000000089500000| Untracked 
| 124|0x0000000089600000, 0x0000000089600000, 0x0000000089700000|  0%| F|  |TAMS 0x0000000089600000, 0x0000000089600000| Untracked 
| 125|0x0000000089700000, 0x0000000089700000, 0x0000000089800000|  0%| F|  |TAMS 0x0000000089700000, 0x0000000089700000| Untracked 
| 126|0x0000000089800000, 0x0000000089800000, 0x0000000089900000|  0%| F|  |TAMS 0x0000000089800000, 0x0000000089800000| Untracked 
| 127|0x0000000089900000, 0x0000000089900000, 0x0000000089a00000|  0%| F|  |TAMS 0x0000000089900000, 0x0000000089900000| Untracked 

Card table byte_map: [0x00000098bbb70000,0x00000098bbf70000] _byte_map_base: 0x00000098bb763000

Marking Bits (Prev, Next): (CMBitMap*) 0x00000098a4048b38, (CMBitMap*) 0x00000098a4048b78
 Prev Bits: [0x00000098bc370000, 0x00000098be308000)
 Next Bits: [0x00000098be310000, 0x00000098c02a8000)

Polling page: 0x00000098a1d80000

Metaspace:

Usage:
  Non-class:     15.22 MB capacity,    14.21 MB ( 93%) used,   975.77 KB (  6%) free+waste,    67.00 KB ( <1%) overhead. 
      Class:      2.39 MB capacity,     2.17 MB ( 91%) used,   194.43 KB (  8%) free+waste,    35.50 KB (  1%) overhead. 
       Both:     17.62 MB capacity,    16.37 MB ( 93%) used,     1.14 MB (  6%) free+waste,   102.50 KB ( <1%) overhead. 

Virtual space:
  Non-class space:       16.00 MB reserved,      15.25 MB ( 95%) committed 
      Class space:        1.00 GB reserved,       2.50 MB ( <1%) committed 
             Both:        1.02 GB reserved,      17.75 MB (  2%) committed 

Chunk freelists:
   Non-Class:  27.00 KB
       Class:  14.00 KB
        Both:  41.00 KB

MaxMetaspaceSize: 17179869184.00 GB
CompressedClassSpaceSize: 1.00 GB

CodeHeap 'non-profiled nmethods': size=238912Kb used=3765Kb max_used=3765Kb free=235146Kb
 bounds [0x00000098ace20000, 0x00000098ad1d0000, 0x00000098bb770000]
CodeHeap 'non-nmethods': size=6848Kb used=1199Kb max_used=1199Kb free=5648Kb
 bounds [0x00000098ac770000, 0x00000098ac9e0000, 0x00000098ace20000]
 total_blobs=3209 nmethods=2474 adapters=391
 compilation: enabled
              stopped_count=0, restarted_count=0
 full_count=0

Compilation events (20 events):
Event: 6.953 Thread 0x00000098c2ae8000 2467       1       org.springframework.core.type.classreading.SimpleMetadataReader::getClassMetadata (5 bytes)
Event: 6.953 Thread 0x00000098c2ae8000 nmethod 2467 0x00000098ad1c8810 code [0x00000098ad1c89a0, 0x00000098ad1c8a78]
Event: 6.953 Thread 0x00000098c2ae8000 2465       1       org.springframework.core.type.classreading.SimpleAnnotationMetadataReadingVisitor::getSource (28 bytes)
Event: 6.954 Thread 0x00000098c2ae8000 nmethod 2465 0x00000098ad1c8b10 code [0x00000098ad1c8ca0, 0x00000098ad1c8e98]
Event: 6.954 Thread 0x00000098c2ae8000 2468       1       java.lang.reflect.AccessibleObject::checkCanSetAccessible (386 bytes)
Event: 6.959 Thread 0x00000098c2ae8000 nmethod 2468 0x00000098ad1c8f10 code [0x00000098ad1c93c0, 0x00000098ad1cabe8]
Event: 6.959 Thread 0x00000098c2ae8000 2469       1       org.springframework.core.annotation.AnnotationTypeMapping::collectAliases (73 bytes)
Event: 6.960 Thread 0x00000098c2ae8000 nmethod 2469 0x00000098ad1cb890 code [0x00000098ad1cba60, 0x00000098ad1cbcd8]
Event: 6.960 Thread 0x00000098c2ae8000 2470       1       org.springframework.context.annotation.ConfigurationClassParser$$Lambda$377/0x0000000800d58c40::test (8 bytes)
Event: 6.960 Thread 0x00000098c2ae8000 nmethod 2470 0x00000098ad1cbe90 code [0x00000098ad1cc040, 0x00000098ad1cc1f8]
Event: 6.960 Thread 0x00000098c2ae8000 2462       1       org.springframework.core.type.classreading.SimpleAnnotationMetadata::getSuperClassName (5 bytes)
Event: 6.961 Thread 0x00000098c2ae8000 nmethod 2462 0x00000098ad1cc310 code [0x00000098ad1cc4a0, 0x00000098ad1cc578]
Event: 6.961 Thread 0x00000098c2ae8000 2471       1       org.springframework.context.annotation.ConfigurationClassParser::lambda$static$0 (24 bytes)
Event: 6.961 Thread 0x00000098c2ae8000 nmethod 2471 0x00000098ad1cc610 code [0x00000098ad1cc7c0, 0x00000098ad1cc8f8]
Event: 6.964 Thread 0x00000098c2ae8000 2472       1       org.springframework.core.type.classreading.SimpleMethodMetadataReadingVisitor::visitAnnotation (28 bytes)
Event: 6.964 Thread 0x00000098c2ae8000 nmethod 2472 0x00000098ad1cca10 code [0x00000098ad1ccbc0, 0x00000098ad1ccdf8]
Event: 6.964 Thread 0x00000098c2ae8000 2473       1       org.springframework.core.type.classreading.SimpleMethodMetadataReadingVisitor$$Lambda$384/0x0000000800d5ec40::get$Lambda (9 bytes)
Event: 6.965 Thread 0x00000098c2ae8000 nmethod 2473 0x00000098ad1ccf10 code [0x00000098ad1cd0a0, 0x00000098ad1cd1f8]
Event: 6.965 Thread 0x00000098c2ae8000 2474       1       org.springframework.core.type.classreading.SimpleMethodMetadataReadingVisitor$$Lambda$384/0x0000000800d5ec40::<init> (10 bytes)
Event: 6.965 Thread 0x00000098c2ae8000 nmethod 2474 0x00000098ad1cd290 code [0x00000098ad1cd420, 0x00000098ad1cd538]

GC Heap History (9 events):
Event: 0.846 GC heap before
{Heap before GC invocations=0 (full 0):
 garbage-first heap   total 131072K, used 13312K [0x0000000081a00000, 0x0000000100000000)
  region size 1024K, 13 young (13312K), 0 survivors (0K)
 Metaspace       used 512K, capacity 4780K, committed 5120K, reserved 1056768K
  class space    used 27K, capacity 424K, committed 512K, reserved 1048576K
}
Event: 0.881 GC heap after
{Heap after GC invocations=1 (full 0):
 garbage-first heap   total 131072K, used 5227K [0x0000000081a00000, 0x0000000100000000)
  region size 1024K, 2 young (2048K), 2 survivors (2048K)
 Metaspace       used 512K, capacity 4780K, committed 5120K, reserved 1056768K
  class space    used 27K, capacity 424K, committed 512K, reserved 1048576K
}
Event: 1.460 GC heap before
{Heap before GC invocations=1 (full 0):
 garbage-first heap   total 131072K, used 17515K [0x0000000081a00000, 0x0000000100000000)
  region size 1024K, 14 young (14336K), 2 survivors (2048K)
 Metaspace       used 2628K, capacity 5886K, committed 6016K, reserved 1056768K
  class space    used 302K, capacity 562K, committed 640K, reserved 1048576K
}
Event: 1.467 GC heap after
{Heap after GC invocations=2 (full 0):
 garbage-first heap   total 131072K, used 6735K [0x0000000081a00000, 0x0000000100000000)
  region size 1024K, 2 young (2048K), 2 survivors (2048K)
 Metaspace       used 2628K, capacity 5886K, committed 6016K, reserved 1056768K
  class space    used 302K, capacity 562K, committed 640K, reserved 1048576K
}
Event: 1.828 GC heap before
{Heap before GC invocations=2 (full 0):
 garbage-first heap   total 131072K, used 29263K [0x0000000081a00000, 0x0000000100000000)
  region size 1024K, 24 young (24576K), 2 survivors (2048K)
 Metaspace       used 3823K, capacity 6663K, committed 6912K, reserved 1056768K
  class space    used 468K, capacity 676K, committed 768K, reserved 1048576K
}
Event: 1.833 GC heap after
{Heap after GC invocations=3 (full 0):
 garbage-first heap   total 131072K, used 7066K [0x0000000081a00000, 0x0000000100000000)
  region size 1024K, 2 young (2048K), 2 survivors (2048K)
 Metaspace       used 3823K, capacity 6663K, committed 6912K, reserved 1056768K
  class space    used 468K, capacity 676K, committed 768K, reserved 1048576K
}
Event: 5.140 GC heap before
{Heap before GC invocations=3 (full 0):
 garbage-first heap   total 131072K, used 82842K [0x0000000081a00000, 0x0000000100000000)
  region size 1024K, 76 young (77824K), 2 survivors (2048K)
 Metaspace       used 12158K, capacity 13510K, committed 13568K, reserved 1060864K
  class space    used 1579K, capacity 1771K, committed 1792K, reserved 1048576K
}
Event: 5.153 GC heap after
{Heap after GC invocations=4 (full 0):
 garbage-first heap   total 131072K, used 9202K [0x0000000081a00000, 0x0000000100000000)
  region size 1024K, 4 young (4096K), 4 survivors (4096K)
 Metaspace       used 12158K, capacity 13510K, committed 13568K, reserved 1060864K
  class space    used 1579K, capacity 1771K, committed 1792K, reserved 1048576K
}
Event: 6.966 GC heap before
{Heap before GC invocations=4 (full 0):
 garbage-first heap   total 131072K, used 82930K [0x0000000081a00000, 0x0000000100000000)
  region size 1024K, 76 young (77824K), 4 survivors (4096K)
 Metaspace       used 16766K, capacity 18039K, committed 18176K, reserved 1064960K
  class space    used 2220K, capacity 2450K, committed 2560K, reserved 1048576K
}

Deoptimization events (4 events):
Event: 3.727 Thread 0x00000098c4ae5800 DEOPT PACKING pc=0x00000098ace952ac sp=0x00000098c53ed0e0
Event: 3.727 Thread 0x00000098c4ae5800 DEOPT UNPACKING pc=0x00000098ac7b9940 sp=0x00000098c53ec5a8 mode 0
Event: 3.862 Thread 0x00000098c4ae5800 DEOPT PACKING pc=0x00000098acee7be4 sp=0x00000098c53eb270
Event: 3.862 Thread 0x00000098c4ae5800 DEOPT UNPACKING pc=0x00000098ac7b9940 sp=0x00000098c53ea798 mode 0

Classes unloaded (0 events):
No events

Classes redefined (0 events):
No events

Internal exceptions (20 events):
Event: 5.206 Thread 0x00000098c4ae5800 Exception <a 'java/lang/NoSuchMethodError'{0x00000000898ce978}: 'void java.lang.invoke.DirectMethodHandle$Holder.invokeStaticInit(java.lang.Object, java.lang.Object, java.lang.Object)'> (0x00000000898ce978) 
thrown [t:/workspace/open/src/hotspot/share/interpreter/linkResolver.cpp, line 766]
Event: 5.332 Thread 0x00000098c55f0800 Exception <a 'java/lang/NoClassDefFoundError'{0x00000000895c1f98}: javax/validation/Validation> (0x00000000895c1f98) 
thrown [t:/workspace/open/src/hotspot/share/classfile/systemDictionary.cpp, line 215]
Event: 5.789 Thread 0x00000098c4ae5800 Exception <a 'java/lang/ClassNotFoundException'{0x000000008839d190}: java/lang/ObjectCustomizer> (0x000000008839d190) 
thrown [t:/workspace/open/src/hotspot/share/classfile/systemDictionary.cpp, line 226]
Event: 5.794 Thread 0x00000098c4ae5800 Exception <a 'java/lang/IncompatibleClassChangeError'{0x00000000883a1f30}: Found class java.lang.Object, but interface was expected> (0x00000000883a1f30) 
thrown [t:/workspace/open/src/hotspot/share/interpreter/linkResolver.cpp, line 832]
Event: 5.809 Thread 0x00000098c4ae5800 Exception <a 'java/lang/ClassNotFoundException'{0x00000000883dd7c8}: org/springframework/context/annotation/ConfigurationClassPostProcessorCustomizer> (0x00000000883dd7c8) 
thrown [t:/workspace/open/src/hotspot/share/classfile/systemDictionary.cpp, line 226]
Event: 5.818 Thread 0x00000098c4ae5800 Exception <a 'java/lang/ClassNotFoundException'{0x000000008822dd08}: org/springframework/beans/factory/support/BeanDefinitionRegistryPostProcessorCustomizer> (0x000000008822dd08) 
thrown [t:/workspace/open/src/hotspot/share/classfile/systemDictionary.cpp, line 226]
Event: 5.820 Thread 0x00000098c4ae5800 Exception <a 'java/lang/ClassNotFoundException'{0x000000008824e7e0}: org/springframework/beans/factory/config/BeanFactoryPostProcessorCustomizer> (0x000000008824e7e0) 
thrown [t:/workspace/open/src/hotspot/share/classfile/systemDictionary.cpp, line 226]
Event: 5.822 Thread 0x00000098c4ae5800 Exception <a 'java/lang/ClassNotFoundException'{0x00000000882699a0}: org/springframework/core/PriorityOrderedCustomizer> (0x00000000882699a0) 
thrown [t:/workspace/open/src/hotspot/share/classfile/systemDictionary.cpp, line 226]
Event: 5.824 Thread 0x00000098c4ae5800 Exception <a 'java/lang/ClassNotFoundException'{0x0000000088281f78}: org/springframework/core/OrderedCustomizer> (0x0000000088281f78) 
thrown [t:/workspace/open/src/hotspot/share/classfile/systemDictionary.cpp, line 226]
Event: 5.826 Thread 0x00000098c4ae5800 Exception <a 'java/lang/ClassNotFoundException'{0x000000008829e278}: org/springframework/context/ResourceLoaderAwareCustomizer> (0x000000008829e278) 
thrown [t:/workspace/open/src/hotspot/share/classfile/systemDictionary.cpp, line 226]
Event: 5.829 Thread 0x00000098c4ae5800 Exception <a 'java/lang/ClassNotFoundException'{0x00000000882b8bf8}: org/springframework/beans/factory/AwareCustomizer> (0x00000000882b8bf8) 
thrown [t:/workspace/open/src/hotspot/share/classfile/systemDictionary.cpp, line 226]
Event: 5.830 Thread 0x00000098c4ae5800 Exception <a 'java/lang/ClassNotFoundException'{0x00000000882d51d0}: org/springframework/context/ApplicationStartupAwareCustomizer> (0x00000000882d51d0) 
thrown [t:/workspace/open/src/hotspot/share/classfile/systemDictionary.cpp, line 226]
Event: 5.832 Thread 0x00000098c4ae5800 Exception <a 'java/lang/ClassNotFoundException'{0x00000000882efdc8}: org/springframework/beans/factory/AwareCustomizer> (0x00000000882efdc8) 
thrown [t:/workspace/open/src/hotspot/share/classfile/systemDictionary.cpp, line 226]
Event: 5.834 Thread 0x00000098c4ae5800 Exception <a 'java/lang/ClassNotFoundException'{0x000000008810d120}: org/springframework/beans/factory/BeanClassLoaderAwareCustomizer> (0x000000008810d120) 
thrown [t:/workspace/open/src/hotspot/share/classfile/systemDictionary.cpp, line 226]
Event: 5.835 Thread 0x00000098c4ae5800 Exception <a 'java/lang/ClassNotFoundException'{0x0000000088127ab8}: org/springframework/beans/factory/AwareCustomizer> (0x0000000088127ab8) 
thrown [t:/workspace/open/src/hotspot/share/classfile/systemDictionary.cpp, line 226]
Event: 5.837 Thread 0x00000098c4ae5800 Exception <a 'java/lang/ClassNotFoundException'{0x0000000088142ba0}: org/springframework/context/EnvironmentAwareCustomizer> (0x0000000088142ba0) 
thrown [t:/workspace/open/src/hotspot/share/classfile/systemDictionary.cpp, line 226]
Event: 5.838 Thread 0x00000098c4ae5800 Exception <a 'java/lang/ClassNotFoundException'{0x000000008815d4b0}: org/springframework/beans/factory/AwareCustomizer> (0x000000008815d4b0) 
thrown [t:/workspace/open/src/hotspot/share/classfile/systemDictionary.cpp, line 226]
Event: 6.097 Thread 0x00000098c4ae5800 Exception <a 'java/lang/NoSuchMethodError'{0x0000000087a03610}: 'void java.lang.invoke.DirectMethodHandle$Holder.invokeInterface(java.lang.Object, java.lang.Object, java.lang.Object, java.lang.Object)'> (0x0000000087a03610) 
thrown [t:/workspace/open/src/hotspot/share/interpreter/linkResolver.cpp, line 766]
Event: 6.321 Thread 0x00000098c47ce800 Exception <a 'java/lang/NoClassDefFoundError'{0x0000000086e0f2d8}: org/glassfish/jersey/server/monitoring/ApplicationEventListener> (0x0000000086e0f2d8) 
thrown [t:/workspace/open/src/hotspot/share/classfile/systemDictionary.cpp, line 215]
Event: 6.516 Thread 0x00000098c4ae5800 Exception <a 'java/lang/IncompatibleClassChangeError'{0x00000000864868e0}: Found class java.lang.Object, but interface was expected> (0x00000000864868e0) 
thrown [t:/workspace/open/src/hotspot/share/interpreter/linkResolver.cpp, line 832]

Events (20 events):
Event: 6.494 Executing VM operation: HandshakeOneThread done
Event: 6.494 Executing VM operation: HandshakeOneThread
Event: 6.494 Executing VM operation: HandshakeOneThread done
Event: 6.501 Executing VM operation: HandshakeOneThread
Event: 6.501 Executing VM operation: HandshakeOneThread done
Event: 6.501 Executing VM operation: HandshakeOneThread
Event: 6.501 Executing VM operation: HandshakeOneThread done
Event: 6.517 loading class java/util/HashMap$KeySpliterator
Event: 6.517 loading class java/util/HashMap$KeySpliterator done
Event: 6.528 Executing VM operation: BulkRevokeBias
Event: 6.528 Executing VM operation: BulkRevokeBias done
Event: 6.550 Executing VM operation: BulkRevokeBias
Event: 6.550 Executing VM operation: BulkRevokeBias done
Event: 6.550 Executing VM operation: HandshakeOneThread
Event: 6.550 Executing VM operation: HandshakeOneThread done
Event: 6.939 Executing VM operation: HandshakeOneThread
Event: 6.939 Executing VM operation: HandshakeOneThread done
Event: 6.939 Executing VM operation: HandshakeOneThread
Event: 6.939 Executing VM operation: HandshakeOneThread done
Event: 6.966 Executing VM operation: G1CollectForAllocation


Dynamic libraries:
0x00007ff761a80000 - 0x00007ff761a8f000 	C:\Program Files\Java\jdk-14\bin\java.exe
0x00007ff943290000 - 0x00007ff94343d000 	C:\Windows\SYSTEM32\ntdll.dll
0x00007ff941430000 - 0x00007ff94156e000 	C:\Windows\system32\KERNEL32.DLL
0x00007ff9405c0000 - 0x00007ff9406d5000 	C:\Windows\system32\KERNELBASE.dll
0x00007ff937fa0000 - 0x00007ff937fb8000 	C:\Program Files\Java\jdk-14\bin\jli.dll
0x00007ff93e490000 - 0x00007ff93e4a5000 	C:\Program Files\Java\jdk-14\bin\VCRUNTIME140.dll
0x00007ff93e480000 - 0x00007ff93e484000 	C:\Program Files\Java\jdk-14\bin\api-ms-win-crt-stdio-l1-1-0.dll
0x00007ff93ca40000 - 0x00007ff93ca44000 	C:\Program Files\Java\jdk-14\bin\api-ms-win-crt-runtime-l1-1-0.dll
0x00007ff93c580000 - 0x00007ff93c583000 	C:\Program Files\Java\jdk-14\bin\api-ms-win-crt-environment-l1-1-0.dll
0x00007ff93c560000 - 0x00007ff93c565000 	C:\Program Files\Java\jdk-14\bin\api-ms-win-crt-math-l1-1-0.dll
0x00007ff93b050000 - 0x00007ff93b053000 	C:\Program Files\Java\jdk-14\bin\api-ms-win-crt-locale-l1-1-0.dll
0x00007ff93c530000 - 0x00007ff93c533000 	C:\Program Files\Java\jdk-14\bin\api-ms-win-crt-heap-l1-1-0.dll
0x00007ff943180000 - 0x00007ff94322a000 	C:\Windows\system32\ADVAPI32.dll
0x00007ff93d2f0000 - 0x00007ff93d56b000 	C:\Windows\WinSxS\amd64_microsoft.windows.common-controls_6595b64144ccf1df_6.0.9600.18006_none_623f33d3ecbe86e8\COMCTL32.dll
0x00007ff9412b0000 - 0x00007ff941427000 	C:\Windows\system32\USER32.dll
0x00007ff93add0000 - 0x00007ff93adda000 	C:\Windows\SYSTEM32\VERSION.dll
0x00007ff93c550000 - 0x00007ff93c553000 	C:\Program Files\Java\jdk-14\bin\api-ms-win-crt-filesystem-l1-1-0.dll
0x00007ff93cb00000 - 0x00007ff93cb04000 	C:\Program Files\Java\jdk-14\bin\api-ms-win-crt-string-l1-1-0.dll
0x00007ff93c590000 - 0x00007ff93c594000 	C:\Program Files\Java\jdk-14\bin\api-ms-win-crt-convert-l1-1-0.dll
0x00007ff940a00000 - 0x00007ff940aaa000 	C:\Windows\system32\msvcrt.dll
0x00007ff943110000 - 0x00007ff943169000 	C:\Windows\SYSTEM32\sechost.dll
0x00007ff941770000 - 0x00007ff9418b0000 	C:\Windows\system32\RPCRT4.dll
0x00007ff9418b0000 - 0x00007ff9419ff000 	C:\Windows\system32\GDI32.dll
0x00007ff937b50000 - 0x00007ff937c4c000 	C:\Program Files\Java\jdk-14\bin\ucrtbase.DLL
0x00007ff940540000 - 0x00007ff94056e000 	C:\Windows\system32\SspiCli.dll
0x00007ff943250000 - 0x00007ff943286000 	C:\Windows\system32\IMM32.DLL
0x00007ff941150000 - 0x00007ff9412a2000 	C:\Windows\system32\MSCTF.dll
0x00007ff93ae90000 - 0x00007ff93af2b000 	C:\Program Files\Java\jdk-14\bin\msvcp140.dll
0x00007ff93c540000 - 0x00007ff93c543000 	C:\Program Files\Java\jdk-14\bin\api-ms-win-crt-time-l1-1-0.dll
0x00007ff93c570000 - 0x00007ff93c573000 	C:\Program Files\Java\jdk-14\bin\api-ms-win-crt-utility-l1-1-0.dll
0x00007ff904880000 - 0x00007ff90539f000 	C:\Program Files\Java\jdk-14\bin\server\jvm.dll
0x00007ff928bd0000 - 0x00007ff928bd9000 	C:\Windows\SYSTEM32\WSOCK32.dll
0x00007ff93b660000 - 0x00007ff93b682000 	C:\Windows\SYSTEM32\WINMM.dll
0x00007ff940b70000 - 0x00007ff940b77000 	C:\Windows\system32\PSAPI.DLL
0x00007ff940920000 - 0x00007ff94097a000 	C:\Windows\system32\WS2_32.dll
0x00007ff93b630000 - 0x00007ff93b65a000 	C:\Windows\SYSTEM32\WINMMBASE.dll
0x00007ff9409f0000 - 0x00007ff9409f9000 	C:\Windows\system32\NSI.dll
0x00007ff940570000 - 0x00007ff9405bf000 	C:\Windows\SYSTEM32\cfgmgr32.dll
0x00007ff93f2d0000 - 0x00007ff93f2f8000 	C:\Windows\SYSTEM32\DEVOBJ.dll
0x00007ff93c4b0000 - 0x00007ff93c4ba000 	C:\Program Files\Java\jdk-14\bin\jimage.dll
0x00007ff935f60000 - 0x00007ff9360e9000 	C:\Windows\SYSTEM32\DBGHELP.DLL
0x00007ff93c4c0000 - 0x00007ff93c4e5000 	C:\Program Files\Java\jdk-14\bin\java.dll
0x00007ff93b7c0000 - 0x00007ff93b7d7000 	C:\Program Files\Java\jdk-14\bin\zip.dll
0x00007ff941be0000 - 0x00007ff943109000 	C:\Windows\system32\SHELL32.dll
0x00007ff940f30000 - 0x00007ff941141000 	C:\Windows\SYSTEM32\combase.dll
0x00007ff941700000 - 0x00007ff941754000 	C:\Windows\system32\SHLWAPI.dll
0x00007ff93e960000 - 0x00007ff93ea12000 	C:\Windows\SYSTEM32\SHCORE.dll
0x00007ff9403c0000 - 0x00007ff9403d5000 	C:\Windows\SYSTEM32\profapi.dll
0x00007ff93b090000 - 0x00007ff93b0a9000 	C:\Program Files\Java\jdk-14\bin\net.dll
0x00007ff9384a0000 - 0x00007ff938567000 	C:\Windows\SYSTEM32\WINHTTP.dll
0x00007ff93fc60000 - 0x00007ff93fcb9000 	C:\Windows\system32\mswsock.dll
0x00007ff93b070000 - 0x00007ff93b082000 	C:\Program Files\Java\jdk-14\bin\nio.dll
0x00007ff93ab80000 - 0x00007ff93ab89000 	C:\Program Files\Java\jdk-14\bin\management.dll
0x00007ff93ab70000 - 0x00007ff93ab7b000 	C:\Program Files\Java\jdk-14\bin\management_ext.dll
0x00007ff93aa40000 - 0x00007ff93aa6a000 	C:\Windows\SYSTEM32\IPHLPAPI.DLL
0x00007ff93aaf0000 - 0x00007ff93aafa000 	C:\Windows\SYSTEM32\WINNSI.DLL
0x00007ff93aa10000 - 0x00007ff93aa26000 	C:\Windows\SYSTEM32\dhcpcsvc6.DLL
0x00007ff93a5f0000 - 0x00007ff93a60a000 	C:\Windows\SYSTEM32\dhcpcsvc.DLL
0x00007ff93fa60000 - 0x00007ff93fb04000 	C:\Windows\SYSTEM32\DNSAPI.dll
0x00007ff924390000 - 0x00007ff92439a000 	C:\Windows\System32\rasadhlp.dll
0x00007ff93aa80000 - 0x00007ff93aaeb000 	C:\Windows\System32\fwpuclnt.dll
0x00007ff93b030000 - 0x00007ff93b045000 	C:\Windows\system32\napinsp.dll
0x00007ff9197b0000 - 0x00007ff9197ca000 	C:\Windows\system32\pnrpnsp.dll
0x00007ff93cae0000 - 0x00007ff93cafb000 	C:\Windows\system32\NLAapi.dll
0x00007ff93b020000 - 0x00007ff93b02d000 	C:\Windows\System32\winrnr.dll
0x00007ff9357d0000 - 0x00007ff9357e4000 	C:\Windows\system32\wshbth.dll

dbghelp: loaded successfully - version: 4.0.5 - missing functions: none
symbol engine: initialized successfully - sym options: 0x614 - pdb path: .;C:\Program Files\Java\jdk-14\bin;C:\Windows\SYSTEM32;C:\Windows\WinSxS\amd64_microsoft.windows.common-controls_6595b64144ccf1df_6.0.9600.18006_none_623f33d3ecbe86e8;C:\Program Files\Java\jdk-14\bin\server

VM Arguments:
jvm_args: -XX:TieredStopAtLevel=1 -Xverify:none -XX:TieredStopAtLevel=1 
java_command: com.microservices.currency.conversion.service.CurrencyConversionServiceApplication
java_class_path (initial): D:\Java\n32m\Springboot-microservices\currency-converter-service\target\classes;C:\Users\PC\.m2\repository\ch\qos\logback\logback-classic\1.2.11\logback-classic-1.2.11.jar;C:\Users\PC\.m2\repository\ch\qos\logback\logback-core\1.2.11\logback-core-1.2.11.jar;C:\Users\PC\.m2\repository\org\apache\logging\log4j\log4j-to-slf4j\2.17.2\log4j-to-slf4j-2.17.2.jar;C:\Users\PC\.m2\repository\org\apache\logging\log4j\log4j-api\2.17.2\log4j-api-2.17.2.jar;C:\Users\PC\.m2\repository\org\slf4j\jul-to-slf4j\1.7.36\jul-to-slf4j-1.7.36.jar;C:\Users\PC\.m2\repository\jakarta\annotation\jakarta.annotation-api\1.3.5\jakarta.annotation-api-1.3.5.jar;C:\Users\PC\.m2\repository\org\yaml\snakeyaml\1.29\snakeyaml-1.29.jar;C:\Users\PC\.m2\repository\org\springframework\boot\spring-boot-actuator-autoconfigure\2.6.5\spring-boot-actuator-autoconfigure-2.6.5.jar;C:\Users\PC\.m2\repository\org\springframework\boot\spring-boot-actuator\2.6.5\spring-boot-actuator-2.6.5.jar;C:\Users\PC\.m2\repository\com\fasterxml\jackson\datatype\jackson-datatype-jsr310\2.13.2\jackson-datatype-jsr310-2.13.2.jar;C:\Users\PC\.m2\repository\io\micrometer\micrometer-core\1.8.4\micrometer-core-1.8.4.jar;C:\Users\PC\.m2\repository\org\hdrhistogram\HdrHistogram\2.1.12\HdrHistogram-2.1.12.jar;C:\Users\PC\.m2\repository\org\latencyutils\LatencyUtils\2.0.3\LatencyUtils-2.0.3.jar;C:\Users\PC\.m2\repository\com\fasterxml\jackson\datatype\jackson-datatype-jdk8\2.13.2\jackson-datatype-jdk8-2.13.2.jar;C:\Users\PC\.m2\repository\com\fasterxml\jackson\module\jackson-module-parameter-names\2.13.2\jackson-module-parameter-names-2.13.2.jar;C:\Users\PC\.m2\repository\org\apache\tomcat\embed\tomcat-embed-core\9.0.60\tomcat-embed-core-9.0.60.jar;C:\Users\PC\.m2\repository\org\apache\tomcat\embed\tomcat-embed-el\9.0.60\tomcat-embed-el-9.0.60.jar;C:\Users\PC\.m2\repository\org\apache\tomcat\embed\tomcat-embed-websocket\9.0.60\tomcat-embed-websocket-9.0.60.jar;C:\Users\PC\.m2\repository\org\springframework\sprin
Launcher Type: SUN_STANDARD

[Global flags]
     intx CICompilerCount                          = 3                                         {product} {ergonomic}
     uint ConcGCThreads                            = 1                                         {product} {ergonomic}
     uint G1ConcRefinementThreads                  = 4                                         {product} {ergonomic}
   size_t G1HeapRegionSize                         = 1048576                                   {product} {ergonomic}
    uintx GCDrainStackTargetSize                   = 64                                        {product} {ergonomic}
   size_t InitialHeapSize                          = 134217728                                 {product} {ergonomic}
   size_t MarkStackSize                            = 4194304                                   {product} {ergonomic}
   size_t MaxHeapSize                              = 2120220672                                {product} {ergonomic}
   size_t MaxNewSize                               = 1271922688                                {product} {ergonomic}
   size_t MinHeapDeltaBytes                        = 1048576                                   {product} {ergonomic}
   size_t MinHeapSize                              = 8388608                                   {product} {ergonomic}
    uintx NonNMethodCodeHeapSize                   = 6973028                                {pd product} {ergonomic}
    uintx NonProfiledCodeHeapSize                  = 244685212                              {pd product} {ergonomic}
    uintx ProfiledCodeHeapSize                     = 0                                      {pd product} {ergonomic}
    uintx ReservedCodeCacheSize                    = 251658240                              {pd product} {ergonomic}
     bool SegmentedCodeCache                       = true                                      {product} {ergonomic}
   size_t SoftMaxHeapSize                          = 2120220672                             {manageable} {ergonomic}
     intx TieredStopAtLevel                        = 1                                         {product} {command line}
     bool UseCompressedClassPointers               = true                                 {lp64_product} {ergonomic}
     bool UseCompressedOops                        = true                                 {lp64_product} {ergonomic}
     bool UseG1GC                                  = true                                      {product} {ergonomic}
     bool UseLargePagesIndividualAllocation        = false                                  {pd product} {ergonomic}

Logging:
Log output configuration:
 #0: stdout all=warning uptime,level,tags
 #1: stderr all=off uptime,level,tags

Environment Variables:
JAVA_HOME=C:\Program Files\Java\jdk-14
PATH=C:\Program Files\Java\jdk-14\bin;C:\Users\PC\introcs\java\bin;C:\Program Files (x86)\Intel\TXE Components\TCS\;C:\Program Files\Intel\TXE Components\TCS\;C:\ProgramData\Oracle\Java\javapath;C:\Windows\system32;C:\Windows;C:\Windows\System32\Wbem;C:\Windows\System32\WindowsPowerShell\v1.0\;C:\Program Files (x86)\QuickTime\QTSystem\;C:\Program Files (x86)\Skype\Phone\;C:\Program Files (x86)\Windows Kits\8.1\Windows Performance Toolkit\;C:\Program Files\Microsoft SQL Server\110\Tools\Binn\;c:\Program Files (x86)\Microsoft SQL Server\110\Tools\Binn\;c:\Program Files\Microsoft SQL Server\110\DTS\Binn\;C:\Program Files\Java\jdk-13.0.2\bin;C:\Program Files\Git\cmd;C:\Users\PC\AppData\Local\Programs\Python\Python38-32\Scripts\;C:\Users\PC\AppData\Local\Programs\Python\Python38-32\;C:\Program Files\Java\jdk-14\bin;C:\Users\PC\introcs\j3d\bin;C:\Users\PC\introcs\bin;C:\Users\PC\introcs\java\bin;C:\Python27;C:\Program Files\Docker Toolbox
USERNAME=PC
OS=Windows_NT
PROCESSOR_IDENTIFIER=Intel64 Family 6 Model 55 Stepping 8, GenuineIntel



---------------  S Y S T E M  ---------------

OS: Windows 8.1 , 64 bit Build 9600 (6.3.9600.17415)
OS uptime: 0 days 20:27 hours

CPU:total 4 (initial active 4) (4 cores per cpu, 1 threads per core) family 6 model 55 stepping 8, cmov, cx8, fxsr, mmx, sse, sse2, sse3, ssse3, sse4.1, sse4.2, popcnt, clmul, erms, 3dnowpref, tsc, tscinvbit

Memory: 4k page, system-wide physical 8083M (853M free)
TotalPageFile size 8083M (AvailPageFile size 12M)
current process WorkingSet (physical memory assigned to process): 152M, peak: 152M
current process commit charge ("private bytes"): 234M, peak: 266M

vm_info: Java HotSpot(TM) 64-Bit Server VM (14+36-1461) for windows-amd64 JRE (14+36-1461), built on Feb  6 2020 19:08:04 by "mach5one" with MS VC++ 15.9 (VS2017)

END.
