#
# There is insufficient memory for the Java Runtime Environment to continue.
# Native memory allocation (mmap) failed to map 10485760 bytes for Failed to commit area from 0x000000008a300000 to 0x000000008ad00000 of length 10485760.
# Possible reasons:
#   The system is out of physical RAM or swap space
#   The process is running with CompressedOops enabled, and the Java Heap may be blocking the growth of the native heap
# Possible solutions:
#   Reduce memory load on the system
#   Increase physical memory or swap space
#   Check if swap backing store is full
#   Decrease Java heap size (-Xmx/-Xms)
#   Decrease number of Java threads
#   Decrease Java thread stack sizes (-Xss)
#   Set larger code cache with -XX:ReservedCodeCacheSize=
#   JVM is running with Unscaled Compressed Oops mode in which the Java heap is
#     placed in the first 4GB address space. The Java Heap base address is the
#     maximum limit for the native heap growth. Please use -XX:HeapBaseMinAddress
#     to set the Java Heap base and to place the Java Heap above 4GB virtual address.
# This output file may be truncated or incomplete.
#
#  Out of Memory Error (t:/workspace/open/src/hotspot/os/windows/os_windows.cpp:3315), pid=11888, tid=8264
#
# JRE version: Java(TM) SE Runtime Environment (14.0+36) (build 14+36-1461)
# Java VM: Java HotSpot(TM) 64-Bit Server VM (14+36-1461, mixed mode, sharing, tiered, compressed oops, g1 gc, windows-amd64)
# No core dump will be written. Minidumps are not enabled by default on client versions of Windows
#

---------------  S U M M A R Y ------------

Command Line: -XX:TieredStopAtLevel=1 -Xverify:none -XX:TieredStopAtLevel=1 com.microservices.currency.conversion.service.CurrencyConversionServiceApplication

Host: Intel(R) Pentium(R) CPU  N3540  @ 2.16GHz, 4 cores, 7G,  Windows 8.1 , 64 bit Build 9600 (6.3.9600.17415)
Time: Mon Apr  4 12:13:03 2022 FLE Daylight Time elapsed time: 4908 seconds (0d 1h 21m 48s)

---------------  T H R E A D  ---------------

Current thread (0x000000e170ab2800):  VMThread "VM Thread" [stack: 0x000000e1714e0000,0x000000e1715e0000] [id=8264]

Stack: [0x000000e1714e0000,0x000000e1715e0000]
[error occurred during error reporting (printing stack bounds), id 0xc0000005, EXCEPTION_ACCESS_VIOLATION (0xc0000005) at pc=0x000000e15a7610be]

Native frames: (J=compiled Java code, j=interpreted, Vv=VM code, C=native code)
V  [jvm.dll+0x5f83ea]
V  [jvm.dll+0x741e2a]
V  [jvm.dll+0x7435df]
V  [jvm.dll+0x743b85]
V  [jvm.dll+0x743b3b]
V  [jvm.dll+0x5f791f]
V  [jvm.dll+0x5f8088]
C  [ntdll.dll+0x933fd]
C  [ntdll.dll+0x54847]
C  [ntdll.dll+0x9258a]
C  0x000000e15a7610be

VM_Operation (0x000000e16e39f630): G1Concurrent, mode: safepoint, requested by thread 0x000000e152043000


---------------  P R O C E S S  ---------------

Threads class SMR info:
_java_thread_list=0x000000e1783a0f60, length=18, elements={
0x000000e170ab6000, 0x000000e170ab8000, 0x000000e170ad0800, 0x000000e170ad1800,
0x000000e170ad4800, 0x000000e170ad5800, 0x000000e170ad7800, 0x000000e171eb3000,
0x000000e171ed6800, 0x000000e174695800, 0x000000e177c15000, 0x000000e177c13000,
0x000000e177c17000, 0x000000e174696800, 0x000000e177c10000, 0x000000e177c1b800,
0x000000e177c19000, 0x000000e177c0e000
}

Java Threads: ( => current thread )
  0x000000e170ab6000 JavaThread "Reference Handler" daemon [_thread_blocked, id=9860, stack(0x000000e1715e0000,0x000000e1716e0000)]
  0x000000e170ab8000 JavaThread "Finalizer" daemon [_thread_blocked, id=4400, stack(0x000000e1716e0000,0x000000e1717e0000)]
  0x000000e170ad0800 JavaThread "Signal Dispatcher" daemon [_thread_blocked, id=12300, stack(0x000000e1718c0000,0x000000e1719c0000)]
  0x000000e170ad1800 JavaThread "Attach Listener" daemon [_thread_blocked, id=9152, stack(0x000000e1719c0000,0x000000e171ac0000)]
  0x000000e170ad4800 JavaThread "Service Thread" daemon [_thread_blocked, id=12832, stack(0x000000e171ac0000,0x000000e171bc0000)]
  0x000000e170ad5800 JavaThread "C1 CompilerThread0" daemon [_thread_blocked, id=8468, stack(0x000000e171bc0000,0x000000e171cc0000)]
  0x000000e170ad7800 JavaThread "Sweeper thread" daemon [_thread_blocked, id=12216, stack(0x000000e171cc0000,0x000000e171dc0000)]
  0x000000e171eb3000 JavaThread "Notification Thread" daemon [_thread_blocked, id=11128, stack(0x000000e1721c0000,0x000000e1722c0000)]
  0x000000e171ed6800 JavaThread "Common-Cleaner" daemon [_thread_blocked, id=9756, stack(0x000000e1723c0000,0x000000e1724c0000)]
  0x000000e174695800 JavaThread "DestroyJavaVM" [_thread_blocked, id=3652, stack(0x000000e151690000,0x000000e151790000)]
  0x000000e177c15000 JavaThread "boundedElastic-evictor-1" daemon [_thread_blocked, id=6800, stack(0x000000e178b40000,0x000000e178c40000)]
  0x000000e177c13000 JavaThread "pool-15-thread-1" daemon [_thread_blocked, id=13160, stack(0x000000e178d40000,0x000000e178e40000)]
  0x000000e177c17000 JavaThread "pool-28-thread-1" daemon [_thread_blocked, id=3236, stack(0x000000e179240000,0x000000e179340000)]
  0x000000e174696800 JavaThread "pool-35-thread-1" daemon [_thread_blocked, id=5768, stack(0x000000e179040000,0x000000e179140000)]
  0x000000e177c10000 JavaThread "Live Reload Server" daemon [_thread_in_native, id=10700, stack(0x000000e176a70000,0x000000e176b70000)]
  0x000000e177c1b800 JavaThread "pool-54-thread-1" daemon [_thread_blocked, id=12344, stack(0x000000e175e70000,0x000000e175f70000)]
  0x000000e177c19000 JavaThread "Thread-141" [_thread_blocked, id=5356, stack(0x000000e179940000,0x000000e179a40000)]
  0x000000e177c0e000 JavaThread "restartedMain" [_thread_blocked, id=12200, stack(0x000000e175c70000,0x000000e175d70000)]

Other Threads:
=>0x000000e170ab2800 VMThread "VM Thread" [stack: 0x000000e1714e0000,0x000000e1715e0000] [id=8264]
  0x000000e171ed3800 WatcherThread [stack: 0x000000e1722c0000,0x000000e1723c0000] [id=13260]
  0x000000e15202f800 GCTaskThread "GC Thread#0" [stack: 0x000000e151e00000,0x000000e151f00000] [id=10592]
  0x000000e17269f800 GCTaskThread "GC Thread#1" [stack: 0x000000e172cc0000,0x000000e172dc0000] [id=7652]
  0x000000e17269e800 GCTaskThread "GC Thread#2" [stack: 0x000000e172dc0000,0x000000e172ec0000] [id=8016]
  0x000000e1726a1800 GCTaskThread "GC Thread#3" [stack: 0x000000e1734c0000,0x000000e1735c0000] [id=6484]
  0x000000e152043000 ConcurrentGCThread "G1 Main Marker" [stack: 0x000000e16e2a0000,0x000000e16e3a0000] [id=12508]
  0x000000e152044800 ConcurrentGCThread "G1 Conc#0" [stack: 0x000000e16e3a0000,0x000000e16e4a0000] [id=1632]
  0x000000e170924800 ConcurrentGCThread "G1 Refine#0" [stack: 0x000000e170ae0000,0x000000e170be0000] [id=11976]
  0x000000e170925800 ConcurrentGCThread "G1 Young RemSet Sampling" [stack: 0x000000e170be0000,0x000000e170ce0000] [id=13292]

Threads with active compile tasks:

VM state:at safepoint (normal execution)

VM Mutex/Monitor currently owned by a thread:  ([mutex/lock_event])
[0x000000e151fea9c0] Threads_lock - owner thread: 0x000000e170ab2800
[0x000000e151fe9bb0] Heap_lock - owner thread: 0x000000e152043000

Heap address: 0x0000000081a00000, size: 2022 MB, Compressed Oops mode: 32-bit
Narrow klass base: 0x0000000800000000, Narrow klass shift: 3
Compressed class space size: 1073741824 Address: 0x0000000800b30000

Heap:
 garbage-first heap   total 150528K, used 86598K [0x0000000081a00000, 0x0000000100000000)
  region size 1024K, 17 young (17408K), 3 survivors (3072K)
 Metaspace       used 45664K, capacity 50372K, committed 50432K, reserved 1091584K
  class space    used 6240K, capacity 7911K, committed 7936K, reserved 1048576K
Heap Regions: E=young(eden), S=young(survivor), O=old, HS=humongous(starts), HC=humongous(continues), CS=collection set, F=free, OA=open archive, CA=closed archive, TAMS=top-at-mark-start (previous, next)
|   0|0x0000000081a00000, 0x0000000081affff0, 0x0000000081b00000| 99%| O|  |TAMS 0x0000000081affff0, 0x0000000081a00000| Updating 
|   1|0x0000000081b00000, 0x0000000081bf6188, 0x0000000081c00000| 96%| O|  |TAMS 0x0000000081bf6188, 0x0000000081b00000| Updating 
|   2|0x0000000081c00000, 0x0000000081cf03c8, 0x0000000081d00000| 93%| O|  |TAMS 0x0000000081cf03c8, 0x0000000081c00000| Updating 
|   3|0x0000000081d00000, 0x0000000081e00000, 0x0000000081e00000|100%| O|  |TAMS 0x0000000081e00000, 0x0000000081d00000| Updating 
|   4|0x0000000081e00000, 0x0000000081effff0, 0x0000000081f00000| 99%| O|  |TAMS 0x0000000081effff0, 0x0000000081e00000| Updating 
|   5|0x0000000081f00000, 0x0000000081fffff8, 0x0000000082000000| 99%| O|  |TAMS 0x0000000081fffff8, 0x0000000081f00000| Updating 
|   6|0x0000000082000000, 0x00000000820fffe8, 0x0000000082100000| 99%| O|  |TAMS 0x00000000820fffe8, 0x0000000082000000| Updating 
|   7|0x0000000082100000, 0x00000000821ffff0, 0x0000000082200000| 99%| O|  |TAMS 0x00000000821ffff0, 0x0000000082100000| Updating 
|   8|0x0000000082200000, 0x0000000082300000, 0x0000000082300000|100%| O|  |TAMS 0x0000000082300000, 0x0000000082200000| Updating 
|   9|0x0000000082300000, 0x00000000823fffc8, 0x0000000082400000| 99%| O|  |TAMS 0x00000000823fffc8, 0x0000000082300000| Updating 
|  10|0x0000000082400000, 0x00000000824ffff0, 0x0000000082500000| 99%| O|  |TAMS 0x00000000824ffff0, 0x0000000082400000| Updating 
|  11|0x0000000082500000, 0x00000000825fffe0, 0x0000000082600000| 99%| O|  |TAMS 0x00000000825fffe0, 0x0000000082500000| Updating 
|  12|0x0000000082600000, 0x0000000082700000, 0x0000000082700000|100%| O|  |TAMS 0x0000000082700000, 0x0000000082600000| Updating 
|  13|0x0000000082700000, 0x0000000082800000, 0x0000000082800000|100%| O|  |TAMS 0x0000000082800000, 0x0000000082700000| Updating 
|  14|0x0000000082800000, 0x00000000828fffe8, 0x0000000082900000| 99%| O|  |TAMS 0x00000000828fffe8, 0x0000000082800000| Updating 
|  15|0x0000000082900000, 0x0000000082a00000, 0x0000000082a00000|100%| O|  |TAMS 0x0000000082a00000, 0x0000000082900000| Updating 
|  16|0x0000000082a00000, 0x0000000082affff8, 0x0000000082b00000| 99%| O|  |TAMS 0x0000000082affff8, 0x0000000082a00000| Updating 
|  17|0x0000000082b00000, 0x0000000082bfffe0, 0x0000000082c00000| 99%| O|  |TAMS 0x0000000082bfffe0, 0x0000000082b00000| Updating 
|  18|0x0000000082c00000, 0x0000000082cfffc8, 0x0000000082d00000| 99%| O|  |TAMS 0x0000000082cfffc8, 0x0000000082c00000| Updating 
|  19|0x0000000082d00000, 0x0000000082dfffc8, 0x0000000082e00000| 99%| O|  |TAMS 0x0000000082dfffc8, 0x0000000082d00000| Updating 
|  20|0x0000000082e00000, 0x0000000082effff8, 0x0000000082f00000| 99%| O|  |TAMS 0x0000000082effff8, 0x0000000082e00000| Updating 
|  21|0x0000000082f00000, 0x0000000083000000, 0x0000000083000000|100%| O|  |TAMS 0x0000000083000000, 0x0000000082f00000| Updating 
|  22|0x0000000083000000, 0x00000000830fffe8, 0x0000000083100000| 99%| O|  |TAMS 0x00000000830fffe8, 0x0000000083000000| Updating 
|  23|0x0000000083100000, 0x00000000831ffff8, 0x0000000083200000| 99%| O|  |TAMS 0x00000000831ffff8, 0x0000000083100000| Updating 
|  24|0x0000000083200000, 0x00000000832ffff8, 0x0000000083300000| 99%| O|  |TAMS 0x00000000832ffff8, 0x0000000083200000| Updating 
|  25|0x0000000083300000, 0x00000000833ffff8, 0x0000000083400000| 99%| O|  |TAMS 0x00000000833ffff8, 0x0000000083300000| Updating 
|  26|0x0000000083400000, 0x0000000083500000, 0x0000000083500000|100%| O|  |TAMS 0x0000000083500000, 0x0000000083400000| Updating 
|  27|0x0000000083500000, 0x00000000835ffff8, 0x0000000083600000| 99%| O|  |TAMS 0x00000000835ffff8, 0x0000000083500000| Updating 
|  28|0x0000000083600000, 0x00000000836fffc8, 0x0000000083700000| 99%| O|  |TAMS 0x00000000836fffc8, 0x0000000083600000| Updating 
|  29|0x0000000083700000, 0x00000000837ffff8, 0x0000000083800000| 99%| O|  |TAMS 0x00000000837ffff8, 0x0000000083700000| Updating 
|  30|0x0000000083800000, 0x00000000838ffff0, 0x0000000083900000| 99%| O|  |TAMS 0x00000000838ffff0, 0x0000000083800000| Updating 
|  31|0x0000000083900000, 0x0000000083a00000, 0x0000000083a00000|100%| O|  |TAMS 0x0000000083a00000, 0x0000000083900000| Updating 
|  32|0x0000000083a00000, 0x0000000083affff0, 0x0000000083b00000| 99%| O|  |TAMS 0x0000000083affff0, 0x0000000083a00000| Updating 
|  33|0x0000000083b00000, 0x0000000083bffff0, 0x0000000083c00000| 99%| O|  |TAMS 0x0000000083bffff0, 0x0000000083b00000| Updating 
|  34|0x0000000083c00000, 0x0000000083d00000, 0x0000000083d00000|100%| O|  |TAMS 0x0000000083d00000, 0x0000000083c00000| Updating 
|  35|0x0000000083d00000, 0x0000000083dffff8, 0x0000000083e00000| 99%| O|  |TAMS 0x0000000083dffff8, 0x0000000083d00000| Updating 
|  36|0x0000000083e00000, 0x0000000083efffb8, 0x0000000083f00000| 99%| O|  |TAMS 0x0000000083efffb8, 0x0000000083e00000| Updating 
|  37|0x0000000083f00000, 0x0000000083fffff0, 0x0000000084000000| 99%| O|  |TAMS 0x0000000083fffff0, 0x0000000083f00000| Updating 
|  38|0x0000000084000000, 0x00000000840fffe0, 0x0000000084100000| 99%| O|  |TAMS 0x00000000840fffe0, 0x0000000084000000| Updating 
|  39|0x0000000084100000, 0x0000000084200000, 0x0000000084200000|100%| O|  |TAMS 0x0000000084200000, 0x0000000084100000| Updating 
|  40|0x0000000084200000, 0x0000000084300000, 0x0000000084300000|100%| O|  |TAMS 0x0000000084300000, 0x0000000084200000| Updating 
|  41|0x0000000084300000, 0x00000000843ffff8, 0x0000000084400000| 99%| O|  |TAMS 0x00000000843ffff8, 0x0000000084300000| Updating 
|  42|0x0000000084400000, 0x00000000844fffe8, 0x0000000084500000| 99%| O|  |TAMS 0x00000000844fffe8, 0x0000000084400000| Updating 
|  43|0x0000000084500000, 0x00000000845fffe8, 0x0000000084600000| 99%| O|  |TAMS 0x00000000845fffe8, 0x0000000084500000| Updating 
|  44|0x0000000084600000, 0x0000000084700000, 0x0000000084700000|100%| O|  |TAMS 0x0000000084700000, 0x0000000084600000| Updating 
|  45|0x0000000084700000, 0x00000000847ffff0, 0x0000000084800000| 99%| O|  |TAMS 0x00000000847ffff0, 0x0000000084700000| Updating 
|  46|0x0000000084800000, 0x00000000848ffff0, 0x0000000084900000| 99%| O|  |TAMS 0x00000000848ffff0, 0x0000000084800000| Updating 
|  47|0x0000000084900000, 0x00000000849ffff8, 0x0000000084a00000| 99%| O|  |TAMS 0x00000000849ffff8, 0x0000000084900000| Updating 
|  48|0x0000000084a00000, 0x0000000084affff0, 0x0000000084b00000| 99%| O|  |TAMS 0x0000000084affff0, 0x0000000084a00000| Updating 
|  49|0x0000000084b00000, 0x0000000084c00000, 0x0000000084c00000|100%| O|  |TAMS 0x0000000084c00000, 0x0000000084b00000| Updating 
|  50|0x0000000084c00000, 0x0000000084cffff0, 0x0000000084d00000| 99%| O|  |TAMS 0x0000000084cffff0, 0x0000000084c00000| Updating 
|  51|0x0000000084d00000, 0x0000000084dffff8, 0x0000000084e00000| 99%| O|  |TAMS 0x0000000084dffff8, 0x0000000084d00000| Updating 
|  52|0x0000000084e00000, 0x0000000084efff98, 0x0000000084f00000| 99%| O|  |TAMS 0x0000000084efff98, 0x0000000084e00000| Updating 
|  53|0x0000000084f00000, 0x0000000085000000, 0x0000000085000000|100%| O|  |TAMS 0x0000000085000000, 0x0000000084f00000| Updating 
|  54|0x0000000085000000, 0x00000000850fffd8, 0x0000000085100000| 99%| O|  |TAMS 0x00000000850fffd8, 0x0000000085000000| Updating 
|  55|0x0000000085100000, 0x00000000851ffff0, 0x0000000085200000| 99%| O|  |TAMS 0x00000000851ffff0, 0x0000000085100000| Updating 
|  56|0x0000000085200000, 0x00000000852fffc0, 0x0000000085300000| 99%| O|  |TAMS 0x00000000852fffc0, 0x0000000085200000| Updating 
|  57|0x0000000085300000, 0x00000000853fffe8, 0x0000000085400000| 99%| O|  |TAMS 0x00000000853fffe8, 0x0000000085300000| Updating 
|  58|0x0000000085400000, 0x00000000854fffb8, 0x0000000085500000| 99%| O|  |TAMS 0x00000000854fffb8, 0x0000000085400000| Updating 
|  59|0x0000000085500000, 0x00000000855fffe8, 0x0000000085600000| 99%| O|  |TAMS 0x00000000855fffe8, 0x0000000085500000| Updating 
|  60|0x0000000085600000, 0x00000000856fffc0, 0x0000000085700000| 99%| O|  |TAMS 0x00000000856fffc0, 0x0000000085600000| Updating 
|  61|0x0000000085700000, 0x0000000085800000, 0x0000000085800000|100%| O|  |TAMS 0x0000000085800000, 0x0000000085700000| Updating 
|  62|0x0000000085800000, 0x00000000858fff50, 0x0000000085900000| 99%| O|  |TAMS 0x00000000858fff50, 0x0000000085800000| Updating 
|  63|0x0000000085900000, 0x0000000085a00000, 0x0000000085a00000|100%| O|  |TAMS 0x0000000085a00000, 0x0000000085900000| Updating 
|  64|0x0000000085a00000, 0x0000000085b00000, 0x0000000085b00000|100%| O|  |TAMS 0x0000000085b00000, 0x0000000085a00000| Updating 
|  65|0x0000000085b00000, 0x0000000085bffff8, 0x0000000085c00000| 99%| O|  |TAMS 0x0000000085bffff8, 0x0000000085b00000| Updating 
|  66|0x0000000085c00000, 0x0000000085cfff58, 0x0000000085d00000| 99%| O|  |TAMS 0x0000000085cfff58, 0x0000000085c00000| Updating 
|  67|0x0000000085d00000, 0x0000000085e00000, 0x0000000085e00000|100%| O|  |TAMS 0x0000000085e00000, 0x0000000085d00000| Updating 
|  68|0x0000000085e00000, 0x0000000085efffc0, 0x0000000085f00000| 99%| O|  |TAMS 0x0000000085efffc0, 0x0000000085e00000| Updating 
|  69|0x0000000085f00000, 0x0000000085f16d48, 0x0000000086000000|  8%| O|  |TAMS 0x0000000085f16d48, 0x0000000085f00000| Updating 
|  70|0x0000000086000000, 0x0000000086000000, 0x0000000086100000|  0%| F|  |TAMS 0x0000000086000000, 0x0000000086000000| Untracked 
|  71|0x0000000086100000, 0x0000000086113968, 0x0000000086200000|  7%| O|  |TAMS 0x0000000086113968, 0x0000000086100000| Updating 
|  72|0x0000000086200000, 0x0000000086200000, 0x0000000086300000|  0%| F|  |TAMS 0x0000000086200000, 0x0000000086200000| Untracked 
|  73|0x0000000086300000, 0x0000000086300000, 0x0000000086400000|  0%| F|  |TAMS 0x0000000086300000, 0x0000000086300000| Untracked 
|  74|0x0000000086400000, 0x0000000086400000, 0x0000000086500000|  0%| F|  |TAMS 0x0000000086400000, 0x0000000086400000| Untracked 
|  75|0x0000000086500000, 0x0000000086500000, 0x0000000086600000|  0%| F|  |TAMS 0x0000000086500000, 0x0000000086500000| Untracked 
|  76|0x0000000086600000, 0x0000000086600000, 0x0000000086700000|  0%| F|  |TAMS 0x0000000086600000, 0x0000000086600000| Untracked 
|  77|0x0000000086700000, 0x0000000086700000, 0x0000000086800000|  0%| F|  |TAMS 0x0000000086700000, 0x0000000086700000| Untracked 
|  78|0x0000000086800000, 0x0000000086800000, 0x0000000086900000|  0%| F|  |TAMS 0x0000000086800000, 0x0000000086800000| Untracked 
|  79|0x0000000086900000, 0x0000000086900000, 0x0000000086a00000|  0%| F|  |TAMS 0x0000000086900000, 0x0000000086900000| Untracked 
|  80|0x0000000086a00000, 0x0000000086a00000, 0x0000000086b00000|  0%| F|  |TAMS 0x0000000086a00000, 0x0000000086a00000| Untracked 
|  81|0x0000000086b00000, 0x0000000086b00000, 0x0000000086c00000|  0%| F|  |TAMS 0x0000000086b00000, 0x0000000086b00000| Untracked 
|  82|0x0000000086c00000, 0x0000000086c00000, 0x0000000086d00000|  0%| F|  |TAMS 0x0000000086c00000, 0x0000000086c00000| Untracked 
|  83|0x0000000086d00000, 0x0000000086d00000, 0x0000000086e00000|  0%| F|  |TAMS 0x0000000086d00000, 0x0000000086d00000| Untracked 
|  84|0x0000000086e00000, 0x0000000086e00000, 0x0000000086f00000|  0%| F|  |TAMS 0x0000000086e00000, 0x0000000086e00000| Untracked 
|  85|0x0000000086f00000, 0x0000000086f00000, 0x0000000087000000|  0%| F|  |TAMS 0x0000000086f00000, 0x0000000086f00000| Untracked 
|  86|0x0000000087000000, 0x0000000087000000, 0x0000000087100000|  0%| F|  |TAMS 0x0000000087000000, 0x0000000087000000| Untracked 
|  87|0x0000000087100000, 0x0000000087100000, 0x0000000087200000|  0%| F|  |TAMS 0x0000000087100000, 0x0000000087100000| Untracked 
|  88|0x0000000087200000, 0x00000000872813e0, 0x0000000087300000| 50%| S|CS|TAMS 0x0000000087200000, 0x0000000087200000| Complete 
|  89|0x0000000087300000, 0x0000000087400000, 0x0000000087400000|100%| S|CS|TAMS 0x0000000087300000, 0x0000000087300000| Complete 
|  90|0x0000000087400000, 0x0000000087500000, 0x0000000087500000|100%| S|CS|TAMS 0x0000000087400000, 0x0000000087400000| Complete 
|  91|0x0000000087500000, 0x0000000087500000, 0x0000000087600000|  0%| F|  |TAMS 0x0000000087500000, 0x0000000087500000| Untracked 
|  92|0x0000000087600000, 0x0000000087600000, 0x0000000087700000|  0%| F|  |TAMS 0x0000000087600000, 0x0000000087600000| Untracked 
|  93|0x0000000087700000, 0x0000000087700000, 0x0000000087800000|  0%| F|  |TAMS 0x0000000087700000, 0x0000000087700000| Untracked 
|  94|0x0000000087800000, 0x0000000087800000, 0x0000000087900000|  0%| F|  |TAMS 0x0000000087800000, 0x0000000087800000| Untracked 
|  95|0x0000000087900000, 0x0000000087900000, 0x0000000087a00000|  0%| F|  |TAMS 0x0000000087900000, 0x0000000087900000| Untracked 
|  96|0x0000000087a00000, 0x0000000087a00000, 0x0000000087b00000|  0%| F|  |TAMS 0x0000000087a00000, 0x0000000087a00000| Untracked 
|  97|0x0000000087b00000, 0x0000000087b00000, 0x0000000087c00000|  0%| F|  |TAMS 0x0000000087b00000, 0x0000000087b00000| Untracked 
|  98|0x0000000087c00000, 0x0000000087c00000, 0x0000000087d00000|  0%| F|  |TAMS 0x0000000087c00000, 0x0000000087c00000| Untracked 
|  99|0x0000000087d00000, 0x0000000087d00000, 0x0000000087e00000|  0%| F|  |TAMS 0x0000000087d00000, 0x0000000087d00000| Untracked 
| 100|0x0000000087e00000, 0x0000000087e00000, 0x0000000087f00000|  0%| F|  |TAMS 0x0000000087e00000, 0x0000000087e00000| Untracked 
| 101|0x0000000087f00000, 0x0000000087f00000, 0x0000000088000000|  0%| F|  |TAMS 0x0000000087f00000, 0x0000000087f00000| Untracked 
| 102|0x0000000088000000, 0x0000000088000000, 0x0000000088100000|  0%| F|  |TAMS 0x0000000088000000, 0x0000000088000000| Untracked 
| 103|0x0000000088100000, 0x0000000088100000, 0x0000000088200000|  0%| F|  |TAMS 0x0000000088100000, 0x0000000088100000| Untracked 
| 104|0x0000000088200000, 0x0000000088200000, 0x0000000088300000|  0%| F|  |TAMS 0x0000000088200000, 0x0000000088200000| Untracked 
| 105|0x0000000088300000, 0x0000000088300000, 0x0000000088400000|  0%| F|  |TAMS 0x0000000088300000, 0x0000000088300000| Untracked 
| 106|0x0000000088400000, 0x0000000088400000, 0x0000000088500000|  0%| F|  |TAMS 0x0000000088400000, 0x0000000088400000| Untracked 
| 107|0x0000000088500000, 0x0000000088500000, 0x0000000088600000|  0%| F|  |TAMS 0x0000000088500000, 0x0000000088500000| Untracked 
| 108|0x0000000088600000, 0x0000000088600000, 0x0000000088700000|  0%| F|  |TAMS 0x0000000088600000, 0x0000000088600000| Untracked 
| 109|0x0000000088700000, 0x0000000088700000, 0x0000000088800000|  0%| F|  |TAMS 0x0000000088700000, 0x0000000088700000| Untracked 
| 110|0x0000000088800000, 0x0000000088800000, 0x0000000088900000|  0%| F|  |TAMS 0x0000000088800000, 0x0000000088800000| Untracked 
| 111|0x0000000088900000, 0x0000000088900000, 0x0000000088a00000|  0%| F|  |TAMS 0x0000000088900000, 0x0000000088900000| Untracked 
| 112|0x0000000088a00000, 0x0000000088a00000, 0x0000000088b00000|  0%| F|  |TAMS 0x0000000088a00000, 0x0000000088a00000| Untracked 
| 113|0x0000000088b00000, 0x0000000088b00000, 0x0000000088c00000|  0%| F|  |TAMS 0x0000000088b00000, 0x0000000088b00000| Untracked 
| 114|0x0000000088c00000, 0x0000000088c00000, 0x0000000088d00000|  0%| F|  |TAMS 0x0000000088c00000, 0x0000000088c00000| Untracked 
| 115|0x0000000088d00000, 0x0000000088d00000, 0x0000000088e00000|  0%| F|  |TAMS 0x0000000088d00000, 0x0000000088d00000| Untracked 
| 116|0x0000000088e00000, 0x0000000088e00000, 0x0000000088f00000|  0%| F|  |TAMS 0x0000000088e00000, 0x0000000088e00000| Untracked 
| 117|0x0000000088f00000, 0x0000000088f00000, 0x0000000089000000|  0%| F|  |TAMS 0x0000000088f00000, 0x0000000088f00000| Untracked 
| 118|0x0000000089000000, 0x0000000089000000, 0x0000000089100000|  0%| F|  |TAMS 0x0000000089000000, 0x0000000089000000| Untracked 
| 119|0x0000000089100000, 0x0000000089100000, 0x0000000089200000|  0%| F|  |TAMS 0x0000000089100000, 0x0000000089100000| Untracked 
| 120|0x0000000089200000, 0x0000000089200000, 0x0000000089300000|  0%| F|  |TAMS 0x0000000089200000, 0x0000000089200000| Untracked 
| 121|0x0000000089300000, 0x0000000089300000, 0x0000000089400000|  0%| F|  |TAMS 0x0000000089300000, 0x0000000089300000| Untracked 
| 122|0x0000000089400000, 0x0000000089400000, 0x0000000089500000|  0%| F|  |TAMS 0x0000000089400000, 0x0000000089400000| Untracked 
| 123|0x0000000089500000, 0x00000000895e9178, 0x0000000089600000| 91%| E|  |TAMS 0x0000000089500000, 0x0000000089500000| Complete 
| 124|0x0000000089600000, 0x0000000089700000, 0x0000000089700000|100%| E|CS|TAMS 0x0000000089600000, 0x0000000089600000| Complete 
| 125|0x0000000089700000, 0x0000000089800000, 0x0000000089800000|100%| E|CS|TAMS 0x0000000089700000, 0x0000000089700000| Complete 
| 126|0x0000000089800000, 0x0000000089900000, 0x0000000089900000|100%| E|CS|TAMS 0x0000000089800000, 0x0000000089800000| Complete 
| 127|0x0000000089900000, 0x0000000089a00000, 0x0000000089a00000|100%| E|CS|TAMS 0x0000000089900000, 0x0000000089900000| Complete 
| 128|0x0000000089a00000, 0x0000000089b00000, 0x0000000089b00000|100%| E|CS|TAMS 0x0000000089a00000, 0x0000000089a00000| Complete 
| 129|0x0000000089b00000, 0x0000000089c00000, 0x0000000089c00000|100%| E|CS|TAMS 0x0000000089b00000, 0x0000000089b00000| Complete 
| 130|0x0000000089c00000, 0x0000000089d00000, 0x0000000089d00000|100%| E|CS|TAMS 0x0000000089c00000, 0x0000000089c00000| Complete 
| 131|0x0000000089d00000, 0x0000000089e00000, 0x0000000089e00000|100%| E|CS|TAMS 0x0000000089d00000, 0x0000000089d00000| Complete 
| 132|0x0000000089e00000, 0x0000000089f00000, 0x0000000089f00000|100%| E|CS|TAMS 0x0000000089e00000, 0x0000000089e00000| Complete 
| 133|0x0000000089f00000, 0x000000008a000000, 0x000000008a000000|100%| E|CS|TAMS 0x0000000089f00000, 0x0000000089f00000| Complete 
| 134|0x000000008a000000, 0x000000008a100000, 0x000000008a100000|100%| E|CS|TAMS 0x000000008a000000, 0x000000008a000000| Complete 
| 135|0x000000008a100000, 0x000000008a200000, 0x000000008a200000|100%| E|CS|TAMS 0x000000008a100000, 0x000000008a100000| Complete 
| 136|0x000000008a200000, 0x000000008a300000, 0x000000008a300000|100%| E|CS|TAMS 0x000000008a200000, 0x000000008a200000| Complete 

Card table byte_map: [0x000000e169b60000,0x000000e169f60000] _byte_map_base: 0x000000e169753000

Marking Bits (Prev, Next): (CMBitMap*) 0x000000e152032438, (CMBitMap*) 0x000000e152032478
 Prev Bits: [0x000000e16a360000, 0x000000e16c2f8000)
 Next Bits: [0x000000e16c300000, 0x000000e16e298000)

Polling page: 0x000000e14fe20000

Metaspace:

Usage:
  Non-class:     41.47 MB capacity,    38.50 MB ( 93%) used,     2.69 MB (  6%) free+waste,   282.69 KB ( <1%) overhead. 
      Class:      7.73 MB capacity,     6.09 MB ( 79%) used,     1.49 MB ( 19%) free+waste,   147.00 KB (  2%) overhead. 
       Both:     49.19 MB capacity,    44.59 MB ( 91%) used,     4.18 MB (  8%) free+waste,   429.69 KB ( <1%) overhead. 

Virtual space:
  Non-class space:       42.00 MB reserved,      41.50 MB ( 99%) committed 
      Class space:        1.00 GB reserved,       7.75 MB ( <1%) committed 
             Both:        1.04 GB reserved,      49.25 MB (  5%) committed 

Chunk freelists:
   Non-Class:  35.00 KB
       Class:  25.00 KB
        Both:  60.00 KB

MaxMetaspaceSize: 17179869184.00 GB
CompressedClassSpaceSize: 1.00 GB

CodeHeap 'non-profiled nmethods': size=238912Kb used=19378Kb max_used=19378Kb free=219533Kb
 bounds [0x000000e15ae10000, 0x000000e15c100000, 0x000000e169760000]
CodeHeap 'non-nmethods': size=6848Kb used=1273Kb max_used=1273Kb free=5575Kb
 bounds [0x000000e15a760000, 0x000000e15a9d0000, 0x000000e15ae10000]
 total_blobs=12122 nmethods=11292 adapters=485
 compilation: enabled
              stopped_count=0, restarted_count=0
 full_count=0

Compilation events (20 events):
Event: 4907.032 Thread 0x000000e170ad5800 11295       1       java.util.concurrent.atomic.AtomicBoolean::<init> (5 bytes)
Event: 4907.033 Thread 0x000000e170ad5800 nmethod 11295 0x000000e15c0f7610 code [0x000000e15c0f77a0, 0x000000e15c0f7878]
Event: 4907.033 Thread 0x000000e170ad5800 11296       1       org.springframework.boot.autoconfigure.SharedMetadataReaderFactoryContextInitializer::getOrder (2 bytes)
Event: 4907.034 Thread 0x000000e170ad5800 nmethod 11296 0x000000e15c0f7910 code [0x000000e15c0f7aa0, 0x000000e15c0f7b78]
Event: 4907.049 Thread 0x000000e170ad5800 11297       1       org.springframework.context.annotation.ConditionEvaluator::<init> (19 bytes)
Event: 4907.049 Thread 0x000000e170ad5800 nmethod 11297 0x000000e15c0f7c10 code [0x000000e15c0f7dc0, 0x000000e15c0f7f88]
Event: 4907.049 Thread 0x000000e170ad5800 11301   !   1       jdk.internal.reflect.GeneratedMethodAccessor56::invoke (63 bytes)
Event: 4907.050 Thread 0x000000e170ad5800 nmethod 11301 0x000000e15c0f8090 code [0x000000e15c0f82c0, 0x000000e15c0f88a8]
Event: 4907.050 Thread 0x000000e170ad5800 11302       1       java.util.HashMap$Node::hashCode (16 bytes)
Event: 4907.051 Thread 0x000000e170ad5800 nmethod 11302 0x000000e15c0f8d10 code [0x000000e15c0f8ec0, 0x000000e15c0f9018]
Event: 4907.051 Thread 0x000000e170ad5800 11298       1       org.springframework.context.annotation.ConditionEvaluator$ConditionContextImpl::<init> (66 bytes)
Event: 4907.053 Thread 0x000000e170ad5800 nmethod 11298 0x000000e15c0f9110 code [0x000000e15c0f93a0, 0x000000e15c0fa138]
Event: 4907.053 Thread 0x000000e170ad5800 11299       1       org.springframework.context.annotation.ConditionEvaluator$ConditionContextImpl::deduceBeanFactory (31 bytes)
Event: 4907.054 Thread 0x000000e170ad5800 nmethod 11299 0x000000e15c0fa590 code [0x000000e15c0fa740, 0x000000e15c0faa08]
Event: 4907.054 Thread 0x000000e170ad5800 11300       1       org.springframework.context.annotation.ConditionEvaluator$ConditionContextImpl::deduceClassLoader (32 bytes)
Event: 4907.054 Thread 0x000000e170ad5800 nmethod 11300 0x000000e15c0fab10 code [0x000000e15c0facc0, 0x000000e15c0fae78]
Event: 4907.447 Thread 0x000000e170ad5800 11303       1       org.springframework.context.annotation.ConfigurationClass::<init> (95 bytes)
Event: 4907.449 Thread 0x000000e170ad5800 nmethod 11303 0x000000e15c0faf90 code [0x000000e15c0fb220, 0x000000e15c0fbf88]
Event: 4907.747 Thread 0x000000e170ad5800 11304   !   1       com.sun.proxy.$Proxy37::name (29 bytes)
Event: 4907.748 Thread 0x000000e170ad5800 nmethod 11304 0x000000e15c0fc410 code [0x000000e15c0fc5c0, 0x000000e15c0fc7b8]

GC Heap History (20 events):
Event: 4708.229 GC heap before
{Heap before GC invocations=156 (full 21):
 garbage-first heap   total 140288K, used 118061K [0x0000000081a00000, 0x0000000100000000)
  region size 1024K, 52 young (53248K), 4 survivors (4096K)
 Metaspace       used 45433K, capacity 49952K, committed 50176K, reserved 1091584K
  class space    used 6217K, capacity 7819K, committed 7936K, reserved 1048576K
}
Event: 4708.238 GC heap after
{Heap after GC invocations=157 (full 21):
 garbage-first heap   total 140288K, used 67861K [0x0000000081a00000, 0x0000000100000000)
  region size 1024K, 3 young (3072K), 3 survivors (3072K)
 Metaspace       used 45433K, capacity 49952K, committed 50176K, reserved 1091584K
  class space    used 6217K, capacity 7819K, committed 7936K, reserved 1048576K
}
Event: 4727.900 GC heap before
{Heap before GC invocations=157 (full 21):
 garbage-first heap   total 140288K, used 74005K [0x0000000081a00000, 0x0000000100000000)
  region size 1024K, 10 young (10240K), 3 survivors (3072K)
 Metaspace       used 45436K, capacity 49958K, committed 50176K, reserved 1091584K
  class space    used 6217K, capacity 7821K, committed 7936K, reserved 1048576K
}
Event: 4728.243 GC heap after
{Heap after GC invocations=158 (full 22):
 garbage-first heap   total 140288K, used 66144K [0x0000000081a00000, 0x0000000100000000)
  region size 1024K, 0 young (0K), 0 survivors (0K)
 Metaspace       used 45436K, capacity 49958K, committed 50176K, reserved 1091584K
  class space    used 6217K, capacity 7821K, committed 7936K, reserved 1048576K
}
Event: 4731.609 GC heap before
{Heap before GC invocations=158 (full 22):
 garbage-first heap   total 140288K, used 116320K [0x0000000081a00000, 0x0000000100000000)
  region size 1024K, 50 young (51200K), 0 survivors (0K)
 Metaspace       used 45440K, capacity 49964K, committed 50176K, reserved 1091584K
  class space    used 6218K, capacity 7823K, committed 7936K, reserved 1048576K
}
Event: 4731.616 GC heap after
{Heap after GC invocations=159 (full 22):
 garbage-first heap   total 140288K, used 68970K [0x0000000081a00000, 0x0000000100000000)
  region size 1024K, 3 young (3072K), 3 survivors (3072K)
 Metaspace       used 45440K, capacity 49964K, committed 50176K, reserved 1091584K
  class space    used 6218K, capacity 7823K, committed 7936K, reserved 1048576K
}
Event: 4733.715 GC heap before
{Heap before GC invocations=160 (full 22):
 garbage-first heap   total 140288K, used 101738K [0x0000000081a00000, 0x0000000100000000)
  region size 1024K, 37 young (37888K), 3 survivors (3072K)
 Metaspace       used 45447K, capacity 49974K, committed 50176K, reserved 1091584K
  class space    used 6220K, capacity 7825K, committed 7936K, reserved 1048576K
}
Event: 4733.723 GC heap after
{Heap after GC invocations=161 (full 22):
 garbage-first heap   total 140288K, used 70111K [0x0000000081a00000, 0x0000000100000000)
  region size 1024K, 4 young (4096K), 4 survivors (4096K)
 Metaspace       used 45447K, capacity 49974K, committed 50176K, reserved 1091584K
  class space    used 6220K, capacity 7825K, committed 7936K, reserved 1048576K
}
Event: 4786.204 GC heap before
{Heap before GC invocations=162 (full 22):
 garbage-first heap   total 140288K, used 116191K [0x0000000081a00000, 0x0000000100000000)
  region size 1024K, 49 young (50176K), 4 survivors (4096K)
 Metaspace       used 45547K, capacity 50160K, committed 50432K, reserved 1091584K
  class space    used 6228K, capacity 7865K, committed 7936K, reserved 1048576K
}
Event: 4786.491 GC heap after
{Heap after GC invocations=163 (full 23):
 garbage-first heap   total 140288K, used 68462K [0x0000000081a00000, 0x0000000100000000)
  region size 1024K, 0 young (0K), 0 survivors (0K)
 Metaspace       used 45547K, capacity 50160K, committed 50432K, reserved 1091584K
  class space    used 6228K, capacity 7865K, committed 7936K, reserved 1048576K
}
Event: 4788.467 GC heap before
{Heap before GC invocations=163 (full 23):
 garbage-first heap   total 140288K, used 115566K [0x0000000081a00000, 0x0000000100000000)
  region size 1024K, 47 young (48128K), 0 survivors (0K)
 Metaspace       used 45551K, capacity 50166K, committed 50432K, reserved 1091584K
  class space    used 6229K, capacity 7867K, committed 7936K, reserved 1048576K
}
Event: 4788.474 GC heap after
{Heap after GC invocations=164 (full 23):
 garbage-first heap   total 140288K, used 71176K [0x0000000081a00000, 0x0000000100000000)
  region size 1024K, 3 young (3072K), 3 survivors (3072K)
 Metaspace       used 45551K, capacity 50166K, committed 50432K, reserved 1091584K
  class space    used 6229K, capacity 7867K, committed 7936K, reserved 1048576K
}
Event: 4790.229 GC heap before
{Heap before GC invocations=165 (full 23):
 garbage-first heap   total 140288K, used 108040K [0x0000000081a00000, 0x0000000100000000)
  region size 1024K, 40 young (40960K), 3 survivors (3072K)
 Metaspace       used 45559K, capacity 50176K, committed 50432K, reserved 1091584K
  class space    used 6230K, capacity 7869K, committed 7936K, reserved 1048576K
}
Event: 4790.236 GC heap after
{Heap after GC invocations=166 (full 23):
 garbage-first heap   total 140288K, used 72196K [0x0000000081a00000, 0x0000000100000000)
  region size 1024K, 4 young (4096K), 4 survivors (4096K)
 Metaspace       used 45559K, capacity 50176K, committed 50432K, reserved 1091584K
  class space    used 6230K, capacity 7869K, committed 7936K, reserved 1048576K
}
Event: 4856.307 GC heap before
{Heap before GC invocations=167 (full 23):
 garbage-first heap   total 140288K, used 117252K [0x0000000081a00000, 0x0000000100000000)
  region size 1024K, 47 young (48128K), 4 survivors (4096K)
 Metaspace       used 45656K, capacity 50356K, committed 50432K, reserved 1091584K
  class space    used 6237K, capacity 7907K, committed 7936K, reserved 1048576K
}
Event: 4856.319 GC heap after
{Heap after GC invocations=168 (full 23):
 garbage-first heap   total 140288K, used 72180K [0x0000000081a00000, 0x0000000100000000)
  region size 1024K, 3 young (3072K), 3 survivors (3072K)
 Metaspace       used 45656K, capacity 50356K, committed 50432K, reserved 1091584K
  class space    used 6237K, capacity 7907K, committed 7936K, reserved 1048576K
}
Event: 4905.463 GC heap before
{Heap before GC invocations=168 (full 23):
 garbage-first heap   total 140288K, used 85492K [0x0000000081a00000, 0x0000000100000000)
  region size 1024K, 17 young (17408K), 3 survivors (3072K)
 Metaspace       used 45658K, capacity 50362K, committed 50432K, reserved 1091584K
  class space    used 6238K, capacity 7909K, committed 7936K, reserved 1048576K
}
Event: 4905.777 GC heap after
{Heap after GC invocations=169 (full 24):
 garbage-first heap   total 140288K, used 70721K [0x0000000081a00000, 0x0000000100000000)
  region size 1024K, 0 young (0K), 0 survivors (0K)
 Metaspace       used 45658K, capacity 50362K, committed 50432K, reserved 1091584K
  class space    used 6238K, capacity 7909K, committed 7936K, reserved 1048576K
}
Event: 4907.758 GC heap before
{Heap before GC invocations=169 (full 24):
 garbage-first heap   total 140288K, used 117825K [0x0000000081a00000, 0x0000000100000000)
  region size 1024K, 46 young (47104K), 0 survivors (0K)
 Metaspace       used 45663K, capacity 50368K, committed 50432K, reserved 1091584K
  class space    used 6239K, capacity 7911K, committed 7936K, reserved 1048576K
}
Event: 4907.764 GC heap after
{Heap after GC invocations=170 (full 24):
 garbage-first heap   total 140288K, used 73286K [0x0000000081a00000, 0x0000000100000000)
  region size 1024K, 3 young (3072K), 3 survivors (3072K)
 Metaspace       used 45663K, capacity 50368K, committed 50432K, reserved 1091584K
  class space    used 6239K, capacity 7911K, committed 7936K, reserved 1048576K
}

Deoptimization events (20 events):
Event: 4.183 Thread 0x000000e172a7c000 DEOPT PACKING pc=0x000000e15aece8e4 sp=0x000000e1734bb480
Event: 4.183 Thread 0x000000e172a7c000 DEOPT UNPACKING pc=0x000000e15a7a9940 sp=0x000000e1734ba9a8 mode 0
Event: 14.888 Thread 0x000000e172a7c000 DEOPT PACKING pc=0x000000e15b125dfb sp=0x000000e1734baa30
Event: 14.888 Thread 0x000000e172a7c000 DEOPT UNPACKING pc=0x000000e15a7a9940 sp=0x000000e1734b9f38 mode 3
Event: 325.855 Thread 0x000000e174690800 DEOPT PACKING pc=0x000000e15b812574 sp=0x000000e175d6eff0
Event: 325.855 Thread 0x000000e174690800 DEOPT UNPACKING pc=0x000000e15a7a9940 sp=0x000000e175d6e4f0 mode 0
Event: 326.855 Thread 0x000000e174692800 DEOPT PACKING pc=0x000000e15b812574 sp=0x000000e175e6ee20
Event: 326.855 Thread 0x000000e174692800 DEOPT UNPACKING pc=0x000000e15a7a9940 sp=0x000000e175e6e320 mode 0
Event: 336.901 Thread 0x000000e174698000 DEOPT PACKING pc=0x000000e15b812574 sp=0x000000e176a6f0e0
Event: 336.901 Thread 0x000000e174698000 DEOPT UNPACKING pc=0x000000e15a7a9940 sp=0x000000e176a6e5e0 mode 0
Event: 336.901 Thread 0x000000e177c10000 DEOPT PACKING pc=0x000000e15b812574 sp=0x000000e178a3f390
Event: 336.902 Thread 0x000000e177c10000 DEOPT UNPACKING pc=0x000000e15a7a9940 sp=0x000000e178a3e890 mode 0
Event: 337.050 Thread 0x000000e174695000 DEOPT PACKING pc=0x000000e15b812574 sp=0x000000e17696efb0
Event: 337.050 Thread 0x000000e174695000 DEOPT UNPACKING pc=0x000000e15a7a9940 sp=0x000000e17696e4b0 mode 0
Event: 337.050 Thread 0x000000e177c14000 DEOPT PACKING pc=0x000000e15b812574 sp=0x000000e178b3ee00
Event: 337.050 Thread 0x000000e177c14000 DEOPT UNPACKING pc=0x000000e15a7a9940 sp=0x000000e178b3e300 mode 0
Event: 338.879 Thread 0x000000e174699000 DEOPT PACKING pc=0x000000e15b812574 sp=0x000000e176b6efa0
Event: 338.879 Thread 0x000000e174699000 DEOPT UNPACKING pc=0x000000e15a7a9940 sp=0x000000e176b6e4a0 mode 0
Event: 385.965 Thread 0x000000e177c0f000 DEOPT PACKING pc=0x000000e15b836a11 sp=0x000000e17786eb40
Event: 385.965 Thread 0x000000e177c0f000 DEOPT UNPACKING pc=0x000000e15a7a9940 sp=0x000000e17786e090 mode 3

Classes unloaded (20 events):
Event: 3455.990 Thread 0x000000e170ab2800 Unloading class 0x00000008011b7840 'jdk/internal/reflect/GeneratedSerializationConstructorAccessor12'
Event: 3455.990 Thread 0x000000e170ab2800 Unloading class 0x00000008011b2840 'jdk/internal/reflect/GeneratedSerializationConstructorAccessor11'
Event: 3455.990 Thread 0x000000e170ab2800 Unloading class 0x00000008011b6840 'org/apache/catalina/loader/JdbcLeakPrevention'
Event: 3455.990 Thread 0x000000e170ab2800 Unloading class 0x00000008011b8040 'com/netflix/appinfo/ApplicationInfoManager$$EnhancerBySpringCGLIB$$6e3f7cd1'
Event: 3455.990 Thread 0x000000e170ab2800 Unloading class 0x00000008011b4040 'com/sun/proxy/$Proxy138'
Event: 3455.990 Thread 0x000000e170ab2800 Unloading class 0x00000008011b2510 'com/sun/proxy/$Proxy137'
Event: 3455.990 Thread 0x000000e170ab2800 Unloading class 0x00000008011b2040 'org/springframework/cloud/netflix/eureka/serviceregistry/EurekaRegistration$$EnhancerBySpringCGLIB$$e5b9ee61'
Event: 3455.990 Thread 0x000000e170ab2800 Unloading class 0x00000008011a3a88 'com/microservices/currency/conversion/service/CurrencyConversion'
Event: 3455.990 Thread 0x000000e170ab2800 Unloading class 0x00000008011a3840 'com/microservices/currency/conversion/service/CurrencyConversionServiceApplication$$EnhancerBySpringCGLIB$$9cc88a9c'
Event: 3455.990 Thread 0x000000e170ab2800 Unloading class 0x00000008011a6488 'com/microservices/currency/conversion/service/CurrencyExchangeServiceProxy'
Event: 3455.990 Thread 0x000000e170ab2800 Unloading class 0x00000008011a6258 'com/microservices/currency/conversion/service/CurrencyConversionController'
Event: 3455.990 Thread 0x000000e170ab2800 Unloading class 0x00000008011a6040 'com/microservices/currency/conversion/service/CurrencyConversionServiceApplication'
Event: 3455.990 Thread 0x000000e170ab2800 Unloading class 0x00000008011a7840 'jdk/internal/reflect/GeneratedSerializationConstructorAccessor10'
Event: 3455.990 Thread 0x000000e170ab2800 Unloading class 0x000000080119ec40 'jdk/internal/reflect/GeneratedSerializationConstructorAccessor9'
Event: 3455.990 Thread 0x000000e170ab2800 Unloading class 0x0000000801187840 'jdk/internal/reflect/GeneratedSerializationConstructorAccessor8'
Event: 3455.990 Thread 0x000000e170ab2800 Unloading class 0x0000000801180040 'jdk/internal/reflect/GeneratedSerializationConstructorAccessor7'
Event: 3455.990 Thread 0x000000e170ab2800 Unloading class 0x000000080115a440 'jdk/internal/reflect/GeneratedSerializationConstructorAccessor5'
Event: 3455.990 Thread 0x000000e170ab2800 Unloading class 0x00000008010f7840 'jdk/internal/reflect/GeneratedSerializationConstructorAccessor4'
Event: 3455.990 Thread 0x000000e170ab2800 Unloading class 0x00000008010f0c40 'jdk/internal/reflect/GeneratedSerializationConstructorAccessor3'
Event: 3455.990 Thread 0x000000e170ab2800 Unloading class 0x0000000801018440 'jdk/internal/reflect/GeneratedSerializationConstructorAccessor2'

Classes redefined (0 events):
No events

Internal exceptions (20 events):
Event: 4907.032 Thread 0x000000e177c0e000 Exception <a 'java/io/IOException'{0x0000000089bf8a48}> (0x0000000089bf8a48) 
thrown [t:/workspace/open/src/hotspot/share/prims/jni.cpp, line 599]
Event: 4907.032 Thread 0x000000e177c0e000 Exception <a 'java/io/IOException'{0x0000000089bf8db8}> (0x0000000089bf8db8) 
thrown [t:/workspace/open/src/hotspot/share/prims/jni.cpp, line 599]
Event: 4907.032 Thread 0x000000e177c0e000 Exception <a 'java/io/IOException'{0x0000000089bf90f0}> (0x0000000089bf90f0) 
thrown [t:/workspace/open/src/hotspot/share/prims/jni.cpp, line 599]
Event: 4907.032 Thread 0x000000e177c0e000 Exception <a 'java/io/IOException'{0x0000000089bf9460}> (0x0000000089bf9460) 
thrown [t:/workspace/open/src/hotspot/share/prims/jni.cpp, line 599]
Event: 4907.032 Thread 0x000000e177c0e000 Exception <a 'java/io/IOException'{0x0000000089bf9798}> (0x0000000089bf9798) 
thrown [t:/workspace/open/src/hotspot/share/prims/jni.cpp, line 599]
Event: 4907.032 Thread 0x000000e177c0e000 Exception <a 'java/io/IOException'{0x0000000089bf9d40}> (0x0000000089bf9d40) 
thrown [t:/workspace/open/src/hotspot/share/prims/jni.cpp, line 599]
Event: 4907.032 Thread 0x000000e177c0e000 Exception <a 'java/io/IOException'{0x0000000089bfa078}> (0x0000000089bfa078) 
thrown [t:/workspace/open/src/hotspot/share/prims/jni.cpp, line 599]
Event: 4907.032 Thread 0x000000e177c0e000 Exception <a 'java/io/IOException'{0x0000000089bfa3e8}> (0x0000000089bfa3e8) 
thrown [t:/workspace/open/src/hotspot/share/prims/jni.cpp, line 599]
Event: 4907.032 Thread 0x000000e177c0e000 Exception <a 'java/io/IOException'{0x0000000089bfa720}> (0x0000000089bfa720) 
thrown [t:/workspace/open/src/hotspot/share/prims/jni.cpp, line 599]
Event: 4907.038 Thread 0x000000e177c0e000 Exception <a 'java/io/IOException'{0x0000000089a21578}> (0x0000000089a21578) 
thrown [t:/workspace/open/src/hotspot/share/prims/jni.cpp, line 599]
Event: 4907.038 Thread 0x000000e177c0e000 Exception <a 'java/io/IOException'{0x0000000089a218b0}> (0x0000000089a218b0) 
thrown [t:/workspace/open/src/hotspot/share/prims/jni.cpp, line 599]
Event: 4907.038 Thread 0x000000e177c0e000 Exception <a 'java/io/IOException'{0x0000000089a23af0}> (0x0000000089a23af0) 
thrown [t:/workspace/open/src/hotspot/share/prims/jni.cpp, line 599]
Event: 4907.038 Thread 0x000000e177c0e000 Exception <a 'java/io/IOException'{0x0000000089a23e28}> (0x0000000089a23e28) 
thrown [t:/workspace/open/src/hotspot/share/prims/jni.cpp, line 599]
Event: 4907.046 Thread 0x000000e177c0e000 Exception <a 'java/io/IOException'{0x0000000089a615e0}> (0x0000000089a615e0) 
thrown [t:/workspace/open/src/hotspot/share/prims/jni.cpp, line 599]
Event: 4907.046 Thread 0x000000e177c0e000 Exception <a 'java/io/IOException'{0x0000000089a61bc0}> (0x0000000089a61bc0) 
thrown [t:/workspace/open/src/hotspot/share/prims/jni.cpp, line 599]
Event: 4907.046 Thread 0x000000e177c0e000 Exception <a 'java/io/IOException'{0x0000000089a636e0}> (0x0000000089a636e0) 
thrown [t:/workspace/open/src/hotspot/share/prims/jni.cpp, line 599]
Event: 4907.046 Thread 0x000000e177c0e000 Exception <a 'java/io/IOException'{0x0000000089a63cc0}> (0x0000000089a63cc0) 
thrown [t:/workspace/open/src/hotspot/share/prims/jni.cpp, line 599]
Event: 4907.046 Thread 0x000000e177c0e000 Exception <a 'java/io/IOException'{0x0000000089a65c68}> (0x0000000089a65c68) 
thrown [t:/workspace/open/src/hotspot/share/prims/jni.cpp, line 599]
Event: 4907.046 Thread 0x000000e177c0e000 Exception <a 'java/io/IOException'{0x0000000089a66248}> (0x0000000089a66248) 
thrown [t:/workspace/open/src/hotspot/share/prims/jni.cpp, line 599]
Event: 4907.180 Thread 0x000000e177c10800 Exception <a 'java/lang/NoClassDefFoundError'{0x00000000895f6888}: org/glassfish/jersey/server/monitoring/ApplicationEventListener> (0x00000000895f6888) 
thrown [t:/workspace/open/src/hotspot/share/classfile/systemDictionary.cpp, line 215]

Events (20 events):
Event: 4905.456 Executing VM operation: HandshakeOneThread done
Event: 4905.456 Thread 0x000000e174697000 Thread exited: 0x000000e174697000
Event: 4905.462 Executing VM operation: G1CollectFull
Event: 4905.777 Executing VM operation: G1CollectFull done
Event: 4905.777 Thread 0x000000e177c0e000 Thread added: 0x000000e177c0e000
Event: 4905.778 Thread 0x000000e177c0e000 Thread exited: 0x000000e177c0e000
Event: 4905.778 Thread 0x000000e177c0e000 Thread added: 0x000000e177c0e000
Event: 4905.941 Thread 0x000000e177c10800 Thread added: 0x000000e177c10800
Event: 4905.943 Executing VM operation: HandshakeOneThread
Event: 4905.943 Executing VM operation: HandshakeOneThread done
Event: 4905.943 Thread 0x000000e177c10800 Thread exited: 0x000000e177c10800
Event: 4907.119 Thread 0x000000e177c10800 Thread added: 0x000000e177c10800
Event: 4907.120 Executing VM operation: HandshakeOneThread
Event: 4907.120 Executing VM operation: HandshakeOneThread done
Event: 4907.219 Executing VM operation: HandshakeOneThread
Event: 4907.219 Executing VM operation: HandshakeOneThread done
Event: 4907.219 Thread 0x000000e177c10800 Thread exited: 0x000000e177c10800
Event: 4907.758 Executing VM operation: G1CollectForAllocation
Event: 4907.764 Executing VM operation: G1CollectForAllocation done
Event: 4908.180 Executing VM operation: G1Concurrent


Dynamic libraries:
0x00007ff7790d0000 - 0x00007ff7790df000 	C:\Program Files\Java\jdk-14\bin\java.exe
0x00007ff8dd220000 - 0x00007ff8dd3cd000 	C:\Windows\SYSTEM32\ntdll.dll
0x00007ff8da970000 - 0x00007ff8daaae000 	C:\Windows\system32\KERNEL32.DLL
0x00007ff8da4d0000 - 0x00007ff8da5e5000 	C:\Windows\system32\KERNELBASE.dll
0x00007ff8cb9a0000 - 0x00007ff8cb9b8000 	C:\Program Files\Java\jdk-14\bin\jli.dll
0x00007ff8d4690000 - 0x00007ff8d46a5000 	C:\Program Files\Java\jdk-14\bin\VCRUNTIME140.dll
0x00007ff8d8c00000 - 0x00007ff8d8c04000 	C:\Program Files\Java\jdk-14\bin\api-ms-win-crt-stdio-l1-1-0.dll
0x00007ff8d8670000 - 0x00007ff8d8674000 	C:\Program Files\Java\jdk-14\bin\api-ms-win-crt-runtime-l1-1-0.dll
0x00007ff8d6950000 - 0x00007ff8d6953000 	C:\Program Files\Java\jdk-14\bin\api-ms-win-crt-environment-l1-1-0.dll
0x00007ff8cd880000 - 0x00007ff8cd885000 	C:\Program Files\Java\jdk-14\bin\api-ms-win-crt-math-l1-1-0.dll
0x00007ff8cc3a0000 - 0x00007ff8cc3a3000 	C:\Program Files\Java\jdk-14\bin\api-ms-win-crt-locale-l1-1-0.dll
0x00007ff8ccf70000 - 0x00007ff8ccf73000 	C:\Program Files\Java\jdk-14\bin\api-ms-win-crt-heap-l1-1-0.dll
0x00007ff8da8b0000 - 0x00007ff8da95a000 	C:\Windows\system32\ADVAPI32.dll
0x00007ff8d7e20000 - 0x00007ff8d809b000 	C:\Windows\WinSxS\amd64_microsoft.windows.common-controls_6595b64144ccf1df_6.0.9600.18006_none_623f33d3ecbe86e8\COMCTL32.dll
0x00007ff8dc9f0000 - 0x00007ff8dcb67000 	C:\Windows\system32\USER32.dll
0x00007ff8d4560000 - 0x00007ff8d456a000 	C:\Windows\SYSTEM32\VERSION.dll
0x00007ff8ccfa0000 - 0x00007ff8ccfa3000 	C:\Program Files\Java\jdk-14\bin\api-ms-win-crt-filesystem-l1-1-0.dll
0x00007ff8d8bb0000 - 0x00007ff8d8bb4000 	C:\Program Files\Java\jdk-14\bin\api-ms-win-crt-string-l1-1-0.dll
0x00007ff8d85d0000 - 0x00007ff8d85d4000 	C:\Program Files\Java\jdk-14\bin\api-ms-win-crt-convert-l1-1-0.dll
0x00007ff8dc450000 - 0x00007ff8dc4fa000 	C:\Windows\system32\msvcrt.dll
0x00007ff8dc390000 - 0x00007ff8dc3e9000 	C:\Windows\SYSTEM32\sechost.dll
0x00007ff8dc700000 - 0x00007ff8dc840000 	C:\Windows\system32\RPCRT4.dll
0x00007ff8dcb70000 - 0x00007ff8dccbf000 	C:\Windows\system32\GDI32.dll
0x00007ff8bd020000 - 0x00007ff8bd11c000 	C:\Program Files\Java\jdk-14\bin\ucrtbase.DLL
0x00007ff8da830000 - 0x00007ff8da85e000 	C:\Windows\system32\SspiCli.dll
0x00007ff8dd1e0000 - 0x00007ff8dd216000 	C:\Windows\system32\IMM32.DLL
0x00007ff8daab0000 - 0x00007ff8dac02000 	C:\Windows\system32\MSCTF.dll
0x00007ff8cb900000 - 0x00007ff8cb99b000 	C:\Program Files\Java\jdk-14\bin\msvcp140.dll
0x00007ff8ccf90000 - 0x00007ff8ccf93000 	C:\Program Files\Java\jdk-14\bin\api-ms-win-crt-time-l1-1-0.dll
0x00007ff8d4650000 - 0x00007ff8d4653000 	C:\Program Files\Java\jdk-14\bin\api-ms-win-crt-utility-l1-1-0.dll
0x00007ff89ffc0000 - 0x00007ff8a0adf000 	C:\Program Files\Java\jdk-14\bin\server\jvm.dll
0x00007ff8d6280000 - 0x00007ff8d6289000 	C:\Windows\SYSTEM32\WSOCK32.dll
0x00007ff8d54d0000 - 0x00007ff8d54f2000 	C:\Windows\SYSTEM32\WINMM.dll
0x00007ff8da960000 - 0x00007ff8da967000 	C:\Windows\system32\PSAPI.DLL
0x00007ff8dc330000 - 0x00007ff8dc38a000 	C:\Windows\system32\WS2_32.dll
0x00007ff8d5480000 - 0x00007ff8d54aa000 	C:\Windows\SYSTEM32\WINMMBASE.dll
0x00007ff8dcfb0000 - 0x00007ff8dcfb9000 	C:\Windows\system32\NSI.dll
0x00007ff8da860000 - 0x00007ff8da8af000 	C:\Windows\SYSTEM32\cfgmgr32.dll
0x00007ff8d9170000 - 0x00007ff8d9198000 	C:\Windows\SYSTEM32\DEVOBJ.dll
0x00007ff8ccea0000 - 0x00007ff8cceaa000 	C:\Program Files\Java\jdk-14\bin\jimage.dll
0x00007ff8d2f90000 - 0x00007ff8d3119000 	C:\Windows\SYSTEM32\DBGHELP.DLL
0x00007ff8cc6a0000 - 0x00007ff8cc6c5000 	C:\Program Files\Java\jdk-14\bin\java.dll
0x00007ff8cc3d0000 - 0x00007ff8cc3e7000 	C:\Program Files\Java\jdk-14\bin\zip.dll
0x00007ff8dac70000 - 0x00007ff8dc199000 	C:\Windows\system32\SHELL32.dll
0x00007ff8dcd80000 - 0x00007ff8dcf91000 	C:\Windows\SYSTEM32\combase.dll
0x00007ff8dc3f0000 - 0x00007ff8dc444000 	C:\Windows\system32\SHLWAPI.dll
0x00007ff8d88f0000 - 0x00007ff8d89a2000 	C:\Windows\SYSTEM32\SHCORE.dll
0x00007ff8da350000 - 0x00007ff8da365000 	C:\Windows\SYSTEM32\profapi.dll
0x00007ff8cc3b0000 - 0x00007ff8cc3c9000 	C:\Program Files\Java\jdk-14\bin\net.dll
0x00007ff8ccd90000 - 0x00007ff8cce57000 	C:\Windows\SYSTEM32\WINHTTP.dll
0x00007ff8d9bb0000 - 0x00007ff8d9c09000 	C:\Windows\system32\mswsock.dll
0x00007ff8cc160000 - 0x00007ff8cc172000 	C:\Program Files\Java\jdk-14\bin\nio.dll
0x00007ff8d6860000 - 0x00007ff8d6869000 	C:\Program Files\Java\jdk-14\bin\management.dll
0x00007ff8d6850000 - 0x00007ff8d685b000 	C:\Program Files\Java\jdk-14\bin\management_ext.dll
0x00007ff8d5280000 - 0x00007ff8d52aa000 	C:\Windows\SYSTEM32\IPHLPAPI.DLL
0x00007ff8d52b0000 - 0x00007ff8d52ba000 	C:\Windows\SYSTEM32\WINNSI.DLL
0x00007ff8d4bc0000 - 0x00007ff8d4bd6000 	C:\Windows\SYSTEM32\dhcpcsvc6.DLL
0x00007ff8d4df0000 - 0x00007ff8d4e0a000 	C:\Windows\SYSTEM32\dhcpcsvc.DLL
0x00007ff8d99b0000 - 0x00007ff8d9a54000 	C:\Windows\SYSTEM32\DNSAPI.dll
0x00007ff8c09b0000 - 0x00007ff8c09ba000 	C:\Windows\System32\rasadhlp.dll
0x00007ff8d4c40000 - 0x00007ff8d4cab000 	C:\Windows\System32\fwpuclnt.dll
0x00007ff8cc140000 - 0x00007ff8cc155000 	C:\Windows\system32\napinsp.dll
0x00007ff8b4440000 - 0x00007ff8b445a000 	C:\Windows\system32\pnrpnsp.dll
0x00007ff8d61e0000 - 0x00007ff8d61fb000 	C:\Windows\system32\NLAapi.dll
0x00007ff8cc130000 - 0x00007ff8cc13d000 	C:\Windows\System32\winrnr.dll
0x00007ff8d2b80000 - 0x00007ff8d2b94000 	C:\Windows\system32\wshbth.dll
0x00007ff8d9c10000 - 0x00007ff8d9c30000 	C:\Windows\SYSTEM32\CRYPTSP.dll
0x00007ff8d9870000 - 0x00007ff8d98a6000 	C:\Windows\system32\rsaenh.dll
0x00007ff8d9ea0000 - 0x00007ff8d9ec6000 	C:\Windows\SYSTEM32\bcrypt.dll
0x00007ff8d9980000 - 0x00007ff8d99a1000 	C:\Windows\SYSTEM32\USERENV.dll
0x00007ff8da1b0000 - 0x00007ff8da213000 	C:\Windows\system32\bcryptprimitives.dll
0x00007ff8da220000 - 0x00007ff8da22b000 	C:\Windows\SYSTEM32\CRYPTBASE.dll
0x00007ff8d6910000 - 0x00007ff8d6935000 	C:\Program Files\Java\jdk-14\bin\sunec.dll
0x00007ff8d8c10000 - 0x00007ff8d8c1e000 	C:\Program Files\Java\jdk-14\bin\sunmscapi.dll
0x00007ff8da5f0000 - 0x00007ff8da7cf000 	C:\Windows\system32\CRYPT32.dll
0x00007ff8d9e70000 - 0x00007ff8d9e95000 	C:\Windows\SYSTEM32\ncrypt.dll
0x00007ff8da400000 - 0x00007ff8da411000 	C:\Windows\system32\MSASN1.dll
0x00007ff8d9e30000 - 0x00007ff8d9e67000 	C:\Windows\SYSTEM32\NTASN1.dll

dbghelp: loaded successfully - version: 4.0.5 - missing functions: none
symbol engine: initialized successfully - sym options: 0x614 - pdb path: .;C:\Program Files\Java\jdk-14\bin;C:\Windows\SYSTEM32;C:\Windows\WinSxS\amd64_microsoft.windows.common-controls_6595b64144ccf1df_6.0.9600.18006_none_623f33d3ecbe86e8;C:\Program Files\Java\jdk-14\bin\server

VM Arguments:
jvm_args: -XX:TieredStopAtLevel=1 -Xverify:none -XX:TieredStopAtLevel=1 
java_command: com.microservices.currency.conversion.service.CurrencyConversionServiceApplication
java_class_path (initial): D:\Java\n32m\Springboot-microservices\currency-converter-service\target\classes;C:\Users\PC\.m2\repository\ch\qos\logback\logback-classic\1.2.11\logback-classic-1.2.11.jar;C:\Users\PC\.m2\repository\ch\qos\logback\logback-core\1.2.11\logback-core-1.2.11.jar;C:\Users\PC\.m2\repository\org\apache\logging\log4j\log4j-to-slf4j\2.17.2\log4j-to-slf4j-2.17.2.jar;C:\Users\PC\.m2\repository\org\apache\logging\log4j\log4j-api\2.17.2\log4j-api-2.17.2.jar;C:\Users\PC\.m2\repository\org\slf4j\jul-to-slf4j\1.7.36\jul-to-slf4j-1.7.36.jar;C:\Users\PC\.m2\repository\jakarta\annotation\jakarta.annotation-api\1.3.5\jakarta.annotation-api-1.3.5.jar;C:\Users\PC\.m2\repository\org\yaml\snakeyaml\1.29\snakeyaml-1.29.jar;C:\Users\PC\.m2\repository\org\springframework\boot\spring-boot-actuator-autoconfigure\2.6.5\spring-boot-actuator-autoconfigure-2.6.5.jar;C:\Users\PC\.m2\repository\org\springframework\boot\spring-boot-actuator\2.6.5\spring-boot-actuator-2.6.5.jar;C:\Users\PC\.m2\repository\com\fasterxml\jackson\datatype\jackson-datatype-jsr310\2.13.2\jackson-datatype-jsr310-2.13.2.jar;C:\Users\PC\.m2\repository\io\micrometer\micrometer-core\1.8.4\micrometer-core-1.8.4.jar;C:\Users\PC\.m2\repository\org\hdrhistogram\HdrHistogram\2.1.12\HdrHistogram-2.1.12.jar;C:\Users\PC\.m2\repository\org\latencyutils\LatencyUtils\2.0.3\LatencyUtils-2.0.3.jar;C:\Users\PC\.m2\repository\com\fasterxml\jackson\datatype\jackson-datatype-jdk8\2.13.2\jackson-datatype-jdk8-2.13.2.jar;C:\Users\PC\.m2\repository\com\fasterxml\jackson\module\jackson-module-parameter-names\2.13.2\jackson-module-parameter-names-2.13.2.jar;C:\Users\PC\.m2\repository\org\apache\tomcat\embed\tomcat-embed-core\9.0.60\tomcat-embed-core-9.0.60.jar;C:\Users\PC\.m2\repository\org\apache\tomcat\embed\tomcat-embed-el\9.0.60\tomcat-embed-el-9.0.60.jar;C:\Users\PC\.m2\repository\org\apache\tomcat\embed\tomcat-embed-websocket\9.0.60\tomcat-embed-websocket-9.0.60.jar;C:\Users\PC\.m2\repository\org\springframework\sprin
Launcher Type: SUN_STANDARD

[Global flags]
     intx CICompilerCount                          = 3                                         {product} {ergonomic}
     uint ConcGCThreads                            = 1                                         {product} {ergonomic}
     uint G1ConcRefinementThreads                  = 4                                         {product} {ergonomic}
   size_t G1HeapRegionSize                         = 1048576                                   {product} {ergonomic}
    uintx GCDrainStackTargetSize                   = 64                                        {product} {ergonomic}
   size_t InitialHeapSize                          = 134217728                                 {product} {ergonomic}
   size_t MarkStackSize                            = 4194304                                   {product} {ergonomic}
   size_t MaxHeapSize                              = 2120220672                                {product} {ergonomic}
   size_t MaxNewSize                               = 1271922688                                {product} {ergonomic}
   size_t MinHeapDeltaBytes                        = 1048576                                   {product} {ergonomic}
   size_t MinHeapSize                              = 8388608                                   {product} {ergonomic}
    uintx NonNMethodCodeHeapSize                   = 6973028                                {pd product} {ergonomic}
    uintx NonProfiledCodeHeapSize                  = 244685212                              {pd product} {ergonomic}
    uintx ProfiledCodeHeapSize                     = 0                                      {pd product} {ergonomic}
    uintx ReservedCodeCacheSize                    = 251658240                              {pd product} {ergonomic}
     bool SegmentedCodeCache                       = true                                      {product} {ergonomic}
   size_t SoftMaxHeapSize                          = 2120220672                             {manageable} {ergonomic}
     intx TieredStopAtLevel                        = 1                                         {product} {command line}
     bool UseCompressedClassPointers               = true                                 {lp64_product} {ergonomic}
     bool UseCompressedOops                        = true                                 {lp64_product} {ergonomic}
     bool UseG1GC                                  = true                                      {product} {ergonomic}
     bool UseLargePagesIndividualAllocation        = false                                  {pd product} {ergonomic}

Logging:
Log output configuration:
 #0: stdout all=warning uptime,level,tags
 #1: stderr all=off uptime,level,tags

Environment Variables:
JAVA_HOME=C:\Program Files\Java\jdk-14
PATH=C:\Program Files\Java\jdk-14\bin;C:\Users\PC\introcs\java\bin;C:\Program Files (x86)\Intel\TXE Components\TCS\;C:\Program Files\Intel\TXE Components\TCS\;C:\ProgramData\Oracle\Java\javapath;C:\Windows\system32;C:\Windows;C:\Windows\System32\Wbem;C:\Windows\System32\WindowsPowerShell\v1.0\;C:\Program Files (x86)\QuickTime\QTSystem\;C:\Program Files (x86)\Skype\Phone\;C:\Program Files (x86)\Windows Kits\8.1\Windows Performance Toolkit\;C:\Program Files\Microsoft SQL Server\110\Tools\Binn\;c:\Program Files (x86)\Microsoft SQL Server\110\Tools\Binn\;c:\Program Files\Microsoft SQL Server\110\DTS\Binn\;C:\Program Files\Java\jdk-13.0.2\bin;C:\Program Files\Git\cmd;C:\Users\PC\AppData\Local\Programs\Python\Python38-32\Scripts\;C:\Users\PC\AppData\Local\Programs\Python\Python38-32\;C:\Program Files\Java\jdk-14\bin;C:\Users\PC\introcs\j3d\bin;C:\Users\PC\introcs\bin;C:\Users\PC\introcs\java\bin;C:\Python27
USERNAME=PC
OS=Windows_NT
PROCESSOR_IDENTIFIER=Intel64 Family 6 Model 55 Stepping 8, GenuineIntel



---------------  S Y S T E M  ---------------

OS: Windows 8.1 , 64 bit Build 9600 (6.3.9600.17415)
OS uptime: 3 days 22:51 hours

CPU:total 4 (initial active 4) (4 cores per cpu, 1 threads per core) family 6 model 55 stepping 8, cmov, cx8, fxsr, mmx, sse, sse2, sse3, ssse3, sse4.1, sse4.2, popcnt, clmul, erms, 3dnowpref, tsc, tscinvbit

Memory: 4k page, system-wide physical 8083M (1278M free)
TotalPageFile size 8083M (AvailPageFile size 6M)
current process WorkingSet (physical memory assigned to process): 271M, peak: 271M
current process commit charge ("private bytes"): 310M, peak: 320M

vm_info: Java HotSpot(TM) 64-Bit Server VM (14+36-1461) for windows-amd64 JRE (14+36-1461), built on Feb  6 2020 19:08:04 by "mach5one" with MS VC++ 15.9 (VS2017)

END.
