#
# There is insufficient memory for the Java Runtime Environment to continue.
# Native memory allocation (mmap) failed to map 27262976 bytes for Failed to commit area from 0x0000000089a00000 to 0x000000008b400000 of length 27262976.
# Possible reasons:
#   The system is out of physical RAM or swap space
#   The process is running with CompressedOops enabled, and the Java Heap may be blocking the growth of the native heap
# Possible solutions:
#   Reduce memory load on the system
#   Increase physical memory or swap space
#   Check if swap backing store is full
#   Decrease Java heap size (-Xmx/-Xms)
#   Decrease number of Java threads
#   Decrease Java thread stack sizes (-Xss)
#   Set larger code cache with -XX:ReservedCodeCacheSize=
#   JVM is running with Unscaled Compressed Oops mode in which the Java heap is
#     placed in the first 4GB address space. The Java Heap base address is the
#     maximum limit for the native heap growth. Please use -XX:HeapBaseMinAddress
#     to set the Java Heap base and to place the Java Heap above 4GB virtual address.
# This output file may be truncated or incomplete.
#
#  Out of Memory Error (t:/workspace/open/src/hotspot/os/windows/os_windows.cpp:3315), pid=9728, tid=1176
#
# JRE version: Java(TM) SE Runtime Environment (14.0+36) (build 14+36-1461)
# Java VM: Java HotSpot(TM) 64-Bit Server VM (14+36-1461, mixed mode, sharing, tiered, compressed oops, g1 gc, windows-amd64)
# No core dump will be written. Minidumps are not enabled by default on client versions of Windows
#

---------------  S U M M A R Y ------------

Command Line: -XX:TieredStopAtLevel=1 -Xverify:none -XX:TieredStopAtLevel=1 com.microservices.currency.conversion.service.CurrencyConversionServiceApplication

Host: Intel(R) Pentium(R) CPU  N3540  @ 2.16GHz, 4 cores, 7G,  Windows 8.1 , 64 bit Build 9600 (6.3.9600.17415)
Time: Thu Apr  7 14:16:42 2022 FLE Daylight Time elapsed time: 8 seconds (0d 0h 0m 8s)

---------------  T H R E A D  ---------------

Current thread (0x000000242fc16000):  VMThread "VM Thread" [stack: 0x0000002430640000,0x0000002430740000] [id=1176]

Stack: [0x0000002430640000,0x0000002430740000]
[error occurred during error reporting (printing stack bounds), id 0xc0000005, EXCEPTION_ACCESS_VIOLATION (0xc0000005) at pc=0x00000024198c10be]

Native frames: (J=compiled Java code, j=interpreted, Vv=VM code, C=native code)
V  [jvm.dll+0x5f83ea]
V  [jvm.dll+0x741e2a]
V  [jvm.dll+0x7435df]
V  [jvm.dll+0x743b85]
V  [jvm.dll+0x743b3b]
V  [jvm.dll+0x5f791f]
V  [jvm.dll+0x5f8088]
C  [ntdll.dll+0x933fd]
C  [ntdll.dll+0x54847]
C  [ntdll.dll+0x9258a]
C  0x00000024198c10be

VM_Operation (0x000000243253b1c0): G1CollectForAllocation, mode: safepoint, requested by thread 0x0000002431ba1000


---------------  P R O C E S S  ---------------

Threads class SMR info:
_java_thread_list=0x000000243294f5a0, length=12, elements={
0x0000002411156000, 0x000000242fc1a000, 0x000000242fc1c000, 0x000000242fc34800,
0x000000242fc35800, 0x000000242fc38800, 0x000000242fc3a800, 0x000000242fc3d800,
0x0000002430f3f000, 0x0000002430f60800, 0x0000002431b8b800, 0x0000002431ba1000
}

Java Threads: ( => current thread )
  0x0000002411156000 JavaThread "main" [_thread_blocked, id=7188, stack(0x000000240f060000,0x000000240f160000)]
  0x000000242fc1a000 JavaThread "Reference Handler" daemon [_thread_blocked, id=10232, stack(0x0000002430740000,0x0000002430840000)]
  0x000000242fc1c000 JavaThread "Finalizer" daemon [_thread_blocked, id=9468, stack(0x0000002430840000,0x0000002430940000)]
  0x000000242fc34800 JavaThread "Signal Dispatcher" daemon [_thread_blocked, id=7584, stack(0x0000002430940000,0x0000002430a40000)]
  0x000000242fc35800 JavaThread "Attach Listener" daemon [_thread_blocked, id=8156, stack(0x0000002430a40000,0x0000002430b40000)]
  0x000000242fc38800 JavaThread "Service Thread" daemon [_thread_blocked, id=8100, stack(0x0000002430b40000,0x0000002430c40000)]
  0x000000242fc3a800 JavaThread "C1 CompilerThread0" daemon [_thread_blocked, id=7576, stack(0x0000002430c40000,0x0000002430d40000)]
  0x000000242fc3d800 JavaThread "Sweeper thread" daemon [_thread_blocked, id=8464, stack(0x0000002430d40000,0x0000002430e40000)]
  0x0000002430f3f000 JavaThread "Notification Thread" daemon [_thread_blocked, id=9240, stack(0x0000002431240000,0x0000002431340000)]
  0x0000002430f60800 JavaThread "Common-Cleaner" daemon [_thread_blocked, id=5000, stack(0x0000002431440000,0x0000002431540000)]
  0x0000002431b8b800 JavaThread "Thread-0" [_thread_blocked, id=6200, stack(0x0000002432340000,0x0000002432440000)]
  0x0000002431ba1000 JavaThread "restartedMain" [_thread_blocked, id=10104, stack(0x0000002432440000,0x0000002432540000)]

Other Threads:
=>0x000000242fc16000 VMThread "VM Thread" [stack: 0x0000002430640000,0x0000002430740000] [id=1176]
  0x0000002430f5f800 WatcherThread [stack: 0x0000002431340000,0x0000002431440000] [id=5236]
  0x0000002411198000 GCTaskThread "GC Thread#0" [stack: 0x0000002410f10000,0x0000002411010000] [id=3816]
  0x00000024317d8800 GCTaskThread "GC Thread#1" [stack: 0x0000002431d40000,0x0000002431e40000] [id=4976]
  0x0000002431779000 GCTaskThread "GC Thread#2" [stack: 0x0000002431e40000,0x0000002431f40000] [id=6644]
  0x00000024325f1800 GCTaskThread "GC Thread#3" [stack: 0x0000002433cf0000,0x0000002433df0000] [id=6728]
  0x00000024111a9800 ConcurrentGCThread "G1 Main Marker" [stack: 0x000000242d400000,0x000000242d500000] [id=8236]
  0x00000024111aa800 ConcurrentGCThread "G1 Conc#0" [stack: 0x000000242d500000,0x000000242d600000] [id=6432]
  0x000000242fa89800 ConcurrentGCThread "G1 Refine#0" [stack: 0x000000242fc40000,0x000000242fd40000] [id=9048]
  0x000000242fa8a000 ConcurrentGCThread "G1 Young RemSet Sampling" [stack: 0x000000242fd40000,0x000000242fe40000] [id=9852]

Threads with active compile tasks:

VM state:at safepoint (normal execution)

VM Mutex/Monitor currently owned by a thread:  ([mutex/lock_event])
[0x00000024111516e0] Threads_lock - owner thread: 0x000000242fc16000
[0x0000002411152850] Heap_lock - owner thread: 0x0000002431ba1000

Heap address: 0x0000000081a00000, size: 2022 MB, Compressed Oops mode: 32-bit
Narrow klass base: 0x0000000800000000, Narrow klass shift: 3
Compressed class space size: 1073741824 Address: 0x0000000800b30000

Heap:
 garbage-first heap   total 157696K, used 13192K [0x0000000081a00000, 0x0000000100000000)
  region size 1024K, 7 young (7168K), 7 survivors (7168K)
 Metaspace       used 18624K, capacity 19989K, committed 20224K, reserved 1067008K
  class space    used 2496K, capacity 2767K, committed 2816K, reserved 1048576K
Heap Regions: E=young(eden), S=young(survivor), O=old, HS=humongous(starts), HC=humongous(continues), CS=collection set, F=free, OA=open archive, CA=closed archive, TAMS=top-at-mark-start (previous, next)
|   0|0x0000000081a00000, 0x0000000081b00000, 0x0000000081b00000|100%| O|  |TAMS 0x0000000081a00000, 0x0000000081a00000| Untracked 
|   1|0x0000000081b00000, 0x0000000081c00000, 0x0000000081c00000|100%| O|  |TAMS 0x0000000081b00000, 0x0000000081b00000| Untracked 
|   2|0x0000000081c00000, 0x0000000081d00000, 0x0000000081d00000|100%| O|  |TAMS 0x0000000081c00000, 0x0000000081c00000| Untracked 
|   3|0x0000000081d00000, 0x0000000081e00000, 0x0000000081e00000|100%| O|  |TAMS 0x0000000081d00000, 0x0000000081d00000| Untracked 
|   4|0x0000000081e00000, 0x0000000081f00000, 0x0000000081f00000|100%| O|  |TAMS 0x0000000081e00000, 0x0000000081e00000| Untracked 
|   5|0x0000000081f00000, 0x0000000082000000, 0x0000000082000000|100%| O|  |TAMS 0x0000000081f00000, 0x0000000081f00000| Untracked 
|   6|0x0000000082000000, 0x000000008205a800, 0x0000000082100000| 35%| O|  |TAMS 0x0000000082000000, 0x0000000082000000| Untracked 
|   7|0x0000000082100000, 0x0000000082100000, 0x0000000082200000|  0%| F|  |TAMS 0x0000000082100000, 0x0000000082100000| Untracked 
|   8|0x0000000082200000, 0x0000000082200000, 0x0000000082300000|  0%| F|  |TAMS 0x0000000082200000, 0x0000000082200000| Untracked 
|   9|0x0000000082300000, 0x0000000082300000, 0x0000000082400000|  0%| F|  |TAMS 0x0000000082300000, 0x0000000082300000| Untracked 
|  10|0x0000000082400000, 0x0000000082400000, 0x0000000082500000|  0%| F|  |TAMS 0x0000000082400000, 0x0000000082400000| Untracked 
|  11|0x0000000082500000, 0x0000000082500000, 0x0000000082600000|  0%| F|  |TAMS 0x0000000082500000, 0x0000000082500000| Untracked 
|  12|0x0000000082600000, 0x0000000082600000, 0x0000000082700000|  0%| F|  |TAMS 0x0000000082600000, 0x0000000082600000| Untracked 
|  13|0x0000000082700000, 0x0000000082700000, 0x0000000082800000|  0%| F|  |TAMS 0x0000000082700000, 0x0000000082700000| Untracked 
|  14|0x0000000082800000, 0x0000000082800000, 0x0000000082900000|  0%| F|  |TAMS 0x0000000082800000, 0x0000000082800000| Untracked 
|  15|0x0000000082900000, 0x0000000082900000, 0x0000000082a00000|  0%| F|  |TAMS 0x0000000082900000, 0x0000000082900000| Untracked 
|  16|0x0000000082a00000, 0x0000000082a00000, 0x0000000082b00000|  0%| F|  |TAMS 0x0000000082a00000, 0x0000000082a00000| Untracked 
|  17|0x0000000082b00000, 0x0000000082b00000, 0x0000000082c00000|  0%| F|  |TAMS 0x0000000082b00000, 0x0000000082b00000| Untracked 
|  18|0x0000000082c00000, 0x0000000082c00000, 0x0000000082d00000|  0%| F|  |TAMS 0x0000000082c00000, 0x0000000082c00000| Untracked 
|  19|0x0000000082d00000, 0x0000000082d00000, 0x0000000082e00000|  0%| F|  |TAMS 0x0000000082d00000, 0x0000000082d00000| Untracked 
|  20|0x0000000082e00000, 0x0000000082e00000, 0x0000000082f00000|  0%| F|  |TAMS 0x0000000082e00000, 0x0000000082e00000| Untracked 
|  21|0x0000000082f00000, 0x0000000082f00000, 0x0000000083000000|  0%| F|  |TAMS 0x0000000082f00000, 0x0000000082f00000| Untracked 
|  22|0x0000000083000000, 0x0000000083000000, 0x0000000083100000|  0%| F|  |TAMS 0x0000000083000000, 0x0000000083000000| Untracked 
|  23|0x0000000083100000, 0x0000000083100000, 0x0000000083200000|  0%| F|  |TAMS 0x0000000083100000, 0x0000000083100000| Untracked 
|  24|0x0000000083200000, 0x0000000083200000, 0x0000000083300000|  0%| F|  |TAMS 0x0000000083200000, 0x0000000083200000| Untracked 
|  25|0x0000000083300000, 0x0000000083300000, 0x0000000083400000|  0%| F|  |TAMS 0x0000000083300000, 0x0000000083300000| Untracked 
|  26|0x0000000083400000, 0x0000000083400000, 0x0000000083500000|  0%| F|  |TAMS 0x0000000083400000, 0x0000000083400000| Untracked 
|  27|0x0000000083500000, 0x0000000083500000, 0x0000000083600000|  0%| F|  |TAMS 0x0000000083500000, 0x0000000083500000| Untracked 
|  28|0x0000000083600000, 0x0000000083600000, 0x0000000083700000|  0%| F|  |TAMS 0x0000000083600000, 0x0000000083600000| Untracked 
|  29|0x0000000083700000, 0x0000000083700000, 0x0000000083800000|  0%| F|  |TAMS 0x0000000083700000, 0x0000000083700000| Untracked 
|  30|0x0000000083800000, 0x0000000083800000, 0x0000000083900000|  0%| F|  |TAMS 0x0000000083800000, 0x0000000083800000| Untracked 
|  31|0x0000000083900000, 0x0000000083900000, 0x0000000083a00000|  0%| F|  |TAMS 0x0000000083900000, 0x0000000083900000| Untracked 
|  32|0x0000000083a00000, 0x0000000083a00000, 0x0000000083b00000|  0%| F|  |TAMS 0x0000000083a00000, 0x0000000083a00000| Untracked 
|  33|0x0000000083b00000, 0x0000000083b00000, 0x0000000083c00000|  0%| F|  |TAMS 0x0000000083b00000, 0x0000000083b00000| Untracked 
|  34|0x0000000083c00000, 0x0000000083c00000, 0x0000000083d00000|  0%| F|  |TAMS 0x0000000083c00000, 0x0000000083c00000| Untracked 
|  35|0x0000000083d00000, 0x0000000083d00000, 0x0000000083e00000|  0%| F|  |TAMS 0x0000000083d00000, 0x0000000083d00000| Untracked 
|  36|0x0000000083e00000, 0x0000000083e00000, 0x0000000083f00000|  0%| F|  |TAMS 0x0000000083e00000, 0x0000000083e00000| Untracked 
|  37|0x0000000083f00000, 0x0000000083f00000, 0x0000000084000000|  0%| F|  |TAMS 0x0000000083f00000, 0x0000000083f00000| Untracked 
|  38|0x0000000084000000, 0x0000000084000000, 0x0000000084100000|  0%| F|  |TAMS 0x0000000084000000, 0x0000000084000000| Untracked 
|  39|0x0000000084100000, 0x0000000084100000, 0x0000000084200000|  0%| F|  |TAMS 0x0000000084100000, 0x0000000084100000| Untracked 
|  40|0x0000000084200000, 0x0000000084200000, 0x0000000084300000|  0%| F|  |TAMS 0x0000000084200000, 0x0000000084200000| Untracked 
|  41|0x0000000084300000, 0x0000000084300000, 0x0000000084400000|  0%| F|  |TAMS 0x0000000084300000, 0x0000000084300000| Untracked 
|  42|0x0000000084400000, 0x0000000084400000, 0x0000000084500000|  0%| F|  |TAMS 0x0000000084400000, 0x0000000084400000| Untracked 
|  43|0x0000000084500000, 0x0000000084500000, 0x0000000084600000|  0%| F|  |TAMS 0x0000000084500000, 0x0000000084500000| Untracked 
|  44|0x0000000084600000, 0x0000000084600000, 0x0000000084700000|  0%| F|  |TAMS 0x0000000084600000, 0x0000000084600000| Untracked 
|  45|0x0000000084700000, 0x0000000084700000, 0x0000000084800000|  0%| F|  |TAMS 0x0000000084700000, 0x0000000084700000| Untracked 
|  46|0x0000000084800000, 0x0000000084800000, 0x0000000084900000|  0%| F|  |TAMS 0x0000000084800000, 0x0000000084800000| Untracked 
|  47|0x0000000084900000, 0x0000000084900000, 0x0000000084a00000|  0%| F|  |TAMS 0x0000000084900000, 0x0000000084900000| Untracked 
|  48|0x0000000084a00000, 0x0000000084a87970, 0x0000000084b00000| 52%| S|CS|TAMS 0x0000000084a00000, 0x0000000084a00000| Complete 
|  49|0x0000000084b00000, 0x0000000084c00000, 0x0000000084c00000|100%| S|CS|TAMS 0x0000000084b00000, 0x0000000084b00000| Complete 
|  50|0x0000000084c00000, 0x0000000084d00000, 0x0000000084d00000|100%| S|CS|TAMS 0x0000000084c00000, 0x0000000084c00000| Complete 
|  51|0x0000000084d00000, 0x0000000084e00000, 0x0000000084e00000|100%| S|CS|TAMS 0x0000000084d00000, 0x0000000084d00000| Complete 
|  52|0x0000000084e00000, 0x0000000084e00000, 0x0000000084f00000|  0%| F|  |TAMS 0x0000000084e00000, 0x0000000084e00000| Untracked 
|  53|0x0000000084f00000, 0x0000000084f00000, 0x0000000085000000|  0%| F|  |TAMS 0x0000000084f00000, 0x0000000084f00000| Untracked 
|  54|0x0000000085000000, 0x0000000085000000, 0x0000000085100000|  0%| F|  |TAMS 0x0000000085000000, 0x0000000085000000| Untracked 
|  55|0x0000000085100000, 0x0000000085100000, 0x0000000085200000|  0%| F|  |TAMS 0x0000000085100000, 0x0000000085100000| Untracked 
|  56|0x0000000085200000, 0x0000000085300000, 0x0000000085300000|100%| S|CS|TAMS 0x0000000085200000, 0x0000000085200000| Complete 
|  57|0x0000000085300000, 0x0000000085400000, 0x0000000085400000|100%| S|CS|TAMS 0x0000000085300000, 0x0000000085300000| Complete 
|  58|0x0000000085400000, 0x0000000085500000, 0x0000000085500000|100%| S|CS|TAMS 0x0000000085400000, 0x0000000085400000| Complete 
|  59|0x0000000085500000, 0x0000000085500000, 0x0000000085600000|  0%| F|  |TAMS 0x0000000085500000, 0x0000000085500000| Untracked 
|  60|0x0000000085600000, 0x0000000085600000, 0x0000000085700000|  0%| F|  |TAMS 0x0000000085600000, 0x0000000085600000| Untracked 
|  61|0x0000000085700000, 0x0000000085700000, 0x0000000085800000|  0%| F|  |TAMS 0x0000000085700000, 0x0000000085700000| Untracked 
|  62|0x0000000085800000, 0x0000000085800000, 0x0000000085900000|  0%| F|  |TAMS 0x0000000085800000, 0x0000000085800000| Untracked 
|  63|0x0000000085900000, 0x0000000085900000, 0x0000000085a00000|  0%| F|  |TAMS 0x0000000085900000, 0x0000000085900000| Untracked 
|  64|0x0000000085a00000, 0x0000000085a00000, 0x0000000085b00000|  0%| F|  |TAMS 0x0000000085a00000, 0x0000000085a00000| Untracked 
|  65|0x0000000085b00000, 0x0000000085b00000, 0x0000000085c00000|  0%| F|  |TAMS 0x0000000085b00000, 0x0000000085b00000| Untracked 
|  66|0x0000000085c00000, 0x0000000085c00000, 0x0000000085d00000|  0%| F|  |TAMS 0x0000000085c00000, 0x0000000085c00000| Untracked 
|  67|0x0000000085d00000, 0x0000000085d00000, 0x0000000085e00000|  0%| F|  |TAMS 0x0000000085d00000, 0x0000000085d00000| Untracked 
|  68|0x0000000085e00000, 0x0000000085e00000, 0x0000000085f00000|  0%| F|  |TAMS 0x0000000085e00000, 0x0000000085e00000| Untracked 
|  69|0x0000000085f00000, 0x0000000085f00000, 0x0000000086000000|  0%| F|  |TAMS 0x0000000085f00000, 0x0000000085f00000| Untracked 
|  70|0x0000000086000000, 0x0000000086000000, 0x0000000086100000|  0%| F|  |TAMS 0x0000000086000000, 0x0000000086000000| Untracked 
|  71|0x0000000086100000, 0x0000000086100000, 0x0000000086200000|  0%| F|  |TAMS 0x0000000086100000, 0x0000000086100000| Untracked 
|  72|0x0000000086200000, 0x0000000086200000, 0x0000000086300000|  0%| F|  |TAMS 0x0000000086200000, 0x0000000086200000| Untracked 
|  73|0x0000000086300000, 0x0000000086300000, 0x0000000086400000|  0%| F|  |TAMS 0x0000000086300000, 0x0000000086300000| Untracked 
|  74|0x0000000086400000, 0x0000000086400000, 0x0000000086500000|  0%| F|  |TAMS 0x0000000086400000, 0x0000000086400000| Untracked 
|  75|0x0000000086500000, 0x0000000086500000, 0x0000000086600000|  0%| F|  |TAMS 0x0000000086500000, 0x0000000086500000| Untracked 
|  76|0x0000000086600000, 0x0000000086600000, 0x0000000086700000|  0%| F|  |TAMS 0x0000000086600000, 0x0000000086600000| Untracked 
|  77|0x0000000086700000, 0x0000000086700000, 0x0000000086800000|  0%| F|  |TAMS 0x0000000086700000, 0x0000000086700000| Untracked 
|  78|0x0000000086800000, 0x0000000086800000, 0x0000000086900000|  0%| F|  |TAMS 0x0000000086800000, 0x0000000086800000| Untracked 
|  79|0x0000000086900000, 0x0000000086900000, 0x0000000086a00000|  0%| F|  |TAMS 0x0000000086900000, 0x0000000086900000| Untracked 
|  80|0x0000000086a00000, 0x0000000086a00000, 0x0000000086b00000|  0%| F|  |TAMS 0x0000000086a00000, 0x0000000086a00000| Untracked 
|  81|0x0000000086b00000, 0x0000000086b00000, 0x0000000086c00000|  0%| F|  |TAMS 0x0000000086b00000, 0x0000000086b00000| Untracked 
|  82|0x0000000086c00000, 0x0000000086c00000, 0x0000000086d00000|  0%| F|  |TAMS 0x0000000086c00000, 0x0000000086c00000| Untracked 
|  83|0x0000000086d00000, 0x0000000086d00000, 0x0000000086e00000|  0%| F|  |TAMS 0x0000000086d00000, 0x0000000086d00000| Untracked 
|  84|0x0000000086e00000, 0x0000000086e00000, 0x0000000086f00000|  0%| F|  |TAMS 0x0000000086e00000, 0x0000000086e00000| Untracked 
|  85|0x0000000086f00000, 0x0000000086f00000, 0x0000000087000000|  0%| F|  |TAMS 0x0000000086f00000, 0x0000000086f00000| Untracked 
|  86|0x0000000087000000, 0x0000000087000000, 0x0000000087100000|  0%| F|  |TAMS 0x0000000087000000, 0x0000000087000000| Untracked 
|  87|0x0000000087100000, 0x0000000087100000, 0x0000000087200000|  0%| F|  |TAMS 0x0000000087100000, 0x0000000087100000| Untracked 
|  88|0x0000000087200000, 0x0000000087200000, 0x0000000087300000|  0%| F|  |TAMS 0x0000000087200000, 0x0000000087200000| Untracked 
|  89|0x0000000087300000, 0x0000000087300000, 0x0000000087400000|  0%| F|  |TAMS 0x0000000087300000, 0x0000000087300000| Untracked 
|  90|0x0000000087400000, 0x0000000087400000, 0x0000000087500000|  0%| F|  |TAMS 0x0000000087400000, 0x0000000087400000| Untracked 
|  91|0x0000000087500000, 0x0000000087500000, 0x0000000087600000|  0%| F|  |TAMS 0x0000000087500000, 0x0000000087500000| Untracked 
|  92|0x0000000087600000, 0x0000000087600000, 0x0000000087700000|  0%| F|  |TAMS 0x0000000087600000, 0x0000000087600000| Untracked 
|  93|0x0000000087700000, 0x0000000087700000, 0x0000000087800000|  0%| F|  |TAMS 0x0000000087700000, 0x0000000087700000| Untracked 
|  94|0x0000000087800000, 0x0000000087800000, 0x0000000087900000|  0%| F|  |TAMS 0x0000000087800000, 0x0000000087800000| Untracked 
|  95|0x0000000087900000, 0x0000000087900000, 0x0000000087a00000|  0%| F|  |TAMS 0x0000000087900000, 0x0000000087900000| Untracked 
|  96|0x0000000087a00000, 0x0000000087a00000, 0x0000000087b00000|  0%| F|  |TAMS 0x0000000087a00000, 0x0000000087a00000| Untracked 
|  97|0x0000000087b00000, 0x0000000087b00000, 0x0000000087c00000|  0%| F|  |TAMS 0x0000000087b00000, 0x0000000087b00000| Untracked 
|  98|0x0000000087c00000, 0x0000000087c00000, 0x0000000087d00000|  0%| F|  |TAMS 0x0000000087c00000, 0x0000000087c00000| Untracked 
|  99|0x0000000087d00000, 0x0000000087d00000, 0x0000000087e00000|  0%| F|  |TAMS 0x0000000087d00000, 0x0000000087d00000| Untracked 
| 100|0x0000000087e00000, 0x0000000087e00000, 0x0000000087f00000|  0%| F|  |TAMS 0x0000000087e00000, 0x0000000087e00000| Untracked 
| 101|0x0000000087f00000, 0x0000000087f00000, 0x0000000088000000|  0%| F|  |TAMS 0x0000000087f00000, 0x0000000087f00000| Untracked 
| 102|0x0000000088000000, 0x0000000088000000, 0x0000000088100000|  0%| F|  |TAMS 0x0000000088000000, 0x0000000088000000| Untracked 
| 103|0x0000000088100000, 0x0000000088100000, 0x0000000088200000|  0%| F|  |TAMS 0x0000000088100000, 0x0000000088100000| Untracked 
| 104|0x0000000088200000, 0x0000000088200000, 0x0000000088300000|  0%| F|  |TAMS 0x0000000088200000, 0x0000000088200000| Untracked 
| 105|0x0000000088300000, 0x0000000088300000, 0x0000000088400000|  0%| F|  |TAMS 0x0000000088300000, 0x0000000088300000| Untracked 
| 106|0x0000000088400000, 0x0000000088400000, 0x0000000088500000|  0%| F|  |TAMS 0x0000000088400000, 0x0000000088400000| Untracked 
| 107|0x0000000088500000, 0x0000000088500000, 0x0000000088600000|  0%| F|  |TAMS 0x0000000088500000, 0x0000000088500000| Untracked 
| 108|0x0000000088600000, 0x0000000088600000, 0x0000000088700000|  0%| F|  |TAMS 0x0000000088600000, 0x0000000088600000| Untracked 
| 109|0x0000000088700000, 0x0000000088700000, 0x0000000088800000|  0%| F|  |TAMS 0x0000000088700000, 0x0000000088700000| Untracked 
| 110|0x0000000088800000, 0x0000000088800000, 0x0000000088900000|  0%| F|  |TAMS 0x0000000088800000, 0x0000000088800000| Untracked 
| 111|0x0000000088900000, 0x0000000088900000, 0x0000000088a00000|  0%| F|  |TAMS 0x0000000088900000, 0x0000000088900000| Untracked 
| 112|0x0000000088a00000, 0x0000000088a00000, 0x0000000088b00000|  0%| F|  |TAMS 0x0000000088a00000, 0x0000000088a00000| Untracked 
| 113|0x0000000088b00000, 0x0000000088b00000, 0x0000000088c00000|  0%| F|  |TAMS 0x0000000088b00000, 0x0000000088b00000| Untracked 
| 114|0x0000000088c00000, 0x0000000088c00000, 0x0000000088d00000|  0%| F|  |TAMS 0x0000000088c00000, 0x0000000088c00000| Untracked 
| 115|0x0000000088d00000, 0x0000000088d00000, 0x0000000088e00000|  0%| F|  |TAMS 0x0000000088d00000, 0x0000000088d00000| Untracked 
| 116|0x0000000088e00000, 0x0000000088e00000, 0x0000000088f00000|  0%| F|  |TAMS 0x0000000088e00000, 0x0000000088e00000| Untracked 
| 117|0x0000000088f00000, 0x0000000088f00000, 0x0000000089000000|  0%| F|  |TAMS 0x0000000088f00000, 0x0000000088f00000| Untracked 
| 118|0x0000000089000000, 0x0000000089000000, 0x0000000089100000|  0%| F|  |TAMS 0x0000000089000000, 0x0000000089000000| Untracked 
| 119|0x0000000089100000, 0x0000000089100000, 0x0000000089200000|  0%| F|  |TAMS 0x0000000089100000, 0x0000000089100000| Untracked 
| 120|0x0000000089200000, 0x0000000089200000, 0x0000000089300000|  0%| F|  |TAMS 0x0000000089200000, 0x0000000089200000| Untracked 
| 121|0x0000000089300000, 0x0000000089300000, 0x0000000089400000|  0%| F|  |TAMS 0x0000000089300000, 0x0000000089300000| Untracked 
| 122|0x0000000089400000, 0x0000000089400000, 0x0000000089500000|  0%| F|  |TAMS 0x0000000089400000, 0x0000000089400000| Untracked 
| 123|0x0000000089500000, 0x0000000089500000, 0x0000000089600000|  0%| F|  |TAMS 0x0000000089500000, 0x0000000089500000| Untracked 
| 124|0x0000000089600000, 0x0000000089600000, 0x0000000089700000|  0%| F|  |TAMS 0x0000000089600000, 0x0000000089600000| Untracked 
| 125|0x0000000089700000, 0x0000000089700000, 0x0000000089800000|  0%| F|  |TAMS 0x0000000089700000, 0x0000000089700000| Untracked 
| 126|0x0000000089800000, 0x0000000089800000, 0x0000000089900000|  0%| F|  |TAMS 0x0000000089800000, 0x0000000089800000| Untracked 
| 127|0x0000000089900000, 0x0000000089900000, 0x0000000089a00000|  0%| F|  |TAMS 0x0000000089900000, 0x0000000089900000| Untracked 

Card table byte_map: [0x0000002428cc0000,0x00000024290c0000] _byte_map_base: 0x00000024288b3000

Marking Bits (Prev, Next): (CMBitMap*) 0x0000002411198b38, (CMBitMap*) 0x0000002411198b78
 Prev Bits: [0x00000024294c0000, 0x000000242b458000)
 Next Bits: [0x000000242b460000, 0x000000242d3f8000)

Polling page: 0x000000240eef0000

Metaspace:

Usage:
  Non-class:     16.82 MB capacity,    15.75 MB ( 94%) used,  1017.35 KB (  6%) free+waste,    75.88 KB ( <1%) overhead. 
      Class:      2.70 MB capacity,     2.44 MB ( 90%) used,   231.11 KB (  8%) free+waste,    39.81 KB (  1%) overhead. 
       Both:     19.52 MB capacity,    18.19 MB ( 93%) used,     1.22 MB (  6%) free+waste,   115.69 KB ( <1%) overhead. 

Virtual space:
  Non-class space:       18.00 MB reserved,      17.00 MB ( 94%) committed 
      Class space:        1.00 GB reserved,       2.75 MB ( <1%) committed 
             Both:        1.02 GB reserved,      19.75 MB (  2%) committed 

Chunk freelists:
   Non-Class:  58.00 KB
       Class:  17.00 KB
        Both:  75.00 KB

MaxMetaspaceSize: 17179869184.00 GB
CompressedClassSpaceSize: 1.00 GB

CodeHeap 'non-profiled nmethods': size=238912Kb used=4756Kb max_used=4756Kb free=234155Kb
 bounds [0x0000002419f70000, 0x000000241a420000, 0x00000024288c0000]
CodeHeap 'non-nmethods': size=6848Kb used=1199Kb max_used=1199Kb free=5648Kb
 bounds [0x00000024198c0000, 0x0000002419b30000, 0x0000002419f70000]
 total_blobs=3752 nmethods=3016 adapters=392
 compilation: enabled
              stopped_count=0, restarted_count=0
 full_count=0

Compilation events (20 events):
Event: 8.820 Thread 0x000000242fc3a800 3006       1       org.springframework.boot.autoconfigure.condition.OnBeanCondition$Spec::merge (7 bytes)
Event: 8.821 Thread 0x000000242fc3a800 nmethod 3006 0x000000241a412d10 code [0x000000241a412ea0, 0x000000241a412fa8]
Event: 8.824 Thread 0x000000242fc3a800 3008       1       jdk.internal.reflect.MethodAccessorImpl::<init> (5 bytes)
Event: 8.824 Thread 0x000000242fc3a800 nmethod 3008 0x000000241a413510 code [0x000000241a4136a0, 0x000000241a413778]
Event: 8.842 Thread 0x000000242fc3a800 3009       1       org.springframework.beans.factory.support.AbstractBeanDefinition::setBeanClassName (6 bytes)
Event: 8.843 Thread 0x000000242fc3a800 nmethod 3009 0x000000241a413810 code [0x000000241a4139a0, 0x000000241a413ad8]
Event: 8.861 Thread 0x000000242fc3a800 3010   !   1       com.sun.proxy.$Proxy35::annotationType (29 bytes)
Event: 8.862 Thread 0x000000242fc3a800 nmethod 3010 0x000000241a413b90 code [0x000000241a413d40, 0x000000241a413f38]
Event: 8.862 Thread 0x000000242fc3a800 3011       1       org.springframework.beans.factory.support.AbstractBeanDefinition::hasMethodOverrides (16 bytes)
Event: 8.862 Thread 0x000000242fc3a800 nmethod 3011 0x000000241a414090 code [0x000000241a414220, 0x000000241a414348]
Event: 8.862 Thread 0x000000242fc3a800 3012       1       org.springframework.beans.factory.support.MethodOverrides::isEmpty (10 bytes)
Event: 8.863 Thread 0x000000242fc3a800 nmethod 3012 0x000000241a414410 code [0x000000241a4145a0, 0x000000241a4146a8]
Event: 8.863 Thread 0x000000242fc3a800 3013       1       java.util.concurrent.CopyOnWriteArraySet::isEmpty (8 bytes)
Event: 8.863 Thread 0x000000242fc3a800 nmethod 3013 0x000000241a414710 code [0x000000241a4148a0, 0x000000241a414998]
Event: 8.863 Thread 0x000000242fc3a800 3014       1       java.util.concurrent.CopyOnWriteArrayList::isEmpty (13 bytes)
Event: 8.863 Thread 0x000000242fc3a800 nmethod 3014 0x000000241a414a90 code [0x000000241a414c20, 0x000000241a414d18]
Event: 8.869 Thread 0x000000242fc3a800 3015       1       org.springframework.core.type.classreading.SimpleMethodMetadata::getMethodName (5 bytes)
Event: 8.870 Thread 0x000000242fc3a800 nmethod 3015 0x000000241a414d90 code [0x000000241a414f20, 0x000000241a414ff8]
Event: 8.878 Thread 0x000000242fc3a800 3016       1       org.springframework.beans.factory.support.AbstractBeanFactory::getBeanClassLoader (5 bytes)
Event: 8.878 Thread 0x000000242fc3a800 nmethod 3016 0x000000241a415090 code [0x000000241a415220, 0x000000241a4152f8]

GC Heap History (11 events):
Event: 0.897 GC heap before
{Heap before GC invocations=0 (full 0):
 garbage-first heap   total 131072K, used 13312K [0x0000000081a00000, 0x0000000100000000)
  region size 1024K, 13 young (13312K), 0 survivors (0K)
 Metaspace       used 511K, capacity 4780K, committed 5120K, reserved 1056768K
  class space    used 27K, capacity 424K, committed 512K, reserved 1048576K
}
Event: 0.914 GC heap after
{Heap after GC invocations=1 (full 0):
 garbage-first heap   total 131072K, used 5227K [0x0000000081a00000, 0x0000000100000000)
  region size 1024K, 2 young (2048K), 2 survivors (2048K)
 Metaspace       used 511K, capacity 4780K, committed 5120K, reserved 1056768K
  class space    used 27K, capacity 424K, committed 512K, reserved 1048576K
}
Event: 1.589 GC heap before
{Heap before GC invocations=1 (full 0):
 garbage-first heap   total 131072K, used 17515K [0x0000000081a00000, 0x0000000100000000)
  region size 1024K, 14 young (14336K), 2 survivors (2048K)
 Metaspace       used 2629K, capacity 5886K, committed 6016K, reserved 1056768K
  class space    used 302K, capacity 562K, committed 640K, reserved 1048576K
}
Event: 1.596 GC heap after
{Heap after GC invocations=2 (full 0):
 garbage-first heap   total 131072K, used 6616K [0x0000000081a00000, 0x0000000100000000)
  region size 1024K, 2 young (2048K), 2 survivors (2048K)
 Metaspace       used 2629K, capacity 5886K, committed 6016K, reserved 1056768K
  class space    used 302K, capacity 562K, committed 640K, reserved 1048576K
}
Event: 2.001 GC heap before
{Heap before GC invocations=2 (full 0):
 garbage-first heap   total 131072K, used 29144K [0x0000000081a00000, 0x0000000100000000)
  region size 1024K, 24 young (24576K), 2 survivors (2048K)
 Metaspace       used 3824K, capacity 6663K, committed 6912K, reserved 1056768K
  class space    used 468K, capacity 676K, committed 768K, reserved 1048576K
}
Event: 2.007 GC heap after
{Heap after GC invocations=3 (full 0):
 garbage-first heap   total 131072K, used 6993K [0x0000000081a00000, 0x0000000100000000)
  region size 1024K, 2 young (2048K), 2 survivors (2048K)
 Metaspace       used 3824K, capacity 6663K, committed 6912K, reserved 1056768K
  class space    used 468K, capacity 676K, committed 768K, reserved 1048576K
}
Event: 5.326 GC heap before
{Heap before GC invocations=3 (full 0):
 garbage-first heap   total 131072K, used 82769K [0x0000000081a00000, 0x0000000100000000)
  region size 1024K, 76 young (77824K), 2 survivors (2048K)
 Metaspace       used 12158K, capacity 13510K, committed 13568K, reserved 1060864K
  class space    used 1579K, capacity 1771K, committed 1792K, reserved 1048576K
}
Event: 5.337 GC heap after
{Heap after GC invocations=4 (full 0):
 garbage-first heap   total 131072K, used 9100K [0x0000000081a00000, 0x0000000100000000)
  region size 1024K, 4 young (4096K), 4 survivors (4096K)
 Metaspace       used 12158K, capacity 13510K, committed 13568K, reserved 1060864K
  class space    used 1579K, capacity 1771K, committed 1792K, reserved 1048576K
}
Event: 7.198 GC heap before
{Heap before GC invocations=4 (full 0):
 garbage-first heap   total 131072K, used 81804K [0x0000000081a00000, 0x0000000100000000)
  region size 1024K, 76 young (77824K), 4 survivors (4096K)
 Metaspace       used 16770K, capacity 18039K, committed 18176K, reserved 1064960K
  class space    used 2220K, capacity 2450K, committed 2560K, reserved 1048576K
}
Event: 7.211 GC heap after
{Heap after GC invocations=5 (full 0):
 garbage-first heap   total 131072K, used 11666K [0x0000000081a00000, 0x0000000100000000)
  region size 1024K, 7 young (7168K), 7 survivors (7168K)
 Metaspace       used 16770K, capacity 18039K, committed 18176K, reserved 1064960K
  class space    used 2220K, capacity 2450K, committed 2560K, reserved 1048576K
}
Event: 8.879 GC heap before
{Heap before GC invocations=5 (full 0):
 garbage-first heap   total 131072K, used 82322K [0x0000000081a00000, 0x0000000100000000)
  region size 1024K, 76 young (77824K), 7 survivors (7168K)
 Metaspace       used 18624K, capacity 19989K, committed 20224K, reserved 1067008K
  class space    used 2496K, capacity 2767K, committed 2816K, reserved 1048576K
}

Deoptimization events (4 events):
Event: 3.916 Thread 0x0000002431ba1000 DEOPT PACKING pc=0x0000002419fe69ac sp=0x000000243253d540
Event: 3.917 Thread 0x0000002431ba1000 DEOPT UNPACKING pc=0x0000002419909940 sp=0x000000243253ca08 mode 0
Event: 4.074 Thread 0x0000002431ba1000 DEOPT PACKING pc=0x000000241a03a9e4 sp=0x000000243253b6d0
Event: 4.074 Thread 0x0000002431ba1000 DEOPT UNPACKING pc=0x0000002419909940 sp=0x000000243253abf8 mode 0

Classes unloaded (0 events):
No events

Classes redefined (0 events):
No events

Internal exceptions (20 events):
Event: 5.391 Thread 0x0000002431ba1000 Exception <a 'java/lang/NoSuchMethodError'{0x00000000898ce978}: 'void java.lang.invoke.DirectMethodHandle$Holder.invokeStaticInit(java.lang.Object, java.lang.Object, java.lang.Object)'> (0x00000000898ce978) 
thrown [t:/workspace/open/src/hotspot/share/interpreter/linkResolver.cpp, line 766]
Event: 5.527 Thread 0x0000002431c58800 Exception <a 'java/lang/NoClassDefFoundError'{0x00000000895c1f98}: javax/validation/Validation> (0x00000000895c1f98) 
thrown [t:/workspace/open/src/hotspot/share/classfile/systemDictionary.cpp, line 215]
Event: 6.026 Thread 0x0000002431ba1000 Exception <a 'java/lang/ClassNotFoundException'{0x000000008839ea18}: java/lang/ObjectCustomizer> (0x000000008839ea18) 
thrown [t:/workspace/open/src/hotspot/share/classfile/systemDictionary.cpp, line 226]
Event: 6.030 Thread 0x0000002431ba1000 Exception <a 'java/lang/IncompatibleClassChangeError'{0x00000000883a37b8}: Found class java.lang.Object, but interface was expected> (0x00000000883a37b8) 
thrown [t:/workspace/open/src/hotspot/share/interpreter/linkResolver.cpp, line 832]
Event: 6.044 Thread 0x0000002431ba1000 Exception <a 'java/lang/ClassNotFoundException'{0x00000000883df080}: org/springframework/context/annotation/ConfigurationClassPostProcessorCustomizer> (0x00000000883df080) 
thrown [t:/workspace/open/src/hotspot/share/classfile/systemDictionary.cpp, line 226]
Event: 6.052 Thread 0x0000002431ba1000 Exception <a 'java/lang/ClassNotFoundException'{0x000000008822ff30}: org/springframework/beans/factory/support/BeanDefinitionRegistryPostProcessorCustomizer> (0x000000008822ff30) 
thrown [t:/workspace/open/src/hotspot/share/classfile/systemDictionary.cpp, line 226]
Event: 6.055 Thread 0x0000002431ba1000 Exception <a 'java/lang/ClassNotFoundException'{0x0000000088250a08}: org/springframework/beans/factory/config/BeanFactoryPostProcessorCustomizer> (0x0000000088250a08) 
thrown [t:/workspace/open/src/hotspot/share/classfile/systemDictionary.cpp, line 226]
Event: 6.056 Thread 0x0000002431ba1000 Exception <a 'java/lang/ClassNotFoundException'{0x000000008826bbc8}: org/springframework/core/PriorityOrderedCustomizer> (0x000000008826bbc8) 
thrown [t:/workspace/open/src/hotspot/share/classfile/systemDictionary.cpp, line 226]
Event: 6.058 Thread 0x0000002431ba1000 Exception <a 'java/lang/ClassNotFoundException'{0x0000000088284180}: org/springframework/core/OrderedCustomizer> (0x0000000088284180) 
thrown [t:/workspace/open/src/hotspot/share/classfile/systemDictionary.cpp, line 226]
Event: 6.060 Thread 0x0000002431ba1000 Exception <a 'java/lang/ClassNotFoundException'{0x00000000882a0480}: org/springframework/context/ResourceLoaderAwareCustomizer> (0x00000000882a0480) 
thrown [t:/workspace/open/src/hotspot/share/classfile/systemDictionary.cpp, line 226]
Event: 6.062 Thread 0x0000002431ba1000 Exception <a 'java/lang/ClassNotFoundException'{0x00000000882bae00}: org/springframework/beans/factory/AwareCustomizer> (0x00000000882bae00) 
thrown [t:/workspace/open/src/hotspot/share/classfile/systemDictionary.cpp, line 226]
Event: 6.064 Thread 0x0000002431ba1000 Exception <a 'java/lang/ClassNotFoundException'{0x00000000882d73d8}: org/springframework/context/ApplicationStartupAwareCustomizer> (0x00000000882d73d8) 
thrown [t:/workspace/open/src/hotspot/share/classfile/systemDictionary.cpp, line 226]
Event: 6.066 Thread 0x0000002431ba1000 Exception <a 'java/lang/ClassNotFoundException'{0x00000000882f1fd0}: org/springframework/beans/factory/AwareCustomizer> (0x00000000882f1fd0) 
thrown [t:/workspace/open/src/hotspot/share/classfile/systemDictionary.cpp, line 226]
Event: 6.067 Thread 0x0000002431ba1000 Exception <a 'java/lang/ClassNotFoundException'{0x000000008810f400}: org/springframework/beans/factory/BeanClassLoaderAwareCustomizer> (0x000000008810f400) 
thrown [t:/workspace/open/src/hotspot/share/classfile/systemDictionary.cpp, line 226]
Event: 6.069 Thread 0x0000002431ba1000 Exception <a 'java/lang/ClassNotFoundException'{0x0000000088129d98}: org/springframework/beans/factory/AwareCustomizer> (0x0000000088129d98) 
thrown [t:/workspace/open/src/hotspot/share/classfile/systemDictionary.cpp, line 226]
Event: 6.070 Thread 0x0000002431ba1000 Exception <a 'java/lang/ClassNotFoundException'{0x0000000088144e80}: org/springframework/context/EnvironmentAwareCustomizer> (0x0000000088144e80) 
thrown [t:/workspace/open/src/hotspot/share/classfile/systemDictionary.cpp, line 226]
Event: 6.072 Thread 0x0000002431ba1000 Exception <a 'java/lang/ClassNotFoundException'{0x000000008815f790}: org/springframework/beans/factory/AwareCustomizer> (0x000000008815f790) 
thrown [t:/workspace/open/src/hotspot/share/classfile/systemDictionary.cpp, line 226]
Event: 6.284 Thread 0x0000002431ba1000 Exception <a 'java/lang/NoSuchMethodError'{0x0000000087a04e10}: 'void java.lang.invoke.DirectMethodHandle$Holder.invokeInterface(java.lang.Object, java.lang.Object, java.lang.Object, java.lang.Object)'> (0x0000000087a04e10) 
thrown [t:/workspace/open/src/hotspot/share/interpreter/linkResolver.cpp, line 766]
Event: 6.540 Thread 0x0000002431b00000 Exception <a 'java/lang/NoClassDefFoundError'{0x0000000086e0d9c0}: org/glassfish/jersey/server/monitoring/ApplicationEventListener> (0x0000000086e0d9c0) 
thrown [t:/workspace/open/src/hotspot/share/classfile/systemDictionary.cpp, line 215]
Event: 6.733 Thread 0x0000002431ba1000 Exception <a 'java/lang/IncompatibleClassChangeError'{0x0000000086488ad8}: Found class java.lang.Object, but interface was expected> (0x0000000086488ad8) 
thrown [t:/workspace/open/src/hotspot/share/interpreter/linkResolver.cpp, line 832]

Events (20 events):
Event: 7.563 Executing VM operation: HandshakeOneThread done
Event: 7.563 Executing VM operation: HandshakeOneThread
Event: 7.563 Executing VM operation: HandshakeOneThread done
Event: 7.676 Executing VM operation: HandshakeAllThreads
Event: 7.676 Executing VM operation: HandshakeAllThreads done
Event: 7.958 Executing VM operation: HandshakeAllThreads
Event: 7.958 Executing VM operation: HandshakeAllThreads done
Event: 8.561 Executing VM operation: ICBufferFull
Event: 8.562 Executing VM operation: ICBufferFull done
Event: 8.564 Executing VM operation: HandshakeAllThreads
Event: 8.564 Executing VM operation: HandshakeAllThreads done
Event: 8.566 Executing VM operation: HandshakeAllThreads
Event: 8.566 Executing VM operation: HandshakeAllThreads done
Event: 8.750 loading class java/lang/TypeNotPresentException
Event: 8.750 loading class java/lang/TypeNotPresentException done
Event: 8.817 Executing VM operation: HandshakeOneThread
Event: 8.817 Executing VM operation: HandshakeOneThread done
Event: 8.817 Executing VM operation: HandshakeOneThread
Event: 8.817 Executing VM operation: HandshakeOneThread done
Event: 8.878 Executing VM operation: G1CollectForAllocation


Dynamic libraries:
0x00007ff761a80000 - 0x00007ff761a8f000 	C:\Program Files\Java\jdk-14\bin\java.exe
0x00007ff943290000 - 0x00007ff94343d000 	C:\Windows\SYSTEM32\ntdll.dll
0x00007ff941430000 - 0x00007ff94156e000 	C:\Windows\system32\KERNEL32.DLL
0x00007ff9405c0000 - 0x00007ff9406d5000 	C:\Windows\system32\KERNELBASE.dll
0x00007ff937fa0000 - 0x00007ff937fb8000 	C:\Program Files\Java\jdk-14\bin\jli.dll
0x00007ff93e490000 - 0x00007ff93e4a5000 	C:\Program Files\Java\jdk-14\bin\VCRUNTIME140.dll
0x00007ff93e480000 - 0x00007ff93e484000 	C:\Program Files\Java\jdk-14\bin\api-ms-win-crt-stdio-l1-1-0.dll
0x00007ff93ca40000 - 0x00007ff93ca44000 	C:\Program Files\Java\jdk-14\bin\api-ms-win-crt-runtime-l1-1-0.dll
0x00007ff93c580000 - 0x00007ff93c583000 	C:\Program Files\Java\jdk-14\bin\api-ms-win-crt-environment-l1-1-0.dll
0x00007ff93c560000 - 0x00007ff93c565000 	C:\Program Files\Java\jdk-14\bin\api-ms-win-crt-math-l1-1-0.dll
0x00007ff93b050000 - 0x00007ff93b053000 	C:\Program Files\Java\jdk-14\bin\api-ms-win-crt-locale-l1-1-0.dll
0x00007ff93c530000 - 0x00007ff93c533000 	C:\Program Files\Java\jdk-14\bin\api-ms-win-crt-heap-l1-1-0.dll
0x00007ff943180000 - 0x00007ff94322a000 	C:\Windows\system32\ADVAPI32.dll
0x00007ff93d2f0000 - 0x00007ff93d56b000 	C:\Windows\WinSxS\amd64_microsoft.windows.common-controls_6595b64144ccf1df_6.0.9600.18006_none_623f33d3ecbe86e8\COMCTL32.dll
0x00007ff9412b0000 - 0x00007ff941427000 	C:\Windows\system32\USER32.dll
0x00007ff93add0000 - 0x00007ff93adda000 	C:\Windows\SYSTEM32\VERSION.dll
0x00007ff93c550000 - 0x00007ff93c553000 	C:\Program Files\Java\jdk-14\bin\api-ms-win-crt-filesystem-l1-1-0.dll
0x00007ff93cb00000 - 0x00007ff93cb04000 	C:\Program Files\Java\jdk-14\bin\api-ms-win-crt-string-l1-1-0.dll
0x00007ff93c590000 - 0x00007ff93c594000 	C:\Program Files\Java\jdk-14\bin\api-ms-win-crt-convert-l1-1-0.dll
0x00007ff940a00000 - 0x00007ff940aaa000 	C:\Windows\system32\msvcrt.dll
0x00007ff943110000 - 0x00007ff943169000 	C:\Windows\SYSTEM32\sechost.dll
0x00007ff941770000 - 0x00007ff9418b0000 	C:\Windows\system32\RPCRT4.dll
0x00007ff9418b0000 - 0x00007ff9419ff000 	C:\Windows\system32\GDI32.dll
0x00007ff937b50000 - 0x00007ff937c4c000 	C:\Program Files\Java\jdk-14\bin\ucrtbase.DLL
0x00007ff940540000 - 0x00007ff94056e000 	C:\Windows\system32\SspiCli.dll
0x00007ff943250000 - 0x00007ff943286000 	C:\Windows\system32\IMM32.DLL
0x00007ff941150000 - 0x00007ff9412a2000 	C:\Windows\system32\MSCTF.dll
0x00007ff93ae90000 - 0x00007ff93af2b000 	C:\Program Files\Java\jdk-14\bin\msvcp140.dll
0x00007ff93c540000 - 0x00007ff93c543000 	C:\Program Files\Java\jdk-14\bin\api-ms-win-crt-time-l1-1-0.dll
0x00007ff93c570000 - 0x00007ff93c573000 	C:\Program Files\Java\jdk-14\bin\api-ms-win-crt-utility-l1-1-0.dll
0x00007ff904880000 - 0x00007ff90539f000 	C:\Program Files\Java\jdk-14\bin\server\jvm.dll
0x00007ff928bd0000 - 0x00007ff928bd9000 	C:\Windows\SYSTEM32\WSOCK32.dll
0x00007ff93b660000 - 0x00007ff93b682000 	C:\Windows\SYSTEM32\WINMM.dll
0x00007ff940b70000 - 0x00007ff940b77000 	C:\Windows\system32\PSAPI.DLL
0x00007ff940920000 - 0x00007ff94097a000 	C:\Windows\system32\WS2_32.dll
0x00007ff93b630000 - 0x00007ff93b65a000 	C:\Windows\SYSTEM32\WINMMBASE.dll
0x00007ff9409f0000 - 0x00007ff9409f9000 	C:\Windows\system32\NSI.dll
0x00007ff940570000 - 0x00007ff9405bf000 	C:\Windows\SYSTEM32\cfgmgr32.dll
0x00007ff93f2d0000 - 0x00007ff93f2f8000 	C:\Windows\SYSTEM32\DEVOBJ.dll
0x00007ff93c4b0000 - 0x00007ff93c4ba000 	C:\Program Files\Java\jdk-14\bin\jimage.dll
0x00007ff935f60000 - 0x00007ff9360e9000 	C:\Windows\SYSTEM32\DBGHELP.DLL
0x00007ff93c4c0000 - 0x00007ff93c4e5000 	C:\Program Files\Java\jdk-14\bin\java.dll
0x00007ff93b7c0000 - 0x00007ff93b7d7000 	C:\Program Files\Java\jdk-14\bin\zip.dll
0x00007ff941be0000 - 0x00007ff943109000 	C:\Windows\system32\SHELL32.dll
0x00007ff940f30000 - 0x00007ff941141000 	C:\Windows\SYSTEM32\combase.dll
0x00007ff941700000 - 0x00007ff941754000 	C:\Windows\system32\SHLWAPI.dll
0x00007ff93e960000 - 0x00007ff93ea12000 	C:\Windows\SYSTEM32\SHCORE.dll
0x00007ff9403c0000 - 0x00007ff9403d5000 	C:\Windows\SYSTEM32\profapi.dll
0x00007ff93b090000 - 0x00007ff93b0a9000 	C:\Program Files\Java\jdk-14\bin\net.dll
0x00007ff9384a0000 - 0x00007ff938567000 	C:\Windows\SYSTEM32\WINHTTP.dll
0x00007ff93fc60000 - 0x00007ff93fcb9000 	C:\Windows\system32\mswsock.dll
0x00007ff93b070000 - 0x00007ff93b082000 	C:\Program Files\Java\jdk-14\bin\nio.dll
0x00007ff93ab80000 - 0x00007ff93ab89000 	C:\Program Files\Java\jdk-14\bin\management.dll
0x00007ff93ab70000 - 0x00007ff93ab7b000 	C:\Program Files\Java\jdk-14\bin\management_ext.dll
0x00007ff93aa40000 - 0x00007ff93aa6a000 	C:\Windows\SYSTEM32\IPHLPAPI.DLL
0x00007ff93aaf0000 - 0x00007ff93aafa000 	C:\Windows\SYSTEM32\WINNSI.DLL
0x00007ff93aa10000 - 0x00007ff93aa26000 	C:\Windows\SYSTEM32\dhcpcsvc6.DLL
0x00007ff93a5f0000 - 0x00007ff93a60a000 	C:\Windows\SYSTEM32\dhcpcsvc.DLL
0x00007ff93fa60000 - 0x00007ff93fb04000 	C:\Windows\SYSTEM32\DNSAPI.dll
0x00007ff924390000 - 0x00007ff92439a000 	C:\Windows\System32\rasadhlp.dll
0x00007ff93aa80000 - 0x00007ff93aaeb000 	C:\Windows\System32\fwpuclnt.dll
0x00007ff93b030000 - 0x00007ff93b045000 	C:\Windows\system32\napinsp.dll
0x00007ff9197b0000 - 0x00007ff9197ca000 	C:\Windows\system32\pnrpnsp.dll
0x00007ff93cae0000 - 0x00007ff93cafb000 	C:\Windows\system32\NLAapi.dll
0x00007ff93b020000 - 0x00007ff93b02d000 	C:\Windows\System32\winrnr.dll
0x00007ff9357d0000 - 0x00007ff9357e4000 	C:\Windows\system32\wshbth.dll

dbghelp: loaded successfully - version: 4.0.5 - missing functions: none
symbol engine: initialized successfully - sym options: 0x614 - pdb path: .;C:\Program Files\Java\jdk-14\bin;C:\Windows\SYSTEM32;C:\Windows\WinSxS\amd64_microsoft.windows.common-controls_6595b64144ccf1df_6.0.9600.18006_none_623f33d3ecbe86e8;C:\Program Files\Java\jdk-14\bin\server

VM Arguments:
jvm_args: -XX:TieredStopAtLevel=1 -Xverify:none -XX:TieredStopAtLevel=1 
java_command: com.microservices.currency.conversion.service.CurrencyConversionServiceApplication
java_class_path (initial): D:\Java\n32m\Springboot-microservices\currency-converter-service\target\classes;C:\Users\PC\.m2\repository\ch\qos\logback\logback-classic\1.2.11\logback-classic-1.2.11.jar;C:\Users\PC\.m2\repository\ch\qos\logback\logback-core\1.2.11\logback-core-1.2.11.jar;C:\Users\PC\.m2\repository\org\apache\logging\log4j\log4j-to-slf4j\2.17.2\log4j-to-slf4j-2.17.2.jar;C:\Users\PC\.m2\repository\org\apache\logging\log4j\log4j-api\2.17.2\log4j-api-2.17.2.jar;C:\Users\PC\.m2\repository\org\slf4j\jul-to-slf4j\1.7.36\jul-to-slf4j-1.7.36.jar;C:\Users\PC\.m2\repository\jakarta\annotation\jakarta.annotation-api\1.3.5\jakarta.annotation-api-1.3.5.jar;C:\Users\PC\.m2\repository\org\yaml\snakeyaml\1.29\snakeyaml-1.29.jar;C:\Users\PC\.m2\repository\org\springframework\boot\spring-boot-actuator-autoconfigure\2.6.5\spring-boot-actuator-autoconfigure-2.6.5.jar;C:\Users\PC\.m2\repository\org\springframework\boot\spring-boot-actuator\2.6.5\spring-boot-actuator-2.6.5.jar;C:\Users\PC\.m2\repository\com\fasterxml\jackson\datatype\jackson-datatype-jsr310\2.13.2\jackson-datatype-jsr310-2.13.2.jar;C:\Users\PC\.m2\repository\io\micrometer\micrometer-core\1.8.4\micrometer-core-1.8.4.jar;C:\Users\PC\.m2\repository\org\hdrhistogram\HdrHistogram\2.1.12\HdrHistogram-2.1.12.jar;C:\Users\PC\.m2\repository\org\latencyutils\LatencyUtils\2.0.3\LatencyUtils-2.0.3.jar;C:\Users\PC\.m2\repository\com\fasterxml\jackson\datatype\jackson-datatype-jdk8\2.13.2\jackson-datatype-jdk8-2.13.2.jar;C:\Users\PC\.m2\repository\com\fasterxml\jackson\module\jackson-module-parameter-names\2.13.2\jackson-module-parameter-names-2.13.2.jar;C:\Users\PC\.m2\repository\org\apache\tomcat\embed\tomcat-embed-core\9.0.60\tomcat-embed-core-9.0.60.jar;C:\Users\PC\.m2\repository\org\apache\tomcat\embed\tomcat-embed-el\9.0.60\tomcat-embed-el-9.0.60.jar;C:\Users\PC\.m2\repository\org\apache\tomcat\embed\tomcat-embed-websocket\9.0.60\tomcat-embed-websocket-9.0.60.jar;C:\Users\PC\.m2\repository\org\springframework\sprin
Launcher Type: SUN_STANDARD

[Global flags]
     intx CICompilerCount                          = 3                                         {product} {ergonomic}
     uint ConcGCThreads                            = 1                                         {product} {ergonomic}
     uint G1ConcRefinementThreads                  = 4                                         {product} {ergonomic}
   size_t G1HeapRegionSize                         = 1048576                                   {product} {ergonomic}
    uintx GCDrainStackTargetSize                   = 64                                        {product} {ergonomic}
   size_t InitialHeapSize                          = 134217728                                 {product} {ergonomic}
   size_t MarkStackSize                            = 4194304                                   {product} {ergonomic}
   size_t MaxHeapSize                              = 2120220672                                {product} {ergonomic}
   size_t MaxNewSize                               = 1271922688                                {product} {ergonomic}
   size_t MinHeapDeltaBytes                        = 1048576                                   {product} {ergonomic}
   size_t MinHeapSize                              = 8388608                                   {product} {ergonomic}
    uintx NonNMethodCodeHeapSize                   = 6973028                                {pd product} {ergonomic}
    uintx NonProfiledCodeHeapSize                  = 244685212                              {pd product} {ergonomic}
    uintx ProfiledCodeHeapSize                     = 0                                      {pd product} {ergonomic}
    uintx ReservedCodeCacheSize                    = 251658240                              {pd product} {ergonomic}
     bool SegmentedCodeCache                       = true                                      {product} {ergonomic}
   size_t SoftMaxHeapSize                          = 2120220672                             {manageable} {ergonomic}
     intx TieredStopAtLevel                        = 1                                         {product} {command line}
     bool UseCompressedClassPointers               = true                                 {lp64_product} {ergonomic}
     bool UseCompressedOops                        = true                                 {lp64_product} {ergonomic}
     bool UseG1GC                                  = true                                      {product} {ergonomic}
     bool UseLargePagesIndividualAllocation        = false                                  {pd product} {ergonomic}

Logging:
Log output configuration:
 #0: stdout all=warning uptime,level,tags
 #1: stderr all=off uptime,level,tags

Environment Variables:
JAVA_HOME=C:\Program Files\Java\jdk-14
PATH=C:\Program Files\Java\jdk-14\bin;C:\Users\PC\introcs\java\bin;C:\Program Files (x86)\Intel\TXE Components\TCS\;C:\Program Files\Intel\TXE Components\TCS\;C:\ProgramData\Oracle\Java\javapath;C:\Windows\system32;C:\Windows;C:\Windows\System32\Wbem;C:\Windows\System32\WindowsPowerShell\v1.0\;C:\Program Files (x86)\QuickTime\QTSystem\;C:\Program Files (x86)\Skype\Phone\;C:\Program Files (x86)\Windows Kits\8.1\Windows Performance Toolkit\;C:\Program Files\Microsoft SQL Server\110\Tools\Binn\;c:\Program Files (x86)\Microsoft SQL Server\110\Tools\Binn\;c:\Program Files\Microsoft SQL Server\110\DTS\Binn\;C:\Program Files\Java\jdk-13.0.2\bin;C:\Program Files\Git\cmd;C:\Users\PC\AppData\Local\Programs\Python\Python38-32\Scripts\;C:\Users\PC\AppData\Local\Programs\Python\Python38-32\;C:\Program Files\Java\jdk-14\bin;C:\Users\PC\introcs\j3d\bin;C:\Users\PC\introcs\bin;C:\Users\PC\introcs\java\bin;C:\Python27;C:\Program Files\Docker Toolbox
USERNAME=PC
OS=Windows_NT
PROCESSOR_IDENTIFIER=Intel64 Family 6 Model 55 Stepping 8, GenuineIntel



---------------  S Y S T E M  ---------------

OS: Windows 8.1 , 64 bit Build 9600 (6.3.9600.17415)
OS uptime: 0 days 20:25 hours

CPU:total 4 (initial active 4) (4 cores per cpu, 1 threads per core) family 6 model 55 stepping 8, cmov, cx8, fxsr, mmx, sse, sse2, sse3, ssse3, sse4.1, sse4.2, popcnt, clmul, erms, 3dnowpref, tsc, tscinvbit

Memory: 4k page, system-wide physical 8083M (775M free)
TotalPageFile size 8083M (AvailPageFile size 6M)
current process WorkingSet (physical memory assigned to process): 159M, peak: 159M
current process commit charge ("private bytes"): 240M, peak: 266M

vm_info: Java HotSpot(TM) 64-Bit Server VM (14+36-1461) for windows-amd64 JRE (14+36-1461), built on Feb  6 2020 19:08:04 by "mach5one" with MS VC++ 15.9 (VS2017)

END.
